[0.688s] Invoking command in '/home/jr-machine/ros2_ws_battery/src/battery_monitor': PYTHONPATH=/home/jr-machine/ros2_ws_battery/build/battery_monitor/prefix_override:/usr/lib/python3/dist-packages/colcon_core/task/python/colcon_distutils_commands:/home/jr-machine/ros2_ws_battery/install/battery_monitor/lib/python3.10/site-packages:${PYTHONPATH} /usr/bin/python3 -W ignore:setup.py install is deprecated -W ignore:easy_install command is deprecated setup.py egg_info --egg-base ../../build/battery_monitor build --build-base /home/jr-machine/ros2_ws_battery/build/battery_monitor/build install --record /home/jr-machine/ros2_ws_battery/build/battery_monitor/install.log --single-version-externally-managed install_data
[0.893s] running egg_info
[0.893s] writing ../../build/battery_monitor/battery_monitor.egg-info/PKG-INFO
[0.903s] writing dependency_links to ../../build/battery_monitor/battery_monitor.egg-info/dependency_links.txt
[0.904s] writing entry points to ../../build/battery_monitor/battery_monitor.egg-info/entry_points.txt
[0.904s] writing requirements to ../../build/battery_monitor/battery_monitor.egg-info/requires.txt
[0.904s] writing top-level names to ../../build/battery_monitor/battery_monitor.egg-info/top_level.txt
[0.905s] reading manifest file '../../build/battery_monitor/battery_monitor.egg-info/SOURCES.txt'
[0.906s] writing manifest file '../../build/battery_monitor/battery_monitor.egg-info/SOURCES.txt'
[0.906s] running build
[0.906s] running build_py
[0.907s] running install
[0.907s] running install_lib
[0.909s] running install_data
[0.909s] running install_egg_info
[0.911s] removing '/home/jr-machine/ros2_ws_battery/install/battery_monitor/lib/python3.10/site-packages/battery_monitor-0.0.0-py3.10.egg-info' (and everything under it)
[0.911s] Copying ../../build/battery_monitor/battery_monitor.egg-info to /home/jr-machine/ros2_ws_battery/install/battery_monitor/lib/python3.10/site-packages/battery_monitor-0.0.0-py3.10.egg-info
[0.912s] running install_scripts
[0.931s] Installing battery_publisher script to /home/jr-machine/ros2_ws_battery/install/battery_monitor/lib/battery_monitor
[0.931s] Installing battery_subscriber script to /home/jr-machine/ros2_ws_battery/install/battery_monitor/lib/battery_monitor
[0.931s] writing list of installed files to '/home/jr-machine/ros2_ws_battery/build/battery_monitor/install.log'
[0.954s] Invoked command in '/home/jr-machine/ros2_ws_battery/src/battery_monitor' returned '0': PYTHONPATH=/home/jr-machine/ros2_ws_battery/build/battery_monitor/prefix_override:/usr/lib/python3/dist-packages/colcon_core/task/python/colcon_distutils_commands:/home/jr-machine/ros2_ws_battery/install/battery_monitor/lib/python3.10/site-packages:${PYTHONPATH} /usr/bin/python3 -W ignore:setup.py install is deprecated -W ignore:easy_install command is deprecated setup.py egg_info --egg-base ../../build/battery_monitor build --build-base /home/jr-machine/ros2_ws_battery/build/battery_monitor/build install --record /home/jr-machine/ros2_ws_battery/build/battery_monitor/install.log --single-version-externally-managed install_data
