[0.406s] Invoking command in '/home/jr/ros2_ws_battery/src/battery_monitor': CONDA_PROMPT_MODIFIER=(base) PYTHONPATH=/home/jr/ros2_ws_battery/build/battery_monitor/prefix_override:/usr/lib/python3/dist-packages/colcon_core/task/python/colcon_distutils_commands:/home/jr/ros2_ws_battery/install/battery_monitor/lib/python3.10/site-packages:${PYTHONPATH} /usr/bin/python3 -W ignore:setup.py install is deprecated -W ignore:easy_install command is deprecated setup.py egg_info --egg-base ../../build/battery_monitor build --build-base /home/jr/ros2_ws_battery/build/battery_monitor/build install --record /home/jr/ros2_ws_battery/build/battery_monitor/install.log --single-version-externally-managed install_data
[0.570s] running egg_info
[0.571s] writing ../../build/battery_monitor/battery_monitor.egg-info/PKG-INFO
[0.571s] writing dependency_links to ../../build/battery_monitor/battery_monitor.egg-info/dependency_links.txt
[0.571s] writing entry points to ../../build/battery_monitor/battery_monitor.egg-info/entry_points.txt
[0.571s] writing requirements to ../../build/battery_monitor/battery_monitor.egg-info/requires.txt
[0.571s] writing top-level names to ../../build/battery_monitor/battery_monitor.egg-info/top_level.txt
[0.573s] reading manifest file '../../build/battery_monitor/battery_monitor.egg-info/SOURCES.txt'
[0.573s] writing manifest file '../../build/battery_monitor/battery_monitor.egg-info/SOURCES.txt'
[0.573s] running build
[0.573s] running build_py
[0.573s] running install
[0.574s] running install_lib
[0.574s] running install_data
[0.574s] running install_egg_info
[0.576s] removing '/home/jr/ros2_ws_battery/install/battery_monitor/lib/python3.10/site-packages/battery_monitor-0.0.0-py3.10.egg-info' (and everything under it)
[0.576s] Copying ../../build/battery_monitor/battery_monitor.egg-info to /home/jr/ros2_ws_battery/install/battery_monitor/lib/python3.10/site-packages/battery_monitor-0.0.0-py3.10.egg-info
[0.577s] running install_scripts
[0.591s] Installing battery_publisher script to /home/jr/ros2_ws_battery/install/battery_monitor/lib/battery_monitor
[0.591s] Installing battery_subscriber script to /home/jr/ros2_ws_battery/install/battery_monitor/lib/battery_monitor
[0.591s] writing list of installed files to '/home/jr/ros2_ws_battery/build/battery_monitor/install.log'
[0.603s] Invoked command in '/home/jr/ros2_ws_battery/src/battery_monitor' returned '0': CONDA_PROMPT_MODIFIER=(base) PYTHONPATH=/home/jr/ros2_ws_battery/build/battery_monitor/prefix_override:/usr/lib/python3/dist-packages/colcon_core/task/python/colcon_distutils_commands:/home/jr/ros2_ws_battery/install/battery_monitor/lib/python3.10/site-packages:${PYTHONPATH} /usr/bin/python3 -W ignore:setup.py install is deprecated -W ignore:easy_install command is deprecated setup.py egg_info --egg-base ../../build/battery_monitor build --build-base /home/jr/ros2_ws_battery/build/battery_monitor/build install --record /home/jr/ros2_ws_battery/build/battery_monitor/install.log --single-version-externally-managed install_data
