[0.427s] DEBUG:colcon:Command line arguments: ['/usr/bin/colcon', 'build']
[0.427s] DEBUG:colcon:Parsed command line arguments: Namespace(log_base=None, log_level=None, verb_name='build', build_base='build', install_base='install', merge_install=False, symlink_install=False, test_result_base=None, continue_on_error=False, executor='parallel', parallel_workers=8, event_handlers=None, ignore_user_meta=False, metas=['./colcon.meta'], base_paths=['.'], packages_ignore=None, packages_ignore_regex=None, paths=None, packages_up_to=None, packages_up_to_regex=None, packages_above=None, packages_above_and_dependencies=None, packages_above_depth=None, packages_select_by_dep=None, packages_skip_by_dep=None, packages_skip_up_to=None, packages_select_build_failed=False, packages_skip_build_finished=False, packages_select_test_failures=False, packages_skip_test_passed=False, packages_select=None, packages_skip=None, packages_select_regex=None, packages_skip_regex=None, packages_start=None, packages_end=None, allow_overriding=[], cmake_args=None, cmake_target=None, cmake_target_skip_unavailable=False, cmake_clean_cache=False, cmake_clean_first=False, cmake_force_configure=False, ament_cmake_args=None, catkin_cmake_args=None, catkin_skip_building_tests=False, mixin_files=None, mixin=None, verb_parser=<colcon_mixin.mixin.mixin_argument.MixinArgumentDecorator object at 0x7947cbcce080>, verb_extension=<colcon_core.verb.build.BuildVerb object at 0x7947cbccdbd0>, main=<bound method BuildVerb.main of <colcon_core.verb.build.BuildVerb object at 0x7947cbccdbd0>>, mixin_verb=('build',))
[0.845s] Level 1:colcon.colcon_core.package_discovery:discover_packages(colcon_meta) check parameters
[0.845s] Level 1:colcon.colcon_core.package_discovery:discover_packages(recursive) check parameters
[0.845s] Level 1:colcon.colcon_core.package_discovery:discover_packages(ignore) check parameters
[0.845s] Level 1:colcon.colcon_core.package_discovery:discover_packages(path) check parameters
[0.845s] Level 1:colcon.colcon_core.package_discovery:discover_packages(colcon_meta) discover
[0.845s] Level 1:colcon.colcon_core.package_discovery:discover_packages(recursive) discover
[0.845s] INFO:colcon.colcon_core.package_discovery:Crawling recursively for packages in '/home/jr-machine/ros2_ws_battery'
[0.845s] Level 1:colcon.colcon_core.package_identification:_identify(.) by extensions ['ignore', 'ignore_ament_install']
[0.845s] Level 1:colcon.colcon_core.package_identification:_identify(.) by extension 'ignore'
[0.846s] Level 1:colcon.colcon_core.package_identification:_identify(.) by extension 'ignore_ament_install'
[0.846s] Level 1:colcon.colcon_core.package_identification:_identify(.) by extensions ['colcon_pkg']
[0.846s] Level 1:colcon.colcon_core.package_identification:_identify(.) by extension 'colcon_pkg'
[0.846s] Level 1:colcon.colcon_core.package_identification:_identify(.) by extensions ['colcon_meta']
[0.846s] Level 1:colcon.colcon_core.package_identification:_identify(.) by extension 'colcon_meta'
[0.846s] Level 1:colcon.colcon_core.package_identification:_identify(.) by extensions ['ros']
[0.846s] Level 1:colcon.colcon_core.package_identification:_identify(.) by extension 'ros'
[0.858s] Level 1:colcon.colcon_core.package_identification:_identify(.) by extensions ['cmake', 'python']
[0.859s] Level 1:colcon.colcon_core.package_identification:_identify(.) by extension 'cmake'
[0.859s] Level 1:colcon.colcon_core.package_identification:_identify(.) by extension 'python'
[0.859s] Level 1:colcon.colcon_core.package_identification:_identify(.) by extensions ['python_setup_py']
[0.859s] Level 1:colcon.colcon_core.package_identification:_identify(.) by extension 'python_setup_py'
[0.859s] Level 1:colcon.colcon_core.package_identification:_identify(build) by extensions ['ignore', 'ignore_ament_install']
[0.859s] Level 1:colcon.colcon_core.package_identification:_identify(build) by extension 'ignore'
[0.859s] Level 1:colcon.colcon_core.package_identification:_identify(build) ignored
[0.859s] Level 1:colcon.colcon_core.package_identification:_identify(install) by extensions ['ignore', 'ignore_ament_install']
[0.859s] Level 1:colcon.colcon_core.package_identification:_identify(install) by extension 'ignore'
[0.859s] Level 1:colcon.colcon_core.package_identification:_identify(install) ignored
[0.859s] Level 1:colcon.colcon_core.package_identification:_identify(log) by extensions ['ignore', 'ignore_ament_install']
[0.859s] Level 1:colcon.colcon_core.package_identification:_identify(log) by extension 'ignore'
[0.859s] Level 1:colcon.colcon_core.package_identification:_identify(log) ignored
[0.859s] Level 1:colcon.colcon_core.package_identification:_identify(src) by extensions ['ignore', 'ignore_ament_install']
[0.860s] Level 1:colcon.colcon_core.package_identification:_identify(src) by extension 'ignore'
[0.860s] Level 1:colcon.colcon_core.package_identification:_identify(src) by extension 'ignore_ament_install'
[0.860s] Level 1:colcon.colcon_core.package_identification:_identify(src) by extensions ['colcon_pkg']
[0.860s] Level 1:colcon.colcon_core.package_identification:_identify(src) by extension 'colcon_pkg'
[0.860s] Level 1:colcon.colcon_core.package_identification:_identify(src) by extensions ['colcon_meta']
[0.860s] Level 1:colcon.colcon_core.package_identification:_identify(src) by extension 'colcon_meta'
[0.860s] Level 1:colcon.colcon_core.package_identification:_identify(src) by extensions ['ros']
[0.860s] Level 1:colcon.colcon_core.package_identification:_identify(src) by extension 'ros'
[0.860s] Level 1:colcon.colcon_core.package_identification:_identify(src) by extensions ['cmake', 'python']
[0.860s] Level 1:colcon.colcon_core.package_identification:_identify(src) by extension 'cmake'
[0.860s] Level 1:colcon.colcon_core.package_identification:_identify(src) by extension 'python'
[0.860s] Level 1:colcon.colcon_core.package_identification:_identify(src) by extensions ['python_setup_py']
[0.860s] Level 1:colcon.colcon_core.package_identification:_identify(src) by extension 'python_setup_py'
[0.860s] Level 1:colcon.colcon_core.package_identification:_identify(src/battery_monitor) by extensions ['ignore', 'ignore_ament_install']
[0.860s] Level 1:colcon.colcon_core.package_identification:_identify(src/battery_monitor) by extension 'ignore'
[0.860s] Level 1:colcon.colcon_core.package_identification:_identify(src/battery_monitor) by extension 'ignore_ament_install'
[0.860s] Level 1:colcon.colcon_core.package_identification:_identify(src/battery_monitor) by extensions ['colcon_pkg']
[0.860s] Level 1:colcon.colcon_core.package_identification:_identify(src/battery_monitor) by extension 'colcon_pkg'
[0.860s] Level 1:colcon.colcon_core.package_identification:_identify(src/battery_monitor) by extensions ['colcon_meta']
[0.860s] Level 1:colcon.colcon_core.package_identification:_identify(src/battery_monitor) by extension 'colcon_meta'
[0.860s] Level 1:colcon.colcon_core.package_identification:_identify(src/battery_monitor) by extensions ['ros']
[0.860s] Level 1:colcon.colcon_core.package_identification:_identify(src/battery_monitor) by extension 'ros'
[0.864s] DEBUG:colcon.colcon_core.package_identification:Package 'src/battery_monitor' with type 'ros.ament_python' and name 'battery_monitor'
[0.864s] Level 1:colcon.colcon_core.package_identification:_identify(src/build) by extensions ['ignore', 'ignore_ament_install']
[0.864s] Level 1:colcon.colcon_core.package_identification:_identify(src/build) by extension 'ignore'
[0.864s] Level 1:colcon.colcon_core.package_identification:_identify(src/build) ignored
[0.864s] Level 1:colcon.colcon_core.package_identification:_identify(src/install) by extensions ['ignore', 'ignore_ament_install']
[0.864s] Level 1:colcon.colcon_core.package_identification:_identify(src/install) by extension 'ignore'
[0.864s] Level 1:colcon.colcon_core.package_identification:_identify(src/install) ignored
[0.864s] Level 1:colcon.colcon_core.package_identification:_identify(src/log) by extensions ['ignore', 'ignore_ament_install']
[0.865s] Level 1:colcon.colcon_core.package_identification:_identify(src/log) by extension 'ignore'
[0.865s] Level 1:colcon.colcon_core.package_identification:_identify(src/log) ignored
[0.865s] Level 1:colcon.colcon_core.package_discovery:discover_packages(recursive) using defaults
[0.865s] Level 1:colcon.colcon_core.package_discovery:discover_packages(ignore) discover
[0.865s] Level 1:colcon.colcon_core.package_discovery:discover_packages(ignore) using defaults
[0.865s] Level 1:colcon.colcon_core.package_discovery:discover_packages(path) discover
[0.865s] Level 1:colcon.colcon_core.package_discovery:discover_packages(path) using defaults
[0.926s] Level 1:colcon.colcon_core.package_discovery:discover_packages(prefix_path) check parameters
[0.926s] Level 1:colcon.colcon_core.package_discovery:discover_packages(prefix_path) discover
[0.934s] DEBUG:colcon.colcon_installed_package_information.package_discovery:Found 1 installed packages in /home/jr-machine/ros2_ws_nodes/install
[0.935s] DEBUG:colcon.colcon_installed_package_information.package_discovery:Found 1 installed packages in /home/jr-machine/ros2_ws/install
[0.937s] DEBUG:colcon.colcon_installed_package_information.package_discovery:Found 271 installed packages in /opt/ros/humble
[0.938s] Level 1:colcon.colcon_core.package_discovery:discover_packages(prefix_path) using defaults
[0.978s] Level 5:colcon.colcon_core.verb:set package 'battery_monitor' build argument 'cmake_args' from command line to 'None'
[0.978s] Level 5:colcon.colcon_core.verb:set package 'battery_monitor' build argument 'cmake_target' from command line to 'None'
[0.978s] Level 5:colcon.colcon_core.verb:set package 'battery_monitor' build argument 'cmake_target_skip_unavailable' from command line to 'False'
[0.978s] Level 5:colcon.colcon_core.verb:set package 'battery_monitor' build argument 'cmake_clean_cache' from command line to 'False'
[0.978s] Level 5:colcon.colcon_core.verb:set package 'battery_monitor' build argument 'cmake_clean_first' from command line to 'False'
[0.978s] Level 5:colcon.colcon_core.verb:set package 'battery_monitor' build argument 'cmake_force_configure' from command line to 'False'
[0.978s] Level 5:colcon.colcon_core.verb:set package 'battery_monitor' build argument 'ament_cmake_args' from command line to 'None'
[0.978s] Level 5:colcon.colcon_core.verb:set package 'battery_monitor' build argument 'catkin_cmake_args' from command line to 'None'
[0.978s] Level 5:colcon.colcon_core.verb:set package 'battery_monitor' build argument 'catkin_skip_building_tests' from command line to 'False'
[0.978s] DEBUG:colcon.colcon_core.verb:Building package 'battery_monitor' with the following arguments: {'ament_cmake_args': None, 'build_base': '/home/jr-machine/ros2_ws_battery/build/battery_monitor', 'catkin_cmake_args': None, 'catkin_skip_building_tests': False, 'cmake_args': None, 'cmake_clean_cache': False, 'cmake_clean_first': False, 'cmake_force_configure': False, 'cmake_target': None, 'cmake_target_skip_unavailable': False, 'install_base': '/home/jr-machine/ros2_ws_battery/install/battery_monitor', 'merge_install': False, 'path': '/home/jr-machine/ros2_ws_battery/src/battery_monitor', 'symlink_install': False, 'test_result_base': None}
[0.978s] INFO:colcon.colcon_core.executor:Executing jobs using 'parallel' executor
[0.979s] DEBUG:colcon.colcon_parallel_executor.executor.parallel:run_until_complete
[0.979s] INFO:colcon.colcon_ros.task.ament_python.build:Building ROS package in '/home/jr-machine/ros2_ws_battery/src/battery_monitor' with build type 'ament_python'
[0.979s] Level 1:colcon.colcon_core.shell:create_environment_hook('battery_monitor', 'ament_prefix_path')
[0.986s] INFO:colcon.colcon_core.plugin_system:Skipping extension 'colcon_core.shell.bat': Not used on non-Windows systems
[0.986s] INFO:colcon.colcon_core.shell:Creating environment hook '/home/jr-machine/ros2_ws_battery/install/battery_monitor/share/battery_monitor/hook/ament_prefix_path.ps1'
[0.988s] INFO:colcon.colcon_core.shell:Creating environment descriptor '/home/jr-machine/ros2_ws_battery/install/battery_monitor/share/battery_monitor/hook/ament_prefix_path.dsv'
[0.990s] INFO:colcon.colcon_core.shell:Creating environment hook '/home/jr-machine/ros2_ws_battery/install/battery_monitor/share/battery_monitor/hook/ament_prefix_path.sh'
[0.991s] INFO:colcon.colcon_core.shell:Skip shell extension 'powershell' for command environment: Not usable outside of PowerShell
[0.991s] DEBUG:colcon.colcon_core.shell:Skip shell extension 'dsv' for command environment
[1.246s] INFO:colcon.colcon_core.task.python.build:Building Python package in '/home/jr-machine/ros2_ws_battery/src/battery_monitor'
[1.246s] INFO:colcon.colcon_core.shell:Skip shell extension 'powershell' for command environment: Not usable outside of PowerShell
[1.246s] DEBUG:colcon.colcon_core.shell:Skip shell extension 'dsv' for command environment
[1.667s] DEBUG:colcon.colcon_core.event_handler.log_command:Invoking command in '/home/jr-machine/ros2_ws_battery/src/battery_monitor': PYTHONPATH=/home/jr-machine/ros2_ws_battery/build/battery_monitor/prefix_override:/usr/lib/python3/dist-packages/colcon_core/task/python/colcon_distutils_commands:/home/jr-machine/ros2_ws_battery/install/battery_monitor/lib/python3.10/site-packages:${PYTHONPATH} /usr/bin/python3 -W ignore:setup.py install is deprecated -W ignore:easy_install command is deprecated setup.py egg_info --egg-base ../../build/battery_monitor build --build-base /home/jr-machine/ros2_ws_battery/build/battery_monitor/build install --record /home/jr-machine/ros2_ws_battery/build/battery_monitor/install.log --single-version-externally-managed install_data
[1.933s] DEBUG:colcon.colcon_core.event_handler.log_command:Invoked command in '/home/jr-machine/ros2_ws_battery/src/battery_monitor' returned '0': PYTHONPATH=/home/jr-machine/ros2_ws_battery/build/battery_monitor/prefix_override:/usr/lib/python3/dist-packages/colcon_core/task/python/colcon_distutils_commands:/home/jr-machine/ros2_ws_battery/install/battery_monitor/lib/python3.10/site-packages:${PYTHONPATH} /usr/bin/python3 -W ignore:setup.py install is deprecated -W ignore:easy_install command is deprecated setup.py egg_info --egg-base ../../build/battery_monitor build --build-base /home/jr-machine/ros2_ws_battery/build/battery_monitor/build install --record /home/jr-machine/ros2_ws_battery/build/battery_monitor/install.log --single-version-externally-managed install_data
[1.943s] Level 1:colcon.colcon_core.environment:checking '/home/jr-machine/ros2_ws_battery/install/battery_monitor' for CMake module files
[1.945s] Level 1:colcon.colcon_core.environment:checking '/home/jr-machine/ros2_ws_battery/install/battery_monitor' for CMake config files
[1.947s] Level 1:colcon.colcon_core.environment:checking '/home/jr-machine/ros2_ws_battery/install/battery_monitor/lib'
[1.947s] Level 1:colcon.colcon_core.environment:checking '/home/jr-machine/ros2_ws_battery/install/battery_monitor/bin'
[1.947s] Level 1:colcon.colcon_core.environment:checking '/home/jr-machine/ros2_ws_battery/install/battery_monitor/lib/pkgconfig/battery_monitor.pc'
[1.947s] Level 1:colcon.colcon_core.environment:checking '/home/jr-machine/ros2_ws_battery/install/battery_monitor/lib/python3.10/site-packages'
[1.947s] Level 1:colcon.colcon_core.shell:create_environment_hook('battery_monitor', 'pythonpath')
[1.948s] INFO:colcon.colcon_core.shell:Creating environment hook '/home/jr-machine/ros2_ws_battery/install/battery_monitor/share/battery_monitor/hook/pythonpath.ps1'
[1.948s] INFO:colcon.colcon_core.shell:Creating environment descriptor '/home/jr-machine/ros2_ws_battery/install/battery_monitor/share/battery_monitor/hook/pythonpath.dsv'
[1.948s] INFO:colcon.colcon_core.shell:Creating environment hook '/home/jr-machine/ros2_ws_battery/install/battery_monitor/share/battery_monitor/hook/pythonpath.sh'
[1.949s] Level 1:colcon.colcon_core.environment:checking '/home/jr-machine/ros2_ws_battery/install/battery_monitor/bin'
[1.949s] Level 1:colcon.colcon_core.environment:create_environment_scripts_only(battery_monitor)
[1.949s] INFO:colcon.colcon_core.shell:Creating package script '/home/jr-machine/ros2_ws_battery/install/battery_monitor/share/battery_monitor/package.ps1'
[1.950s] INFO:colcon.colcon_core.shell:Creating package descriptor '/home/jr-machine/ros2_ws_battery/install/battery_monitor/share/battery_monitor/package.dsv'
[1.951s] INFO:colcon.colcon_core.shell:Creating package script '/home/jr-machine/ros2_ws_battery/install/battery_monitor/share/battery_monitor/package.sh'
[1.952s] INFO:colcon.colcon_core.shell:Creating package script '/home/jr-machine/ros2_ws_battery/install/battery_monitor/share/battery_monitor/package.bash'
[1.954s] INFO:colcon.colcon_core.shell:Creating package script '/home/jr-machine/ros2_ws_battery/install/battery_monitor/share/battery_monitor/package.zsh'
[1.955s] Level 1:colcon.colcon_core.environment:create_file_with_runtime_dependencies(/home/jr-machine/ros2_ws_battery/install/battery_monitor/share/colcon-core/packages/battery_monitor)
[1.955s] DEBUG:colcon.colcon_parallel_executor.executor.parallel:closing loop
[1.956s] DEBUG:colcon.colcon_parallel_executor.executor.parallel:loop closed
[1.956s] DEBUG:colcon.colcon_parallel_executor.executor.parallel:run_until_complete finished with '0'
[1.956s] DEBUG:colcon.colcon_core.event_reactor:joining thread
[1.962s] INFO:colcon.colcon_core.plugin_system:Skipping extension 'colcon_notification.desktop_notification.terminal_notifier': Not used on non-Darwin systems
[1.962s] INFO:colcon.colcon_core.plugin_system:Skipping extension 'colcon_notification.desktop_notification.win32': Not used on non-Windows systems
[1.962s] INFO:colcon.colcon_notification.desktop_notification:Sending desktop notification using 'notify2'
[1.975s] DEBUG:colcon.colcon_core.event_reactor:joined thread
[1.975s] INFO:colcon.colcon_core.shell:Creating prefix script '/home/jr-machine/ros2_ws_battery/install/local_setup.ps1'
[1.977s] INFO:colcon.colcon_core.shell:Creating prefix util module '/home/jr-machine/ros2_ws_battery/install/_local_setup_util_ps1.py'
[1.979s] INFO:colcon.colcon_core.shell:Creating prefix chain script '/home/jr-machine/ros2_ws_battery/install/setup.ps1'
[1.980s] INFO:colcon.colcon_core.shell:Creating prefix script '/home/jr-machine/ros2_ws_battery/install/local_setup.sh'
[1.981s] INFO:colcon.colcon_core.shell:Creating prefix util module '/home/jr-machine/ros2_ws_battery/install/_local_setup_util_sh.py'
[1.981s] INFO:colcon.colcon_core.shell:Creating prefix chain script '/home/jr-machine/ros2_ws_battery/install/setup.sh'
[1.983s] INFO:colcon.colcon_core.shell:Creating prefix script '/home/jr-machine/ros2_ws_battery/install/local_setup.bash'
[1.984s] INFO:colcon.colcon_core.shell:Creating prefix chain script '/home/jr-machine/ros2_ws_battery/install/setup.bash'
[1.985s] INFO:colcon.colcon_core.shell:Creating prefix script '/home/jr-machine/ros2_ws_battery/install/local_setup.zsh'
[1.986s] INFO:colcon.colcon_core.shell:Creating prefix chain script '/home/jr-machine/ros2_ws_battery/install/setup.zsh'
