running egg_info
creating ../build/battery_monitor/battery_monitor.egg-info
writing ../build/battery_monitor/battery_monitor.egg-info/PKG-INFO
writing dependency_links to ../build/battery_monitor/battery_monitor.egg-info/dependency_links.txt
writing entry points to ../build/battery_monitor/battery_monitor.egg-info/entry_points.txt
writing requirements to ../build/battery_monitor/battery_monitor.egg-info/requires.txt
writing top-level names to ../build/battery_monitor/battery_monitor.egg-info/top_level.txt
writing manifest file '../build/battery_monitor/battery_monitor.egg-info/SOURCES.txt'
reading manifest file '../build/battery_monitor/battery_monitor.egg-info/SOURCES.txt'
writing manifest file '../build/battery_monitor/battery_monitor.egg-info/SOURCES.txt'
running build
running build_py
creating /home/jr/ros2_ws_battery/src/build/battery_monitor/build
creating /home/jr/ros2_ws_battery/src/build/battery_monitor/build/lib
creating /home/jr/ros2_ws_battery/src/build/battery_monitor/build/lib/battery_monitor
copying battery_monitor/battery_publisher.py -> /home/jr/ros2_ws_battery/src/build/battery_monitor/build/lib/battery_monitor
copying battery_monitor/__init__.py -> /home/jr/ros2_ws_battery/src/build/battery_monitor/build/lib/battery_monitor
running install
running install_lib
creating /home/jr/ros2_ws_battery/src/install/battery_monitor/lib/python3.10/site-packages/battery_monitor
copying /home/jr/ros2_ws_battery/src/build/battery_monitor/build/lib/battery_monitor/battery_publisher.py -> /home/jr/ros2_ws_battery/src/install/battery_monitor/lib/python3.10/site-packages/battery_monitor
copying /home/jr/ros2_ws_battery/src/build/battery_monitor/build/lib/battery_monitor/__init__.py -> /home/jr/ros2_ws_battery/src/install/battery_monitor/lib/python3.10/site-packages/battery_monitor
byte-compiling /home/jr/ros2_ws_battery/src/install/battery_monitor/lib/python3.10/site-packages/battery_monitor/battery_publisher.py to battery_publisher.cpython-310.pyc
byte-compiling /home/jr/ros2_ws_battery/src/install/battery_monitor/lib/python3.10/site-packages/battery_monitor/__init__.py to __init__.cpython-310.pyc
running install_data
creating /home/jr/ros2_ws_battery/src/install/battery_monitor/share/ament_index
creating /home/jr/ros2_ws_battery/src/install/battery_monitor/share/ament_index/resource_index
creating /home/jr/ros2_ws_battery/src/install/battery_monitor/share/ament_index/resource_index/packages
copying resource/battery_monitor -> /home/jr/ros2_ws_battery/src/install/battery_monitor/share/ament_index/resource_index/packages
copying package.xml -> /home/jr/ros2_ws_battery/src/install/battery_monitor/share/battery_monitor
running install_egg_info
Copying ../build/battery_monitor/battery_monitor.egg-info to /home/jr/ros2_ws_battery/src/install/battery_monitor/lib/python3.10/site-packages/battery_monitor-0.0.0-py3.10.egg-info
running install_scripts
Installing battery_publisher script to /home/jr/ros2_ws_battery/src/install/battery_monitor/lib/battery_monitor
writing list of installed files to '/home/jr/ros2_ws_battery/src/build/battery_monitor/install.log'
