[0.440s] Invoking command in '/home/jr/ros2_ws_battery/src/battery_monitor': CONDA_PROMPT_MODIFIER=(base) PYTHONPATH=/home/jr/ros2_ws_battery/src/build/battery_monitor/prefix_override:/usr/lib/python3/dist-packages/colcon_core/task/python/colcon_distutils_commands:/home/jr/ros2_ws_battery/src/install/battery_monitor/lib/python3.10/site-packages:${PYTHONPATH} /usr/bin/python3 -W ignore:setup.py install is deprecated -W ignore:easy_install command is deprecated setup.py egg_info --egg-base ../build/battery_monitor build --build-base /home/jr/ros2_ws_battery/src/build/battery_monitor/build install --record /home/jr/ros2_ws_battery/src/build/battery_monitor/install.log --single-version-externally-managed install_data
[0.604s] running egg_info
[0.605s] creating ../build/battery_monitor/battery_monitor.egg-info
[0.605s] writing ../build/battery_monitor/battery_monitor.egg-info/PKG-INFO
[0.605s] writing dependency_links to ../build/battery_monitor/battery_monitor.egg-info/dependency_links.txt
[0.605s] writing entry points to ../build/battery_monitor/battery_monitor.egg-info/entry_points.txt
[0.605s] writing requirements to ../build/battery_monitor/battery_monitor.egg-info/requires.txt
[0.605s] writing top-level names to ../build/battery_monitor/battery_monitor.egg-info/top_level.txt
[0.605s] writing manifest file '../build/battery_monitor/battery_monitor.egg-info/SOURCES.txt'
[0.606s] reading manifest file '../build/battery_monitor/battery_monitor.egg-info/SOURCES.txt'
[0.607s] writing manifest file '../build/battery_monitor/battery_monitor.egg-info/SOURCES.txt'
[0.607s] running build
[0.607s] running build_py
[0.607s] creating /home/jr/ros2_ws_battery/src/build/battery_monitor/build
[0.607s] creating /home/jr/ros2_ws_battery/src/build/battery_monitor/build/lib
[0.607s] creating /home/jr/ros2_ws_battery/src/build/battery_monitor/build/lib/battery_monitor
[0.607s] copying battery_monitor/battery_publisher.py -> /home/jr/ros2_ws_battery/src/build/battery_monitor/build/lib/battery_monitor
[0.607s] copying battery_monitor/__init__.py -> /home/jr/ros2_ws_battery/src/build/battery_monitor/build/lib/battery_monitor
[0.607s] running install
[0.607s] running install_lib
[0.608s] creating /home/jr/ros2_ws_battery/src/install/battery_monitor/lib/python3.10/site-packages/battery_monitor
[0.608s] copying /home/jr/ros2_ws_battery/src/build/battery_monitor/build/lib/battery_monitor/battery_publisher.py -> /home/jr/ros2_ws_battery/src/install/battery_monitor/lib/python3.10/site-packages/battery_monitor
[0.608s] copying /home/jr/ros2_ws_battery/src/build/battery_monitor/build/lib/battery_monitor/__init__.py -> /home/jr/ros2_ws_battery/src/install/battery_monitor/lib/python3.10/site-packages/battery_monitor
[0.608s] byte-compiling /home/jr/ros2_ws_battery/src/install/battery_monitor/lib/python3.10/site-packages/battery_monitor/battery_publisher.py to battery_publisher.cpython-310.pyc
[0.609s] byte-compiling /home/jr/ros2_ws_battery/src/install/battery_monitor/lib/python3.10/site-packages/battery_monitor/__init__.py to __init__.cpython-310.pyc
[0.609s] running install_data
[0.609s] creating /home/jr/ros2_ws_battery/src/install/battery_monitor/share/ament_index
[0.609s] creating /home/jr/ros2_ws_battery/src/install/battery_monitor/share/ament_index/resource_index
[0.609s] creating /home/jr/ros2_ws_battery/src/install/battery_monitor/share/ament_index/resource_index/packages
[0.609s] copying resource/battery_monitor -> /home/jr/ros2_ws_battery/src/install/battery_monitor/share/ament_index/resource_index/packages
[0.609s] copying package.xml -> /home/jr/ros2_ws_battery/src/install/battery_monitor/share/battery_monitor
[0.609s] running install_egg_info
[0.610s] Copying ../build/battery_monitor/battery_monitor.egg-info to /home/jr/ros2_ws_battery/src/install/battery_monitor/lib/python3.10/site-packages/battery_monitor-0.0.0-py3.10.egg-info
[0.611s] running install_scripts
[0.625s] Installing battery_publisher script to /home/jr/ros2_ws_battery/src/install/battery_monitor/lib/battery_monitor
[0.625s] writing list of installed files to '/home/jr/ros2_ws_battery/src/build/battery_monitor/install.log'
[0.637s] Invoked command in '/home/jr/ros2_ws_battery/src/battery_monitor' returned '0': CONDA_PROMPT_MODIFIER=(base) PYTHONPATH=/home/jr/ros2_ws_battery/src/build/battery_monitor/prefix_override:/usr/lib/python3/dist-packages/colcon_core/task/python/colcon_distutils_commands:/home/jr/ros2_ws_battery/src/install/battery_monitor/lib/python3.10/site-packages:${PYTHONPATH} /usr/bin/python3 -W ignore:setup.py install is deprecated -W ignore:easy_install command is deprecated setup.py egg_info --egg-base ../build/battery_monitor build --build-base /home/jr/ros2_ws_battery/src/build/battery_monitor/build install --record /home/jr/ros2_ws_battery/src/build/battery_monitor/install.log --single-version-externally-managed install_data
