[0.465s] Invoking command in '/home/jr/ros2_ws_battery/src/battery_monitor': CONDA_PROMPT_MODIFIER=(base) PYTHONPATH=/home/jr/ros2_ws_battery/build/battery_monitor/prefix_override:/usr/lib/python3/dist-packages/colcon_core/task/python/colcon_distutils_commands:/home/jr/ros2_ws_battery/install/battery_monitor/lib/python3.10/site-packages:${PYTHONPATH} /usr/bin/python3 -W ignore:setup.py install is deprecated -W ignore:easy_install command is deprecated setup.py egg_info --egg-base ../../build/battery_monitor build --build-base /home/jr/ros2_ws_battery/build/battery_monitor/build install --record /home/jr/ros2_ws_battery/build/battery_monitor/install.log --single-version-externally-managed install_data
[0.628s] running egg_info
[0.629s] creating ../../build/battery_monitor/battery_monitor.egg-info
[0.629s] writing ../../build/battery_monitor/battery_monitor.egg-info/PKG-INFO
[0.629s] writing dependency_links to ../../build/battery_monitor/battery_monitor.egg-info/dependency_links.txt
[0.629s] writing entry points to ../../build/battery_monitor/battery_monitor.egg-info/entry_points.txt
[0.629s] writing requirements to ../../build/battery_monitor/battery_monitor.egg-info/requires.txt
[0.629s] writing top-level names to ../../build/battery_monitor/battery_monitor.egg-info/top_level.txt
[0.629s] writing manifest file '../../build/battery_monitor/battery_monitor.egg-info/SOURCES.txt'
[0.630s] reading manifest file '../../build/battery_monitor/battery_monitor.egg-info/SOURCES.txt'
[0.631s] writing manifest file '../../build/battery_monitor/battery_monitor.egg-info/SOURCES.txt'
[0.631s] running build
[0.631s] running build_py
[0.631s] creating /home/jr/ros2_ws_battery/build/battery_monitor/build
[0.631s] creating /home/jr/ros2_ws_battery/build/battery_monitor/build/lib
[0.631s] creating /home/jr/ros2_ws_battery/build/battery_monitor/build/lib/battery_monitor
[0.631s] copying battery_monitor/__init__.py -> /home/jr/ros2_ws_battery/build/battery_monitor/build/lib/battery_monitor
[0.631s] running install
[0.631s] running install_lib
[0.632s] creating /home/jr/ros2_ws_battery/install/battery_monitor/lib/python3.10/site-packages/battery_monitor
[0.632s] copying /home/jr/ros2_ws_battery/build/battery_monitor/build/lib/battery_monitor/__init__.py -> /home/jr/ros2_ws_battery/install/battery_monitor/lib/python3.10/site-packages/battery_monitor
[0.632s] byte-compiling /home/jr/ros2_ws_battery/install/battery_monitor/lib/python3.10/site-packages/battery_monitor/__init__.py to __init__.cpython-310.pyc
[0.632s] running install_data
[0.632s] creating /home/jr/ros2_ws_battery/install/battery_monitor/share/ament_index
[0.632s] creating /home/jr/ros2_ws_battery/install/battery_monitor/share/ament_index/resource_index
[0.632s] creating /home/jr/ros2_ws_battery/install/battery_monitor/share/ament_index/resource_index/packages
[0.632s] copying resource/battery_monitor -> /home/jr/ros2_ws_battery/install/battery_monitor/share/ament_index/resource_index/packages
[0.632s] copying package.xml -> /home/jr/ros2_ws_battery/install/battery_monitor/share/battery_monitor
[0.633s] running install_egg_info
[0.634s] Copying ../../build/battery_monitor/battery_monitor.egg-info to /home/jr/ros2_ws_battery/install/battery_monitor/lib/python3.10/site-packages/battery_monitor-0.0.0-py3.10.egg-info
[0.634s] running install_scripts
[0.648s] writing list of installed files to '/home/jr/ros2_ws_battery/build/battery_monitor/install.log'
[0.660s] Invoked command in '/home/jr/ros2_ws_battery/src/battery_monitor' returned '0': CONDA_PROMPT_MODIFIER=(base) PYTHONPATH=/home/jr/ros2_ws_battery/build/battery_monitor/prefix_override:/usr/lib/python3/dist-packages/colcon_core/task/python/colcon_distutils_commands:/home/jr/ros2_ws_battery/install/battery_monitor/lib/python3.10/site-packages:${PYTHONPATH} /usr/bin/python3 -W ignore:setup.py install is deprecated -W ignore:easy_install command is deprecated setup.py egg_info --egg-base ../../build/battery_monitor build --build-base /home/jr/ros2_ws_battery/build/battery_monitor/build install --record /home/jr/ros2_ws_battery/build/battery_monitor/install.log --single-version-externally-managed install_data
