[0.011s] Invoking command in '/home/jr-machine/ros2_ws_battery/build/battery_msg': CMAKE_PREFIX_PATH=/home/jr-machine/ros2_ws_battery/install/battery_monitor:/home/jr-machine/ros2_ws/install/my_py_pkg:/home/jr-machine/ros2_ws_nodes/install/new_py_pkg:/opt/ros/humble /usr/bin/cmake --build /home/jr-machine/ros2_ws_battery/build/battery_msg -- -j8 -l8
[0.029s] -- Found ament_cmake: 1.3.11 (/opt/ros/humble/share/ament_cmake/cmake)
[0.142s] -- Found std_msgs: 4.8.0 (/opt/ros/humble/share/std_msgs/cmake)
[0.163s] -- Found rosidl_generator_c: 3.1.6 (/opt/ros/humble/share/rosidl_generator_c/cmake)
[0.165s] -- Found rosidl_adapter: 3.1.6 (/opt/ros/humble/share/rosidl_adapter/cmake)
[0.170s] -- Found rosidl_generator_cpp: 3.1.6 (/opt/ros/humble/share/rosidl_generator_cpp/cmake)
[0.178s] -- Using all available rosidl_typesupport_c: rosidl_typesupport_fastrtps_c;rosidl_typesupport_introspection_c
[0.189s] -- Using all available rosidl_typesupport_cpp: rosidl_typesupport_fastrtps_cpp;rosidl_typesupport_introspection_cpp
[0.208s] -- Found battery_msg: 0.0.1 (/home/jr-machine/ros2_ws_battery/install/battery_msg/share/battery_msg/cmake)
[0.219s] -- Found rosidl_default_generators: 1.2.0 (/opt/ros/humble/share/rosidl_default_generators/cmake)
[0.388s] [31mCMake Error at /opt/ros/humble/share/rosidl_cmake/cmake/rosidl_generate_interfaces.cmake:229 (message):
[0.388s]   Packages installing interfaces must include
[0.388s]   '<member_of_group>rosidl_interface_packages</member_of_group>' in their
[0.388s]   package.xml
[0.388s] Call Stack (most recent call first):
[0.388s]   CMakeLists.txt:15 (rosidl_generate_interfaces)
[0.388s] 
[0.388s] [0m
[0.388s] -- Configuring incomplete, errors occurred!
[0.388s] See also "/home/jr-machine/ros2_ws_battery/build/battery_msg/CMakeFiles/CMakeOutput.log".
[0.392s] gmake: *** [Makefile:747: cmake_check_build_system] Error 1
[0.394s] Invoked command in '/home/jr-machine/ros2_ws_battery/build/battery_msg' returned '2': CMAKE_PREFIX_PATH=/home/jr-machine/ros2_ws_battery/install/battery_monitor:/home/jr-machine/ros2_ws/install/my_py_pkg:/home/jr-machine/ros2_ws_nodes/install/new_py_pkg:/opt/ros/humble /usr/bin/cmake --build /home/jr-machine/ros2_ws_battery/build/battery_msg -- -j8 -l8
