[0.093s] DEBUG:colcon:Command line arguments: ['/usr/bin/colcon', 'build']
[0.094s] DEBUG:colcon:Parsed command line arguments: Namespace(log_base=None, log_level=None, verb_name='build', build_base='build', install_base='install', merge_install=False, symlink_install=False, test_result_base=None, continue_on_error=False, executor='parallel', parallel_workers=8, event_handlers=None, ignore_user_meta=False, metas=['./colcon.meta'], base_paths=['.'], packages_ignore=None, packages_ignore_regex=None, paths=None, packages_up_to=None, packages_up_to_regex=None, packages_above=None, packages_above_and_dependencies=None, packages_above_depth=None, packages_select_by_dep=None, packages_skip_by_dep=None, packages_skip_up_to=None, packages_select_build_failed=False, packages_skip_build_finished=False, packages_select_test_failures=False, packages_skip_test_passed=False, packages_select=None, packages_skip=None, packages_select_regex=None, packages_skip_regex=None, packages_start=None, packages_end=None, allow_overriding=[], cmake_args=None, cmake_target=None, cmake_target_skip_unavailable=False, cmake_clean_cache=False, cmake_clean_first=False, cmake_force_configure=False, ament_cmake_args=None, catkin_cmake_args=None, catkin_skip_building_tests=False, mixin_files=None, mixin=None, verb_parser=<colcon_mixin.mixin.mixin_argument.MixinArgumentDecorator object at 0x750722a1a080>, verb_extension=<colcon_core.verb.build.BuildVerb object at 0x750722a19bd0>, main=<bound method BuildVerb.main of <colcon_core.verb.build.BuildVerb object at 0x750722a19bd0>>, mixin_verb=('build',))
[0.236s] Level 1:colcon.colcon_core.package_discovery:discover_packages(colcon_meta) check parameters
[0.236s] Level 1:colcon.colcon_core.package_discovery:discover_packages(recursive) check parameters
[0.236s] Level 1:colcon.colcon_core.package_discovery:discover_packages(ignore) check parameters
[0.236s] Level 1:colcon.colcon_core.package_discovery:discover_packages(path) check parameters
[0.236s] Level 1:colcon.colcon_core.package_discovery:discover_packages(colcon_meta) discover
[0.236s] Level 1:colcon.colcon_core.package_discovery:discover_packages(recursive) discover
[0.236s] INFO:colcon.colcon_core.package_discovery:Crawling recursively for packages in '/home/jr-machine/ros2_ws_battery'
[0.236s] Level 1:colcon.colcon_core.package_identification:_identify(.) by extensions ['ignore', 'ignore_ament_install']
[0.236s] Level 1:colcon.colcon_core.package_identification:_identify(.) by extension 'ignore'
[0.236s] Level 1:colcon.colcon_core.package_identification:_identify(.) by extension 'ignore_ament_install'
[0.236s] Level 1:colcon.colcon_core.package_identification:_identify(.) by extensions ['colcon_pkg']
[0.236s] Level 1:colcon.colcon_core.package_identification:_identify(.) by extension 'colcon_pkg'
[0.236s] Level 1:colcon.colcon_core.package_identification:_identify(.) by extensions ['colcon_meta']
[0.236s] Level 1:colcon.colcon_core.package_identification:_identify(.) by extension 'colcon_meta'
[0.236s] Level 1:colcon.colcon_core.package_identification:_identify(.) by extensions ['ros']
[0.237s] Level 1:colcon.colcon_core.package_identification:_identify(.) by extension 'ros'
[0.246s] Level 1:colcon.colcon_core.package_identification:_identify(.) by extensions ['cmake', 'python']
[0.246s] Level 1:colcon.colcon_core.package_identification:_identify(.) by extension 'cmake'
[0.246s] Level 1:colcon.colcon_core.package_identification:_identify(.) by extension 'python'
[0.246s] Level 1:colcon.colcon_core.package_identification:_identify(.) by extensions ['python_setup_py']
[0.246s] Level 1:colcon.colcon_core.package_identification:_identify(.) by extension 'python_setup_py'
[0.246s] Level 1:colcon.colcon_core.package_identification:_identify(build) by extensions ['ignore', 'ignore_ament_install']
[0.246s] Level 1:colcon.colcon_core.package_identification:_identify(build) by extension 'ignore'
[0.246s] Level 1:colcon.colcon_core.package_identification:_identify(build) ignored
[0.246s] Level 1:colcon.colcon_core.package_identification:_identify(install) by extensions ['ignore', 'ignore_ament_install']
[0.246s] Level 1:colcon.colcon_core.package_identification:_identify(install) by extension 'ignore'
[0.246s] Level 1:colcon.colcon_core.package_identification:_identify(install) ignored
[0.246s] Level 1:colcon.colcon_core.package_identification:_identify(log) by extensions ['ignore', 'ignore_ament_install']
[0.246s] Level 1:colcon.colcon_core.package_identification:_identify(log) by extension 'ignore'
[0.247s] Level 1:colcon.colcon_core.package_identification:_identify(log) ignored
[0.247s] Level 1:colcon.colcon_core.package_identification:_identify(src) by extensions ['ignore', 'ignore_ament_install']
[0.247s] Level 1:colcon.colcon_core.package_identification:_identify(src) by extension 'ignore'
[0.247s] Level 1:colcon.colcon_core.package_identification:_identify(src) by extension 'ignore_ament_install'
[0.247s] Level 1:colcon.colcon_core.package_identification:_identify(src) by extensions ['colcon_pkg']
[0.247s] Level 1:colcon.colcon_core.package_identification:_identify(src) by extension 'colcon_pkg'
[0.247s] Level 1:colcon.colcon_core.package_identification:_identify(src) by extensions ['colcon_meta']
[0.247s] Level 1:colcon.colcon_core.package_identification:_identify(src) by extension 'colcon_meta'
[0.247s] Level 1:colcon.colcon_core.package_identification:_identify(src) by extensions ['ros']
[0.247s] Level 1:colcon.colcon_core.package_identification:_identify(src) by extension 'ros'
[0.247s] Level 1:colcon.colcon_core.package_identification:_identify(src) by extensions ['cmake', 'python']
[0.247s] Level 1:colcon.colcon_core.package_identification:_identify(src) by extension 'cmake'
[0.247s] Level 1:colcon.colcon_core.package_identification:_identify(src) by extension 'python'
[0.247s] Level 1:colcon.colcon_core.package_identification:_identify(src) by extensions ['python_setup_py']
[0.247s] Level 1:colcon.colcon_core.package_identification:_identify(src) by extension 'python_setup_py'
[0.247s] Level 1:colcon.colcon_core.package_identification:_identify(src/battery_monitor) by extensions ['ignore', 'ignore_ament_install']
[0.247s] Level 1:colcon.colcon_core.package_identification:_identify(src/battery_monitor) by extension 'ignore'
[0.247s] Level 1:colcon.colcon_core.package_identification:_identify(src/battery_monitor) by extension 'ignore_ament_install'
[0.247s] Level 1:colcon.colcon_core.package_identification:_identify(src/battery_monitor) by extensions ['colcon_pkg']
[0.247s] Level 1:colcon.colcon_core.package_identification:_identify(src/battery_monitor) by extension 'colcon_pkg'
[0.247s] Level 1:colcon.colcon_core.package_identification:_identify(src/battery_monitor) by extensions ['colcon_meta']
[0.248s] Level 1:colcon.colcon_core.package_identification:_identify(src/battery_monitor) by extension 'colcon_meta'
[0.248s] Level 1:colcon.colcon_core.package_identification:_identify(src/battery_monitor) by extensions ['ros']
[0.248s] Level 1:colcon.colcon_core.package_identification:_identify(src/battery_monitor) by extension 'ros'
[0.250s] DEBUG:colcon.colcon_core.package_identification:Package 'src/battery_monitor' with type 'ros.ament_python' and name 'battery_monitor'
[0.250s] Level 1:colcon.colcon_core.package_identification:_identify(src/battery_msg) by extensions ['ignore', 'ignore_ament_install']
[0.250s] Level 1:colcon.colcon_core.package_identification:_identify(src/battery_msg) by extension 'ignore'
[0.250s] Level 1:colcon.colcon_core.package_identification:_identify(src/battery_msg) by extension 'ignore_ament_install'
[0.250s] Level 1:colcon.colcon_core.package_identification:_identify(src/battery_msg) by extensions ['colcon_pkg']
[0.250s] Level 1:colcon.colcon_core.package_identification:_identify(src/battery_msg) by extension 'colcon_pkg'
[0.250s] Level 1:colcon.colcon_core.package_identification:_identify(src/battery_msg) by extensions ['colcon_meta']
[0.250s] Level 1:colcon.colcon_core.package_identification:_identify(src/battery_msg) by extension 'colcon_meta'
[0.250s] Level 1:colcon.colcon_core.package_identification:_identify(src/battery_msg) by extensions ['ros']
[0.250s] Level 1:colcon.colcon_core.package_identification:_identify(src/battery_msg) by extension 'ros'
[0.251s] DEBUG:colcon.colcon_core.package_identification:Package 'src/battery_msg' with type 'ros.ament_cmake' and name 'battery_msg'
[0.251s] Level 1:colcon.colcon_core.package_identification:_identify(src/build) by extensions ['ignore', 'ignore_ament_install']
[0.251s] Level 1:colcon.colcon_core.package_identification:_identify(src/build) by extension 'ignore'
[0.251s] Level 1:colcon.colcon_core.package_identification:_identify(src/build) ignored
[0.251s] Level 1:colcon.colcon_core.package_identification:_identify(src/install) by extensions ['ignore', 'ignore_ament_install']
[0.251s] Level 1:colcon.colcon_core.package_identification:_identify(src/install) by extension 'ignore'
[0.251s] Level 1:colcon.colcon_core.package_identification:_identify(src/install) ignored
[0.251s] Level 1:colcon.colcon_core.package_identification:_identify(src/log) by extensions ['ignore', 'ignore_ament_install']
[0.251s] Level 1:colcon.colcon_core.package_identification:_identify(src/log) by extension 'ignore'
[0.251s] Level 1:colcon.colcon_core.package_identification:_identify(src/log) ignored
[0.251s] Level 1:colcon.colcon_core.package_discovery:discover_packages(recursive) using defaults
[0.252s] Level 1:colcon.colcon_core.package_discovery:discover_packages(ignore) discover
[0.252s] Level 1:colcon.colcon_core.package_discovery:discover_packages(ignore) using defaults
[0.252s] Level 1:colcon.colcon_core.package_discovery:discover_packages(path) discover
[0.252s] Level 1:colcon.colcon_core.package_discovery:discover_packages(path) using defaults
[0.279s] Level 1:colcon.colcon_core.package_discovery:discover_packages(prefix_path) check parameters
[0.279s] Level 1:colcon.colcon_core.package_discovery:discover_packages(prefix_path) discover
[0.280s] DEBUG:colcon.colcon_installed_package_information.package_discovery:Found 1 installed packages in /home/jr-machine/ros2_ws_nodes/install
[0.281s] DEBUG:colcon.colcon_installed_package_information.package_discovery:Found 1 installed packages in /home/jr-machine/ros2_ws/install
[0.282s] DEBUG:colcon.colcon_installed_package_information.package_discovery:Found 271 installed packages in /opt/ros/humble
[0.283s] Level 1:colcon.colcon_core.package_discovery:discover_packages(prefix_path) using defaults
[0.315s] Level 5:colcon.colcon_core.verb:set package 'battery_msg' build argument 'cmake_args' from command line to 'None'
[0.315s] Level 5:colcon.colcon_core.verb:set package 'battery_msg' build argument 'cmake_target' from command line to 'None'
[0.315s] Level 5:colcon.colcon_core.verb:set package 'battery_msg' build argument 'cmake_target_skip_unavailable' from command line to 'False'
[0.315s] Level 5:colcon.colcon_core.verb:set package 'battery_msg' build argument 'cmake_clean_cache' from command line to 'False'
[0.315s] Level 5:colcon.colcon_core.verb:set package 'battery_msg' build argument 'cmake_clean_first' from command line to 'False'
[0.315s] Level 5:colcon.colcon_core.verb:set package 'battery_msg' build argument 'cmake_force_configure' from command line to 'False'
[0.315s] Level 5:colcon.colcon_core.verb:set package 'battery_msg' build argument 'ament_cmake_args' from command line to 'None'
[0.315s] Level 5:colcon.colcon_core.verb:set package 'battery_msg' build argument 'catkin_cmake_args' from command line to 'None'
[0.315s] Level 5:colcon.colcon_core.verb:set package 'battery_msg' build argument 'catkin_skip_building_tests' from command line to 'False'
[0.315s] DEBUG:colcon.colcon_core.verb:Building package 'battery_msg' with the following arguments: {'ament_cmake_args': None, 'build_base': '/home/jr-machine/ros2_ws_battery/build/battery_msg', 'catkin_cmake_args': None, 'catkin_skip_building_tests': False, 'cmake_args': None, 'cmake_clean_cache': False, 'cmake_clean_first': False, 'cmake_force_configure': False, 'cmake_target': None, 'cmake_target_skip_unavailable': False, 'install_base': '/home/jr-machine/ros2_ws_battery/install/battery_msg', 'merge_install': False, 'path': '/home/jr-machine/ros2_ws_battery/src/battery_msg', 'symlink_install': False, 'test_result_base': None}
[0.316s] Level 5:colcon.colcon_core.verb:set package 'battery_monitor' build argument 'cmake_args' from command line to 'None'
[0.316s] Level 5:colcon.colcon_core.verb:set package 'battery_monitor' build argument 'cmake_target' from command line to 'None'
[0.316s] Level 5:colcon.colcon_core.verb:set package 'battery_monitor' build argument 'cmake_target_skip_unavailable' from command line to 'False'
[0.316s] Level 5:colcon.colcon_core.verb:set package 'battery_monitor' build argument 'cmake_clean_cache' from command line to 'False'
[0.316s] Level 5:colcon.colcon_core.verb:set package 'battery_monitor' build argument 'cmake_clean_first' from command line to 'False'
[0.316s] Level 5:colcon.colcon_core.verb:set package 'battery_monitor' build argument 'cmake_force_configure' from command line to 'False'
[0.316s] Level 5:colcon.colcon_core.verb:set package 'battery_monitor' build argument 'ament_cmake_args' from command line to 'None'
[0.316s] Level 5:colcon.colcon_core.verb:set package 'battery_monitor' build argument 'catkin_cmake_args' from command line to 'None'
[0.316s] Level 5:colcon.colcon_core.verb:set package 'battery_monitor' build argument 'catkin_skip_building_tests' from command line to 'False'
[0.316s] DEBUG:colcon.colcon_core.verb:Building package 'battery_monitor' with the following arguments: {'ament_cmake_args': None, 'build_base': '/home/jr-machine/ros2_ws_battery/build/battery_monitor', 'catkin_cmake_args': None, 'catkin_skip_building_tests': False, 'cmake_args': None, 'cmake_clean_cache': False, 'cmake_clean_first': False, 'cmake_force_configure': False, 'cmake_target': None, 'cmake_target_skip_unavailable': False, 'install_base': '/home/jr-machine/ros2_ws_battery/install/battery_monitor', 'merge_install': False, 'path': '/home/jr-machine/ros2_ws_battery/src/battery_monitor', 'symlink_install': False, 'test_result_base': None}
[0.316s] INFO:colcon.colcon_core.executor:Executing jobs using 'parallel' executor
[0.317s] DEBUG:colcon.colcon_parallel_executor.executor.parallel:run_until_complete
[0.317s] INFO:colcon.colcon_ros.task.ament_cmake.build:Building ROS package in '/home/jr-machine/ros2_ws_battery/src/battery_msg' with build type 'ament_cmake'
[0.317s] INFO:colcon.colcon_cmake.task.cmake.build:Building CMake package in '/home/jr-machine/ros2_ws_battery/src/battery_msg'
[0.319s] INFO:colcon.colcon_core.plugin_system:Skipping extension 'colcon_core.shell.bat': Not used on non-Windows systems
[0.319s] INFO:colcon.colcon_core.shell:Skip shell extension 'powershell' for command environment: Not usable outside of PowerShell
[0.319s] DEBUG:colcon.colcon_core.shell:Skip shell extension 'dsv' for command environment
[0.328s] DEBUG:colcon.colcon_core.event_handler.log_command:Invoking command in '/home/jr-machine/ros2_ws_battery/build/battery_msg': CMAKE_PREFIX_PATH=/home/jr-machine/ros2_ws/install/my_py_pkg:/home/jr-machine/ros2_ws_nodes/install/new_py_pkg:/opt/ros/humble /usr/bin/cmake --build /home/jr-machine/ros2_ws_battery/build/battery_msg -- -j8 -l8
[0.627s] DEBUG:colcon.colcon_core.event_handler.log_command:Invoked command in '/home/jr-machine/ros2_ws_battery/build/battery_msg' returned '0': CMAKE_PREFIX_PATH=/home/jr-machine/ros2_ws/install/my_py_pkg:/home/jr-machine/ros2_ws_nodes/install/new_py_pkg:/opt/ros/humble /usr/bin/cmake --build /home/jr-machine/ros2_ws_battery/build/battery_msg -- -j8 -l8
[0.635s] DEBUG:colcon.colcon_core.event_handler.log_command:Invoking command in '/home/jr-machine/ros2_ws_battery/build/battery_msg': CMAKE_PREFIX_PATH=/home/jr-machine/ros2_ws/install/my_py_pkg:/home/jr-machine/ros2_ws_nodes/install/new_py_pkg:/opt/ros/humble /usr/bin/cmake --install /home/jr-machine/ros2_ws_battery/build/battery_msg
[0.684s] Level 1:colcon.colcon_core.environment:create_environment_scripts_only(battery_msg)
[0.685s] DEBUG:colcon.colcon_core.event_handler.log_command:Invoked command in '/home/jr-machine/ros2_ws_battery/build/battery_msg' returned '0': CMAKE_PREFIX_PATH=/home/jr-machine/ros2_ws/install/my_py_pkg:/home/jr-machine/ros2_ws_nodes/install/new_py_pkg:/opt/ros/humble /usr/bin/cmake --install /home/jr-machine/ros2_ws_battery/build/battery_msg
[0.686s] Level 1:colcon.colcon_core.environment:checking '/home/jr-machine/ros2_ws_battery/install/battery_msg' for CMake module files
[0.687s] Level 1:colcon.colcon_core.environment:checking '/home/jr-machine/ros2_ws_battery/install/battery_msg' for CMake config files
[0.687s] Level 1:colcon.colcon_core.shell:create_environment_hook('battery_msg', 'cmake_prefix_path')
[0.687s] INFO:colcon.colcon_core.shell:Creating environment hook '/home/jr-machine/ros2_ws_battery/install/battery_msg/share/battery_msg/hook/cmake_prefix_path.ps1'
[0.688s] INFO:colcon.colcon_core.shell:Creating environment descriptor '/home/jr-machine/ros2_ws_battery/install/battery_msg/share/battery_msg/hook/cmake_prefix_path.dsv'
[0.688s] INFO:colcon.colcon_core.shell:Creating environment hook '/home/jr-machine/ros2_ws_battery/install/battery_msg/share/battery_msg/hook/cmake_prefix_path.sh'
[0.689s] Level 1:colcon.colcon_core.environment:checking '/home/jr-machine/ros2_ws_battery/install/battery_msg/lib'
[0.689s] Level 1:colcon.colcon_core.shell:create_environment_hook('battery_msg', 'ld_library_path_lib')
[0.689s] INFO:colcon.colcon_core.shell:Creating environment hook '/home/jr-machine/ros2_ws_battery/install/battery_msg/share/battery_msg/hook/ld_library_path_lib.ps1'
[0.690s] INFO:colcon.colcon_core.shell:Creating environment descriptor '/home/jr-machine/ros2_ws_battery/install/battery_msg/share/battery_msg/hook/ld_library_path_lib.dsv'
[0.690s] INFO:colcon.colcon_core.shell:Creating environment hook '/home/jr-machine/ros2_ws_battery/install/battery_msg/share/battery_msg/hook/ld_library_path_lib.sh'
[0.690s] Level 1:colcon.colcon_core.environment:checking '/home/jr-machine/ros2_ws_battery/install/battery_msg/bin'
[0.691s] Level 1:colcon.colcon_core.environment:checking '/home/jr-machine/ros2_ws_battery/install/battery_msg/lib/pkgconfig/battery_msg.pc'
[0.691s] Level 1:colcon.colcon_core.environment:checking '/home/jr-machine/ros2_ws_battery/install/battery_msg/lib/python3.10/site-packages'
[0.691s] Level 1:colcon.colcon_core.environment:checking '/home/jr-machine/ros2_ws_battery/install/battery_msg/bin'
[0.691s] INFO:colcon.colcon_core.shell:Creating package script '/home/jr-machine/ros2_ws_battery/install/battery_msg/share/battery_msg/package.ps1'
[0.692s] INFO:colcon.colcon_core.shell:Creating package descriptor '/home/jr-machine/ros2_ws_battery/install/battery_msg/share/battery_msg/package.dsv'
[0.692s] INFO:colcon.colcon_core.shell:Creating package script '/home/jr-machine/ros2_ws_battery/install/battery_msg/share/battery_msg/package.sh'
[0.693s] INFO:colcon.colcon_core.shell:Creating package script '/home/jr-machine/ros2_ws_battery/install/battery_msg/share/battery_msg/package.bash'
[0.694s] INFO:colcon.colcon_core.shell:Creating package script '/home/jr-machine/ros2_ws_battery/install/battery_msg/share/battery_msg/package.zsh'
[0.694s] Level 1:colcon.colcon_core.environment:create_file_with_runtime_dependencies(/home/jr-machine/ros2_ws_battery/install/battery_msg/share/colcon-core/packages/battery_msg)
[0.695s] Level 1:colcon.colcon_core.environment:create_environment_scripts_only(battery_msg)
[0.695s] Level 1:colcon.colcon_core.environment:checking '/home/jr-machine/ros2_ws_battery/install/battery_msg' for CMake module files
[0.695s] Level 1:colcon.colcon_core.environment:checking '/home/jr-machine/ros2_ws_battery/install/battery_msg' for CMake config files
[0.696s] Level 1:colcon.colcon_core.shell:create_environment_hook('battery_msg', 'cmake_prefix_path')
[0.696s] INFO:colcon.colcon_core.shell:Creating environment hook '/home/jr-machine/ros2_ws_battery/install/battery_msg/share/battery_msg/hook/cmake_prefix_path.ps1'
[0.696s] INFO:colcon.colcon_core.shell:Creating environment descriptor '/home/jr-machine/ros2_ws_battery/install/battery_msg/share/battery_msg/hook/cmake_prefix_path.dsv'
[0.697s] INFO:colcon.colcon_core.shell:Creating environment hook '/home/jr-machine/ros2_ws_battery/install/battery_msg/share/battery_msg/hook/cmake_prefix_path.sh'
[0.697s] Level 1:colcon.colcon_core.environment:checking '/home/jr-machine/ros2_ws_battery/install/battery_msg/lib'
[0.697s] Level 1:colcon.colcon_core.shell:create_environment_hook('battery_msg', 'ld_library_path_lib')
[0.698s] INFO:colcon.colcon_core.shell:Creating environment hook '/home/jr-machine/ros2_ws_battery/install/battery_msg/share/battery_msg/hook/ld_library_path_lib.ps1'
[0.698s] INFO:colcon.colcon_core.shell:Creating environment descriptor '/home/jr-machine/ros2_ws_battery/install/battery_msg/share/battery_msg/hook/ld_library_path_lib.dsv'
[0.698s] INFO:colcon.colcon_core.shell:Creating environment hook '/home/jr-machine/ros2_ws_battery/install/battery_msg/share/battery_msg/hook/ld_library_path_lib.sh'
[0.699s] Level 1:colcon.colcon_core.environment:checking '/home/jr-machine/ros2_ws_battery/install/battery_msg/bin'
[0.699s] Level 1:colcon.colcon_core.environment:checking '/home/jr-machine/ros2_ws_battery/install/battery_msg/lib/pkgconfig/battery_msg.pc'
[0.699s] Level 1:colcon.colcon_core.environment:checking '/home/jr-machine/ros2_ws_battery/install/battery_msg/lib/python3.10/site-packages'
[0.699s] Level 1:colcon.colcon_core.environment:checking '/home/jr-machine/ros2_ws_battery/install/battery_msg/bin'
[0.700s] INFO:colcon.colcon_core.shell:Creating package script '/home/jr-machine/ros2_ws_battery/install/battery_msg/share/battery_msg/package.ps1'
[0.700s] INFO:colcon.colcon_core.shell:Creating package descriptor '/home/jr-machine/ros2_ws_battery/install/battery_msg/share/battery_msg/package.dsv'
[0.701s] INFO:colcon.colcon_core.shell:Creating package script '/home/jr-machine/ros2_ws_battery/install/battery_msg/share/battery_msg/package.sh'
[0.701s] INFO:colcon.colcon_core.shell:Creating package script '/home/jr-machine/ros2_ws_battery/install/battery_msg/share/battery_msg/package.bash'
[0.702s] INFO:colcon.colcon_core.shell:Creating package script '/home/jr-machine/ros2_ws_battery/install/battery_msg/share/battery_msg/package.zsh'
[0.702s] Level 1:colcon.colcon_core.environment:create_file_with_runtime_dependencies(/home/jr-machine/ros2_ws_battery/install/battery_msg/share/colcon-core/packages/battery_msg)
[0.703s] INFO:colcon.colcon_ros.task.ament_python.build:Building ROS package in '/home/jr-machine/ros2_ws_battery/src/battery_monitor' with build type 'ament_python'
[0.703s] Level 1:colcon.colcon_core.shell:create_environment_hook('battery_monitor', 'ament_prefix_path')
[0.703s] INFO:colcon.colcon_core.shell:Creating environment hook '/home/jr-machine/ros2_ws_battery/install/battery_monitor/share/battery_monitor/hook/ament_prefix_path.ps1'
[0.704s] INFO:colcon.colcon_core.shell:Creating environment descriptor '/home/jr-machine/ros2_ws_battery/install/battery_monitor/share/battery_monitor/hook/ament_prefix_path.dsv'
[0.704s] INFO:colcon.colcon_core.shell:Creating environment hook '/home/jr-machine/ros2_ws_battery/install/battery_monitor/share/battery_monitor/hook/ament_prefix_path.sh'
[0.705s] INFO:colcon.colcon_core.shell:Skip shell extension 'powershell' for command environment: Not usable outside of PowerShell
[0.705s] DEBUG:colcon.colcon_core.shell:Skip shell extension 'dsv' for command environment
[0.932s] INFO:colcon.colcon_core.task.python.build:Building Python package in '/home/jr-machine/ros2_ws_battery/src/battery_monitor'
[0.932s] INFO:colcon.colcon_core.shell:Skip shell extension 'powershell' for command environment: Not usable outside of PowerShell
[0.932s] DEBUG:colcon.colcon_core.shell:Skip shell extension 'dsv' for command environment
[1.224s] DEBUG:colcon.colcon_core.event_handler.log_command:Invoking command in '/home/jr-machine/ros2_ws_battery/src/battery_monitor': AMENT_PREFIX_PATH=/home/jr-machine/ros2_ws_battery/install/battery_msg:${AMENT_PREFIX_PATH} CMAKE_PREFIX_PATH=/home/jr-machine/ros2_ws_battery/install/battery_msg LD_LIBRARY_PATH=/home/jr-machine/ros2_ws_battery/install/battery_msg/lib:${LD_LIBRARY_PATH} PYTHONPATH=/home/jr-machine/ros2_ws_battery/build/battery_monitor/prefix_override:/usr/lib/python3/dist-packages/colcon_core/task/python/colcon_distutils_commands:/home/jr-machine/ros2_ws_battery/install/battery_monitor/lib/python3.10/site-packages:/home/jr-machine/ros2_ws_battery/install/battery_msg/local/lib/python3.10/dist-packages:${PYTHONPATH} /usr/bin/python3 -W ignore:setup.py install is deprecated -W ignore:easy_install command is deprecated setup.py egg_info --egg-base ../../build/battery_monitor build --build-base /home/jr-machine/ros2_ws_battery/build/battery_monitor/build install --record /home/jr-machine/ros2_ws_battery/build/battery_monitor/install.log --single-version-externally-managed install_data
[1.482s] Level 1:colcon.colcon_core.environment:checking '/home/jr-machine/ros2_ws_battery/install/battery_monitor' for CMake module files
[1.482s] DEBUG:colcon.colcon_core.event_handler.log_command:Invoked command in '/home/jr-machine/ros2_ws_battery/src/battery_monitor' returned '0': AMENT_PREFIX_PATH=/home/jr-machine/ros2_ws_battery/install/battery_msg:${AMENT_PREFIX_PATH} CMAKE_PREFIX_PATH=/home/jr-machine/ros2_ws_battery/install/battery_msg LD_LIBRARY_PATH=/home/jr-machine/ros2_ws_battery/install/battery_msg/lib:${LD_LIBRARY_PATH} PYTHONPATH=/home/jr-machine/ros2_ws_battery/build/battery_monitor/prefix_override:/usr/lib/python3/dist-packages/colcon_core/task/python/colcon_distutils_commands:/home/jr-machine/ros2_ws_battery/install/battery_monitor/lib/python3.10/site-packages:/home/jr-machine/ros2_ws_battery/install/battery_msg/local/lib/python3.10/dist-packages:${PYTHONPATH} /usr/bin/python3 -W ignore:setup.py install is deprecated -W ignore:easy_install command is deprecated setup.py egg_info --egg-base ../../build/battery_monitor build --build-base /home/jr-machine/ros2_ws_battery/build/battery_monitor/build install --record /home/jr-machine/ros2_ws_battery/build/battery_monitor/install.log --single-version-externally-managed install_data
[1.483s] Level 1:colcon.colcon_core.environment:checking '/home/jr-machine/ros2_ws_battery/install/battery_monitor' for CMake config files
[1.483s] Level 1:colcon.colcon_core.environment:checking '/home/jr-machine/ros2_ws_battery/install/battery_monitor/lib'
[1.483s] Level 1:colcon.colcon_core.environment:checking '/home/jr-machine/ros2_ws_battery/install/battery_monitor/bin'
[1.483s] Level 1:colcon.colcon_core.environment:checking '/home/jr-machine/ros2_ws_battery/install/battery_monitor/lib/pkgconfig/battery_monitor.pc'
[1.484s] Level 1:colcon.colcon_core.environment:checking '/home/jr-machine/ros2_ws_battery/install/battery_monitor/lib/python3.10/site-packages'
[1.484s] Level 1:colcon.colcon_core.shell:create_environment_hook('battery_monitor', 'pythonpath')
[1.484s] INFO:colcon.colcon_core.shell:Creating environment hook '/home/jr-machine/ros2_ws_battery/install/battery_monitor/share/battery_monitor/hook/pythonpath.ps1'
[1.484s] INFO:colcon.colcon_core.shell:Creating environment descriptor '/home/jr-machine/ros2_ws_battery/install/battery_monitor/share/battery_monitor/hook/pythonpath.dsv'
[1.485s] INFO:colcon.colcon_core.shell:Creating environment hook '/home/jr-machine/ros2_ws_battery/install/battery_monitor/share/battery_monitor/hook/pythonpath.sh'
[1.485s] Level 1:colcon.colcon_core.environment:checking '/home/jr-machine/ros2_ws_battery/install/battery_monitor/bin'
[1.485s] Level 1:colcon.colcon_core.environment:create_environment_scripts_only(battery_monitor)
[1.486s] INFO:colcon.colcon_core.shell:Creating package script '/home/jr-machine/ros2_ws_battery/install/battery_monitor/share/battery_monitor/package.ps1'
[1.486s] INFO:colcon.colcon_core.shell:Creating package descriptor '/home/jr-machine/ros2_ws_battery/install/battery_monitor/share/battery_monitor/package.dsv'
[1.487s] INFO:colcon.colcon_core.shell:Creating package script '/home/jr-machine/ros2_ws_battery/install/battery_monitor/share/battery_monitor/package.sh'
[1.487s] INFO:colcon.colcon_core.shell:Creating package script '/home/jr-machine/ros2_ws_battery/install/battery_monitor/share/battery_monitor/package.bash'
[1.487s] INFO:colcon.colcon_core.shell:Creating package script '/home/jr-machine/ros2_ws_battery/install/battery_monitor/share/battery_monitor/package.zsh'
[1.488s] Level 1:colcon.colcon_core.environment:create_file_with_runtime_dependencies(/home/jr-machine/ros2_ws_battery/install/battery_monitor/share/colcon-core/packages/battery_monitor)
[1.488s] DEBUG:colcon.colcon_parallel_executor.executor.parallel:closing loop
[1.488s] DEBUG:colcon.colcon_parallel_executor.executor.parallel:loop closed
[1.489s] DEBUG:colcon.colcon_parallel_executor.executor.parallel:run_until_complete finished with '0'
[1.489s] DEBUG:colcon.colcon_core.event_reactor:joining thread
[1.493s] INFO:colcon.colcon_core.plugin_system:Skipping extension 'colcon_notification.desktop_notification.terminal_notifier': Not used on non-Darwin systems
[1.494s] INFO:colcon.colcon_core.plugin_system:Skipping extension 'colcon_notification.desktop_notification.win32': Not used on non-Windows systems
[1.494s] INFO:colcon.colcon_notification.desktop_notification:Sending desktop notification using 'notify2'
[1.504s] DEBUG:colcon.colcon_core.event_reactor:joined thread
[1.505s] INFO:colcon.colcon_core.shell:Creating prefix script '/home/jr-machine/ros2_ws_battery/install/local_setup.ps1'
[1.506s] INFO:colcon.colcon_core.shell:Creating prefix util module '/home/jr-machine/ros2_ws_battery/install/_local_setup_util_ps1.py'
[1.507s] INFO:colcon.colcon_core.shell:Creating prefix chain script '/home/jr-machine/ros2_ws_battery/install/setup.ps1'
[1.508s] INFO:colcon.colcon_core.shell:Creating prefix script '/home/jr-machine/ros2_ws_battery/install/local_setup.sh'
[1.508s] INFO:colcon.colcon_core.shell:Creating prefix util module '/home/jr-machine/ros2_ws_battery/install/_local_setup_util_sh.py'
[1.509s] INFO:colcon.colcon_core.shell:Creating prefix chain script '/home/jr-machine/ros2_ws_battery/install/setup.sh'
[1.510s] INFO:colcon.colcon_core.shell:Creating prefix script '/home/jr-machine/ros2_ws_battery/install/local_setup.bash'
[1.510s] INFO:colcon.colcon_core.shell:Creating prefix chain script '/home/jr-machine/ros2_ws_battery/install/setup.bash'
[1.511s] INFO:colcon.colcon_core.shell:Creating prefix script '/home/jr-machine/ros2_ws_battery/install/local_setup.zsh'
[1.512s] INFO:colcon.colcon_core.shell:Creating prefix chain script '/home/jr-machine/ros2_ws_battery/install/setup.zsh'
