[0.520s] Invoking command in '/home/jr-machine/ros2_ws_battery/src/battery_monitor': AMENT_PREFIX_PATH=/home/jr-machine/ros2_ws_battery/install/battery_msg:${AMENT_PREFIX_PATH} CMAKE_PREFIX_PATH=/home/jr-machine/ros2_ws_battery/install/battery_msg LD_LIBRARY_PATH=/home/jr-machine/ros2_ws_battery/install/battery_msg/lib:${LD_LIBRARY_PATH} PYTHONPATH=/home/jr-machine/ros2_ws_battery/build/battery_monitor/prefix_override:/usr/lib/python3/dist-packages/colcon_core/task/python/colcon_distutils_commands:/home/jr-machine/ros2_ws_battery/install/battery_monitor/lib/python3.10/site-packages:/home/jr-machine/ros2_ws_battery/install/battery_msg/local/lib/python3.10/dist-packages:${PYTHONPATH} /usr/bin/python3 -W ignore:setup.py install is deprecated -W ignore:easy_install command is deprecated setup.py egg_info --egg-base ../../build/battery_monitor build --build-base /home/jr-machine/ros2_ws_battery/build/battery_monitor/build install --record /home/jr-machine/ros2_ws_battery/build/battery_monitor/install.log --single-version-externally-managed install_data
[0.727s] running egg_info
[0.727s] writing ../../build/battery_monitor/battery_monitor.egg-info/PKG-INFO
[0.727s] writing dependency_links to ../../build/battery_monitor/battery_monitor.egg-info/dependency_links.txt
[0.728s] writing entry points to ../../build/battery_monitor/battery_monitor.egg-info/entry_points.txt
[0.728s] writing requirements to ../../build/battery_monitor/battery_monitor.egg-info/requires.txt
[0.728s] writing top-level names to ../../build/battery_monitor/battery_monitor.egg-info/top_level.txt
[0.729s] reading manifest file '../../build/battery_monitor/battery_monitor.egg-info/SOURCES.txt'
[0.730s] writing manifest file '../../build/battery_monitor/battery_monitor.egg-info/SOURCES.txt'
[0.730s] running build
[0.731s] running build_py
[0.731s] running install
[0.731s] running install_lib
[0.732s] running install_data
[0.732s] running install_egg_info
[0.734s] removing '/home/jr-machine/ros2_ws_battery/install/battery_monitor/lib/python3.10/site-packages/battery_monitor-0.0.0-py3.10.egg-info' (and everything under it)
[0.735s] Copying ../../build/battery_monitor/battery_monitor.egg-info to /home/jr-machine/ros2_ws_battery/install/battery_monitor/lib/python3.10/site-packages/battery_monitor-0.0.0-py3.10.egg-info
[0.735s] running install_scripts
[0.753s] Installing battery_publisher script to /home/jr-machine/ros2_ws_battery/install/battery_monitor/lib/battery_monitor
[0.754s] Installing battery_subscriber script to /home/jr-machine/ros2_ws_battery/install/battery_monitor/lib/battery_monitor
[0.754s] writing list of installed files to '/home/jr-machine/ros2_ws_battery/build/battery_monitor/install.log'
[0.778s] Invoked command in '/home/jr-machine/ros2_ws_battery/src/battery_monitor' returned '0': AMENT_PREFIX_PATH=/home/jr-machine/ros2_ws_battery/install/battery_msg:${AMENT_PREFIX_PATH} CMAKE_PREFIX_PATH=/home/jr-machine/ros2_ws_battery/install/battery_msg LD_LIBRARY_PATH=/home/jr-machine/ros2_ws_battery/install/battery_msg/lib:${LD_LIBRARY_PATH} PYTHONPATH=/home/jr-machine/ros2_ws_battery/build/battery_monitor/prefix_override:/usr/lib/python3/dist-packages/colcon_core/task/python/colcon_distutils_commands:/home/jr-machine/ros2_ws_battery/install/battery_monitor/lib/python3.10/site-packages:/home/jr-machine/ros2_ws_battery/install/battery_msg/local/lib/python3.10/dist-packages:${PYTHONPATH} /usr/bin/python3 -W ignore:setup.py install is deprecated -W ignore:easy_install command is deprecated setup.py egg_info --egg-base ../../build/battery_monitor build --build-base /home/jr-machine/ros2_ws_battery/build/battery_monitor/build install --record /home/jr-machine/ros2_ws_battery/build/battery_monitor/install.log --single-version-externally-managed install_data
