[0.010s] Invoking command in '/home/jr-machine/ros2_ws_battery/build/battery_msg': CMAKE_PREFIX_PATH=${CMAKE_PREFIX_PATH}:/home/jr-machine/ros2_ws_battery/install/battery_monitor:/home/jr-machine/ros2_ws/install/my_py_pkg:/home/jr-machine/ros2_ws_nodes/install/new_py_pkg:/opt/ros/humble /usr/bin/cmake --build /home/jr-machine/ros2_ws_battery/build/battery_msg -- -j8 -l8
[0.047s] [  3%] Built target battery_msg__cpp
[0.047s] [ 12%] Built target battery_msg__rosidl_generator_c
[0.058s] [ 12%] Built target ament_cmake_python_copy_battery_msg
[0.069s] [ 22%] Built target battery_msg__rosidl_typesupport_fastrtps_cpp
[0.071s] [ 41%] Built target battery_msg__rosidl_typesupport_c
[0.071s] [ 41%] Built target battery_msg__rosidl_typesupport_cpp
[0.071s] [ 51%] Built target battery_msg__rosidl_typesupport_introspection_c
[0.071s] [ 61%] Built target battery_msg__rosidl_typesupport_introspection_cpp
[0.075s] [ 70%] Built target battery_msg__rosidl_typesupport_fastrtps_c
[0.090s] [ 70%] Built target battery_msg
[0.106s] [ 74%] Built target battery_msg__py
[0.123s] [ 80%] Built target battery_msg__rosidl_generator_py
[0.141s] [ 93%] Built target battery_msg__rosidl_typesupport_introspection_c__pyext
[0.141s] [ 93%] Built target battery_msg__rosidl_typesupport_fastrtps_c__pyext
[0.144s] [100%] Built target battery_msg__rosidl_typesupport_c__pyext
[0.280s] running egg_info
[0.280s] writing battery_msg.egg-info/PKG-INFO
[0.280s] writing dependency_links to battery_msg.egg-info/dependency_links.txt
[0.281s] writing top-level names to battery_msg.egg-info/top_level.txt
[0.282s] reading manifest file 'battery_msg.egg-info/SOURCES.txt'
[0.283s] writing manifest file 'battery_msg.egg-info/SOURCES.txt'
[0.306s] [100%] Built target ament_cmake_python_build_battery_msg_egg
[0.316s] Invoked command in '/home/jr-machine/ros2_ws_battery/build/battery_msg' returned '0': CMAKE_PREFIX_PATH=${CMAKE_PREFIX_PATH}:/home/jr-machine/ros2_ws_battery/install/battery_monitor:/home/jr-machine/ros2_ws/install/my_py_pkg:/home/jr-machine/ros2_ws_nodes/install/new_py_pkg:/opt/ros/humble /usr/bin/cmake --build /home/jr-machine/ros2_ws_battery/build/battery_msg -- -j8 -l8
[0.324s] Invoking command in '/home/jr-machine/ros2_ws_battery/build/battery_msg': CMAKE_PREFIX_PATH=${CMAKE_PREFIX_PATH}:/home/jr-machine/ros2_ws_battery/install/battery_monitor:/home/jr-machine/ros2_ws/install/my_py_pkg:/home/jr-machine/ros2_ws_nodes/install/new_py_pkg:/opt/ros/humble /usr/bin/cmake --install /home/jr-machine/ros2_ws_battery/build/battery_msg
[0.330s] -- Install configuration: ""
[0.330s] -- Up-to-date: /home/jr-machine/ros2_ws_battery/install/battery_msg/share/ament_index/resource_index/rosidl_interfaces/battery_msg
[0.331s] -- Up-to-date: /home/jr-machine/ros2_ws_battery/install/battery_msg/include/battery_msg/battery_msg
[0.331s] -- Up-to-date: /home/jr-machine/ros2_ws_battery/install/battery_msg/include/battery_msg/battery_msg/msg
[0.331s] -- Up-to-date: /home/jr-machine/ros2_ws_battery/install/battery_msg/include/battery_msg/battery_msg/msg/battery_status.h
[0.331s] -- Up-to-date: /home/jr-machine/ros2_ws_battery/install/battery_msg/include/battery_msg/battery_msg/msg/detail
[0.331s] -- Up-to-date: /home/jr-machine/ros2_ws_battery/install/battery_msg/include/battery_msg/battery_msg/msg/detail/battery_status__type_support.h
[0.331s] -- Up-to-date: /home/jr-machine/ros2_ws_battery/install/battery_msg/include/battery_msg/battery_msg/msg/detail/battery_status__functions.c
[0.331s] -- Up-to-date: /home/jr-machine/ros2_ws_battery/install/battery_msg/include/battery_msg/battery_msg/msg/detail/battery_status__functions.h
[0.331s] -- Up-to-date: /home/jr-machine/ros2_ws_battery/install/battery_msg/include/battery_msg/battery_msg/msg/detail/battery_status__struct.h
[0.331s] -- Up-to-date: /home/jr-machine/ros2_ws_battery/install/battery_msg/include/battery_msg/battery_msg/msg/rosidl_generator_c__visibility_control.h
[0.331s] -- Up-to-date: /home/jr-machine/ros2_ws_battery/install/battery_msg/share/battery_msg/environment/library_path.sh
[0.331s] -- Up-to-date: /home/jr-machine/ros2_ws_battery/install/battery_msg/share/battery_msg/environment/library_path.dsv
[0.332s] -- Up-to-date: /home/jr-machine/ros2_ws_battery/install/battery_msg/lib/libbattery_msg__rosidl_generator_c.so
[0.332s] -- Up-to-date: /home/jr-machine/ros2_ws_battery/install/battery_msg/include/battery_msg/battery_msg
[0.332s] -- Up-to-date: /home/jr-machine/ros2_ws_battery/install/battery_msg/include/battery_msg/battery_msg/msg
[0.332s] -- Up-to-date: /home/jr-machine/ros2_ws_battery/install/battery_msg/include/battery_msg/battery_msg/msg/rosidl_typesupport_fastrtps_c__visibility_control.h
[0.332s] -- Up-to-date: /home/jr-machine/ros2_ws_battery/install/battery_msg/include/battery_msg/battery_msg/msg/detail
[0.332s] -- Up-to-date: /home/jr-machine/ros2_ws_battery/install/battery_msg/include/battery_msg/battery_msg/msg/detail/battery_status__rosidl_typesupport_fastrtps_c.h
[0.332s] -- Up-to-date: /home/jr-machine/ros2_ws_battery/install/battery_msg/lib/libbattery_msg__rosidl_typesupport_fastrtps_c.so
[0.332s] -- Up-to-date: /home/jr-machine/ros2_ws_battery/install/battery_msg/include/battery_msg/battery_msg
[0.332s] -- Up-to-date: /home/jr-machine/ros2_ws_battery/install/battery_msg/include/battery_msg/battery_msg/msg
[0.332s] -- Up-to-date: /home/jr-machine/ros2_ws_battery/install/battery_msg/include/battery_msg/battery_msg/msg/battery_status.hpp
[0.332s] -- Up-to-date: /home/jr-machine/ros2_ws_battery/install/battery_msg/include/battery_msg/battery_msg/msg/rosidl_generator_cpp__visibility_control.hpp
[0.332s] -- Up-to-date: /home/jr-machine/ros2_ws_battery/install/battery_msg/include/battery_msg/battery_msg/msg/detail
[0.333s] -- Up-to-date: /home/jr-machine/ros2_ws_battery/install/battery_msg/include/battery_msg/battery_msg/msg/detail/battery_status__type_support.hpp
[0.333s] -- Up-to-date: /home/jr-machine/ros2_ws_battery/install/battery_msg/include/battery_msg/battery_msg/msg/detail/battery_status__struct.hpp
[0.333s] -- Up-to-date: /home/jr-machine/ros2_ws_battery/install/battery_msg/include/battery_msg/battery_msg/msg/detail/battery_status__traits.hpp
[0.333s] -- Up-to-date: /home/jr-machine/ros2_ws_battery/install/battery_msg/include/battery_msg/battery_msg/msg/detail/battery_status__builder.hpp
[0.333s] -- Up-to-date: /home/jr-machine/ros2_ws_battery/install/battery_msg/include/battery_msg/battery_msg
[0.333s] -- Up-to-date: /home/jr-machine/ros2_ws_battery/install/battery_msg/include/battery_msg/battery_msg/msg
[0.333s] -- Up-to-date: /home/jr-machine/ros2_ws_battery/install/battery_msg/include/battery_msg/battery_msg/msg/detail
[0.333s] -- Up-to-date: /home/jr-machine/ros2_ws_battery/install/battery_msg/include/battery_msg/battery_msg/msg/detail/dds_fastrtps
[0.333s] -- Up-to-date: /home/jr-machine/ros2_ws_battery/install/battery_msg/include/battery_msg/battery_msg/msg/detail/battery_status__rosidl_typesupport_fastrtps_cpp.hpp
[0.333s] -- Up-to-date: /home/jr-machine/ros2_ws_battery/install/battery_msg/include/battery_msg/battery_msg/msg/rosidl_typesupport_fastrtps_cpp__visibility_control.h
[0.333s] -- Up-to-date: /home/jr-machine/ros2_ws_battery/install/battery_msg/lib/libbattery_msg__rosidl_typesupport_fastrtps_cpp.so
[0.333s] -- Up-to-date: /home/jr-machine/ros2_ws_battery/install/battery_msg/include/battery_msg/battery_msg
[0.334s] -- Up-to-date: /home/jr-machine/ros2_ws_battery/install/battery_msg/include/battery_msg/battery_msg/msg
[0.334s] -- Up-to-date: /home/jr-machine/ros2_ws_battery/install/battery_msg/include/battery_msg/battery_msg/msg/detail
[0.334s] -- Up-to-date: /home/jr-machine/ros2_ws_battery/install/battery_msg/include/battery_msg/battery_msg/msg/detail/battery_status__type_support.c
[0.334s] -- Up-to-date: /home/jr-machine/ros2_ws_battery/install/battery_msg/include/battery_msg/battery_msg/msg/detail/battery_status__rosidl_typesupport_introspection_c.h
[0.334s] -- Up-to-date: /home/jr-machine/ros2_ws_battery/install/battery_msg/include/battery_msg/battery_msg/msg/rosidl_typesupport_introspection_c__visibility_control.h
[0.334s] -- Up-to-date: /home/jr-machine/ros2_ws_battery/install/battery_msg/lib/libbattery_msg__rosidl_typesupport_introspection_c.so
[0.334s] -- Up-to-date: /home/jr-machine/ros2_ws_battery/install/battery_msg/lib/libbattery_msg__rosidl_typesupport_c.so
[0.334s] -- Up-to-date: /home/jr-machine/ros2_ws_battery/install/battery_msg/include/battery_msg/battery_msg
[0.334s] -- Up-to-date: /home/jr-machine/ros2_ws_battery/install/battery_msg/include/battery_msg/battery_msg/msg
[0.334s] -- Up-to-date: /home/jr-machine/ros2_ws_battery/install/battery_msg/include/battery_msg/battery_msg/msg/detail
[0.334s] -- Up-to-date: /home/jr-machine/ros2_ws_battery/install/battery_msg/include/battery_msg/battery_msg/msg/detail/battery_status__type_support.cpp
[0.334s] -- Up-to-date: /home/jr-machine/ros2_ws_battery/install/battery_msg/include/battery_msg/battery_msg/msg/detail/battery_status__rosidl_typesupport_introspection_cpp.hpp
[0.334s] -- Up-to-date: /home/jr-machine/ros2_ws_battery/install/battery_msg/lib/libbattery_msg__rosidl_typesupport_introspection_cpp.so
[0.334s] -- Up-to-date: /home/jr-machine/ros2_ws_battery/install/battery_msg/lib/libbattery_msg__rosidl_typesupport_cpp.so
[0.334s] -- Up-to-date: /home/jr-machine/ros2_ws_battery/install/battery_msg/share/battery_msg/environment/pythonpath.sh
[0.334s] -- Up-to-date: /home/jr-machine/ros2_ws_battery/install/battery_msg/share/battery_msg/environment/pythonpath.dsv
[0.334s] -- Up-to-date: /home/jr-machine/ros2_ws_battery/install/battery_msg/local/lib/python3.10/dist-packages/battery_msg-0.0.1-py3.10.egg-info
[0.335s] -- Installing: /home/jr-machine/ros2_ws_battery/install/battery_msg/local/lib/python3.10/dist-packages/battery_msg-0.0.1-py3.10.egg-info/top_level.txt
[0.335s] -- Installing: /home/jr-machine/ros2_ws_battery/install/battery_msg/local/lib/python3.10/dist-packages/battery_msg-0.0.1-py3.10.egg-info/SOURCES.txt
[0.335s] -- Installing: /home/jr-machine/ros2_ws_battery/install/battery_msg/local/lib/python3.10/dist-packages/battery_msg-0.0.1-py3.10.egg-info/dependency_links.txt
[0.335s] -- Installing: /home/jr-machine/ros2_ws_battery/install/battery_msg/local/lib/python3.10/dist-packages/battery_msg-0.0.1-py3.10.egg-info/PKG-INFO
[0.335s] -- Up-to-date: /home/jr-machine/ros2_ws_battery/install/battery_msg/local/lib/python3.10/dist-packages/battery_msg
[0.335s] -- Up-to-date: /home/jr-machine/ros2_ws_battery/install/battery_msg/local/lib/python3.10/dist-packages/battery_msg/__init__.py
[0.335s] -- Up-to-date: /home/jr-machine/ros2_ws_battery/install/battery_msg/local/lib/python3.10/dist-packages/battery_msg/battery_msg_s__rosidl_typesupport_fastrtps_c.cpython-310-x86_64-linux-gnu.so
[0.335s] -- Up-to-date: /home/jr-machine/ros2_ws_battery/install/battery_msg/local/lib/python3.10/dist-packages/battery_msg/battery_msg_s__rosidl_typesupport_introspection_c.cpython-310-x86_64-linux-gnu.so
[0.335s] -- Up-to-date: /home/jr-machine/ros2_ws_battery/install/battery_msg/local/lib/python3.10/dist-packages/battery_msg/battery_msg_s__rosidl_typesupport_c.cpython-310-x86_64-linux-gnu.so
[0.335s] -- Up-to-date: /home/jr-machine/ros2_ws_battery/install/battery_msg/local/lib/python3.10/dist-packages/battery_msg/_battery_msg_s.ep.rosidl_typesupport_fastrtps_c.c
[0.335s] -- Up-to-date: /home/jr-machine/ros2_ws_battery/install/battery_msg/local/lib/python3.10/dist-packages/battery_msg/_battery_msg_s.ep.rosidl_typesupport_c.c
[0.335s] -- Up-to-date: /home/jr-machine/ros2_ws_battery/install/battery_msg/local/lib/python3.10/dist-packages/battery_msg/_battery_msg_s.ep.rosidl_typesupport_introspection_c.c
[0.335s] -- Up-to-date: /home/jr-machine/ros2_ws_battery/install/battery_msg/local/lib/python3.10/dist-packages/battery_msg/msg
[0.335s] -- Up-to-date: /home/jr-machine/ros2_ws_battery/install/battery_msg/local/lib/python3.10/dist-packages/battery_msg/msg/__init__.py
[0.335s] -- Up-to-date: /home/jr-machine/ros2_ws_battery/install/battery_msg/local/lib/python3.10/dist-packages/battery_msg/msg/_battery_status_s.c
[0.335s] -- Up-to-date: /home/jr-machine/ros2_ws_battery/install/battery_msg/local/lib/python3.10/dist-packages/battery_msg/msg/_battery_status.py
[0.335s] -- Up-to-date: /home/jr-machine/ros2_ws_battery/install/battery_msg/local/lib/python3.10/dist-packages/battery_msg/libbattery_msg__rosidl_generator_py.so
[0.362s] Listing '/home/jr-machine/ros2_ws_battery/install/battery_msg/local/lib/python3.10/dist-packages/battery_msg'...
[0.362s] Listing '/home/jr-machine/ros2_ws_battery/install/battery_msg/local/lib/python3.10/dist-packages/battery_msg/msg'...
[0.366s] -- Up-to-date: /home/jr-machine/ros2_ws_battery/install/battery_msg/local/lib/python3.10/dist-packages/battery_msg/battery_msg_s__rosidl_typesupport_fastrtps_c.cpython-310-x86_64-linux-gnu.so
[0.366s] -- Up-to-date: /home/jr-machine/ros2_ws_battery/install/battery_msg/local/lib/python3.10/dist-packages/battery_msg/battery_msg_s__rosidl_typesupport_introspection_c.cpython-310-x86_64-linux-gnu.so
[0.366s] -- Up-to-date: /home/jr-machine/ros2_ws_battery/install/battery_msg/local/lib/python3.10/dist-packages/battery_msg/battery_msg_s__rosidl_typesupport_c.cpython-310-x86_64-linux-gnu.so
[0.367s] -- Up-to-date: /home/jr-machine/ros2_ws_battery/install/battery_msg/lib/libbattery_msg__rosidl_generator_py.so
[0.367s] -- Up-to-date: /home/jr-machine/ros2_ws_battery/install/battery_msg/share/battery_msg/msg/BatteryStatus.idl
[0.367s] -- Up-to-date: /home/jr-machine/ros2_ws_battery/install/battery_msg/share/battery_msg/msg/BatteryStatus.msg
[0.367s] -- Up-to-date: /home/jr-machine/ros2_ws_battery/install/battery_msg/share/ament_index/resource_index/package_run_dependencies/battery_msg
[0.367s] -- Up-to-date: /home/jr-machine/ros2_ws_battery/install/battery_msg/share/ament_index/resource_index/parent_prefix_path/battery_msg
[0.367s] -- Up-to-date: /home/jr-machine/ros2_ws_battery/install/battery_msg/share/battery_msg/environment/ament_prefix_path.sh
[0.367s] -- Up-to-date: /home/jr-machine/ros2_ws_battery/install/battery_msg/share/battery_msg/environment/ament_prefix_path.dsv
[0.367s] -- Up-to-date: /home/jr-machine/ros2_ws_battery/install/battery_msg/share/battery_msg/environment/path.sh
[0.367s] -- Up-to-date: /home/jr-machine/ros2_ws_battery/install/battery_msg/share/battery_msg/environment/path.dsv
[0.367s] -- Up-to-date: /home/jr-machine/ros2_ws_battery/install/battery_msg/share/battery_msg/local_setup.bash
[0.367s] -- Up-to-date: /home/jr-machine/ros2_ws_battery/install/battery_msg/share/battery_msg/local_setup.sh
[0.368s] -- Up-to-date: /home/jr-machine/ros2_ws_battery/install/battery_msg/share/battery_msg/local_setup.zsh
[0.368s] -- Up-to-date: /home/jr-machine/ros2_ws_battery/install/battery_msg/share/battery_msg/local_setup.dsv
[0.368s] -- Installing: /home/jr-machine/ros2_ws_battery/install/battery_msg/share/battery_msg/package.dsv
[0.368s] -- Up-to-date: /home/jr-machine/ros2_ws_battery/install/battery_msg/share/ament_index/resource_index/packages/battery_msg
[0.368s] -- Up-to-date: /home/jr-machine/ros2_ws_battery/install/battery_msg/share/battery_msg/cmake/export_battery_msg__rosidl_generator_cExport.cmake
[0.368s] -- Up-to-date: /home/jr-machine/ros2_ws_battery/install/battery_msg/share/battery_msg/cmake/export_battery_msg__rosidl_generator_cExport-noconfig.cmake
[0.368s] -- Up-to-date: /home/jr-machine/ros2_ws_battery/install/battery_msg/share/battery_msg/cmake/export_battery_msg__rosidl_typesupport_fastrtps_cExport.cmake
[0.368s] -- Up-to-date: /home/jr-machine/ros2_ws_battery/install/battery_msg/share/battery_msg/cmake/export_battery_msg__rosidl_typesupport_fastrtps_cExport-noconfig.cmake
[0.368s] -- Up-to-date: /home/jr-machine/ros2_ws_battery/install/battery_msg/share/battery_msg/cmake/export_battery_msg__rosidl_generator_cppExport.cmake
[0.368s] -- Up-to-date: /home/jr-machine/ros2_ws_battery/install/battery_msg/share/battery_msg/cmake/export_battery_msg__rosidl_typesupport_fastrtps_cppExport.cmake
[0.368s] -- Up-to-date: /home/jr-machine/ros2_ws_battery/install/battery_msg/share/battery_msg/cmake/export_battery_msg__rosidl_typesupport_fastrtps_cppExport-noconfig.cmake
[0.368s] -- Up-to-date: /home/jr-machine/ros2_ws_battery/install/battery_msg/share/battery_msg/cmake/battery_msg__rosidl_typesupport_introspection_cExport.cmake
[0.368s] -- Up-to-date: /home/jr-machine/ros2_ws_battery/install/battery_msg/share/battery_msg/cmake/battery_msg__rosidl_typesupport_introspection_cExport-noconfig.cmake
[0.368s] -- Up-to-date: /home/jr-machine/ros2_ws_battery/install/battery_msg/share/battery_msg/cmake/battery_msg__rosidl_typesupport_cExport.cmake
[0.369s] -- Up-to-date: /home/jr-machine/ros2_ws_battery/install/battery_msg/share/battery_msg/cmake/battery_msg__rosidl_typesupport_cExport-noconfig.cmake
[0.369s] -- Up-to-date: /home/jr-machine/ros2_ws_battery/install/battery_msg/share/battery_msg/cmake/battery_msg__rosidl_typesupport_introspection_cppExport.cmake
[0.369s] -- Up-to-date: /home/jr-machine/ros2_ws_battery/install/battery_msg/share/battery_msg/cmake/battery_msg__rosidl_typesupport_introspection_cppExport-noconfig.cmake
[0.369s] -- Up-to-date: /home/jr-machine/ros2_ws_battery/install/battery_msg/share/battery_msg/cmake/battery_msg__rosidl_typesupport_cppExport.cmake
[0.369s] -- Up-to-date: /home/jr-machine/ros2_ws_battery/install/battery_msg/share/battery_msg/cmake/battery_msg__rosidl_typesupport_cppExport-noconfig.cmake
[0.369s] -- Up-to-date: /home/jr-machine/ros2_ws_battery/install/battery_msg/share/battery_msg/cmake/export_battery_msg__rosidl_generator_pyExport.cmake
[0.369s] -- Up-to-date: /home/jr-machine/ros2_ws_battery/install/battery_msg/share/battery_msg/cmake/export_battery_msg__rosidl_generator_pyExport-noconfig.cmake
[0.369s] -- Up-to-date: /home/jr-machine/ros2_ws_battery/install/battery_msg/share/battery_msg/cmake/rosidl_cmake-extras.cmake
[0.369s] -- Up-to-date: /home/jr-machine/ros2_ws_battery/install/battery_msg/share/battery_msg/cmake/ament_cmake_export_dependencies-extras.cmake
[0.369s] -- Up-to-date: /home/jr-machine/ros2_ws_battery/install/battery_msg/share/battery_msg/cmake/ament_cmake_export_include_directories-extras.cmake
[0.369s] -- Up-to-date: /home/jr-machine/ros2_ws_battery/install/battery_msg/share/battery_msg/cmake/ament_cmake_export_libraries-extras.cmake
[0.369s] -- Up-to-date: /home/jr-machine/ros2_ws_battery/install/battery_msg/share/battery_msg/cmake/ament_cmake_export_targets-extras.cmake
[0.369s] -- Up-to-date: /home/jr-machine/ros2_ws_battery/install/battery_msg/share/battery_msg/cmake/rosidl_cmake_export_typesupport_targets-extras.cmake
[0.369s] -- Up-to-date: /home/jr-machine/ros2_ws_battery/install/battery_msg/share/battery_msg/cmake/rosidl_cmake_export_typesupport_libraries-extras.cmake
[0.369s] -- Up-to-date: /home/jr-machine/ros2_ws_battery/install/battery_msg/share/battery_msg/cmake/battery_msgConfig.cmake
[0.369s] -- Up-to-date: /home/jr-machine/ros2_ws_battery/install/battery_msg/share/battery_msg/cmake/battery_msgConfig-version.cmake
[0.369s] -- Up-to-date: /home/jr-machine/ros2_ws_battery/install/battery_msg/share/battery_msg/package.xml
[0.370s] Invoked command in '/home/jr-machine/ros2_ws_battery/build/battery_msg' returned '0': CMAKE_PREFIX_PATH=${CMAKE_PREFIX_PATH}:/home/jr-machine/ros2_ws_battery/install/battery_monitor:/home/jr-machine/ros2_ws/install/my_py_pkg:/home/jr-machine/ros2_ws_nodes/install/new_py_pkg:/opt/ros/humble /usr/bin/cmake --install /home/jr-machine/ros2_ws_battery/build/battery_msg
