[0.525s] Invoking command in '/home/jr-machine/ros2_ws_battery/src/battery_monitor': AMENT_PREFIX_PATH=/home/jr-machine/ros2_ws_battery/install/battery_msg:${AMENT_PREFIX_PATH} CMAKE_PREFIX_PATH=/home/jr-machine/ros2_ws_battery/install/battery_msg LD_LIBRARY_PATH=/home/jr-machine/ros2_ws_battery/install/battery_msg/lib:${LD_LIBRARY_PATH} PYTHONPATH=/home/jr-machine/ros2_ws_battery/build/battery_monitor/prefix_override:/usr/lib/python3/dist-packages/colcon_core/task/python/colcon_distutils_commands:/home/jr-machine/ros2_ws_battery/install/battery_monitor/lib/python3.10/site-packages:/home/jr-machine/ros2_ws_battery/install/battery_msg/local/lib/python3.10/dist-packages:${PYTHONPATH} /usr/bin/python3 -W ignore:setup.py install is deprecated -W ignore:easy_install command is deprecated setup.py egg_info --egg-base ../../build/battery_monitor build --build-base /home/jr-machine/ros2_ws_battery/build/battery_monitor/build install --record /home/jr-machine/ros2_ws_battery/build/battery_monitor/install.log --single-version-externally-managed install_data
[0.734s] running egg_info
[0.734s] writing ../../build/battery_monitor/battery_monitor.egg-info/PKG-INFO
[0.734s] writing dependency_links to ../../build/battery_monitor/battery_monitor.egg-info/dependency_links.txt
[0.735s] writing entry points to ../../build/battery_monitor/battery_monitor.egg-info/entry_points.txt
[0.735s] writing requirements to ../../build/battery_monitor/battery_monitor.egg-info/requires.txt
[0.735s] writing top-level names to ../../build/battery_monitor/battery_monitor.egg-info/top_level.txt
[0.737s] reading manifest file '../../build/battery_monitor/battery_monitor.egg-info/SOURCES.txt'
[0.737s] writing manifest file '../../build/battery_monitor/battery_monitor.egg-info/SOURCES.txt'
[0.738s] running build
[0.738s] running build_py
[0.738s] running install
[0.738s] running install_lib
[0.739s] running install_data
[0.740s] copying package.xml -> /home/jr-machine/ros2_ws_battery/install/battery_monitor/share/battery_monitor
[0.740s] running install_egg_info
[0.742s] removing '/home/jr-machine/ros2_ws_battery/install/battery_monitor/lib/python3.10/site-packages/battery_monitor-0.0.0-py3.10.egg-info' (and everything under it)
[0.742s] Copying ../../build/battery_monitor/battery_monitor.egg-info to /home/jr-machine/ros2_ws_battery/install/battery_monitor/lib/python3.10/site-packages/battery_monitor-0.0.0-py3.10.egg-info
[0.743s] running install_scripts
[0.760s] Installing battery_publisher script to /home/jr-machine/ros2_ws_battery/install/battery_monitor/lib/battery_monitor
[0.761s] Installing battery_subscriber script to /home/jr-machine/ros2_ws_battery/install/battery_monitor/lib/battery_monitor
[0.761s] writing list of installed files to '/home/jr-machine/ros2_ws_battery/build/battery_monitor/install.log'
[0.785s] Invoked command in '/home/jr-machine/ros2_ws_battery/src/battery_monitor' returned '0': AMENT_PREFIX_PATH=/home/jr-machine/ros2_ws_battery/install/battery_msg:${AMENT_PREFIX_PATH} CMAKE_PREFIX_PATH=/home/jr-machine/ros2_ws_battery/install/battery_msg LD_LIBRARY_PATH=/home/jr-machine/ros2_ws_battery/install/battery_msg/lib:${LD_LIBRARY_PATH} PYTHONPATH=/home/jr-machine/ros2_ws_battery/build/battery_monitor/prefix_override:/usr/lib/python3/dist-packages/colcon_core/task/python/colcon_distutils_commands:/home/jr-machine/ros2_ws_battery/install/battery_monitor/lib/python3.10/site-packages:/home/jr-machine/ros2_ws_battery/install/battery_msg/local/lib/python3.10/dist-packages:${PYTHONPATH} /usr/bin/python3 -W ignore:setup.py install is deprecated -W ignore:easy_install command is deprecated setup.py egg_info --egg-base ../../build/battery_monitor build --build-base /home/jr-machine/ros2_ws_battery/build/battery_monitor/build install --record /home/jr-machine/ros2_ws_battery/build/battery_monitor/install.log --single-version-externally-managed install_data
