[  3%] Built target battery_msg__cpp
[ 12%] Built target battery_msg__rosidl_generator_c
[ 12%] Built target ament_cmake_python_copy_battery_msg
[ 22%] Built target battery_msg__rosidl_typesupport_cpp
[ 32%] Built target battery_msg__rosidl_typesupport_introspection_cpp
[ 41%] Built target battery_msg__rosidl_typesupport_fastrtps_cpp
[ 51%] Built target battery_msg__rosidl_typesupport_c
[ 70%] Built target battery_msg__rosidl_typesupport_introspection_c
[ 70%] Built target battery_msg__rosidl_typesupport_fastrtps_c
[ 70%] Built target battery_msg
[ 74%] Built target battery_msg__py
[ 80%] Built target battery_msg__rosidl_generator_py
[100%] Built target battery_msg__rosidl_typesupport_c__pyext
[100%] Built target battery_msg__rosidl_typesupport_introspection_c__pyext
[100%] Built target battery_msg__rosidl_typesupport_fastrtps_c__pyext
running egg_info
writing battery_msg.egg-info/PKG-INFO
writing dependency_links to battery_msg.egg-info/dependency_links.txt
writing top-level names to battery_msg.egg-info/top_level.txt
reading manifest file 'battery_msg.egg-info/SOURCES.txt'
writing manifest file 'battery_msg.egg-info/SOURCES.txt'
[100%] Built target ament_cmake_python_build_battery_msg_egg
-- Install configuration: ""
-- Up-to-date: /home/jr-machine/ros2_ws_battery/install/battery_msg/share/ament_index/resource_index/rosidl_interfaces/battery_msg
-- Up-to-date: /home/jr-machine/ros2_ws_battery/install/battery_msg/include/battery_msg/battery_msg
-- Up-to-date: /home/jr-machine/ros2_ws_battery/install/battery_msg/include/battery_msg/battery_msg/msg
-- Up-to-date: /home/jr-machine/ros2_ws_battery/install/battery_msg/include/battery_msg/battery_msg/msg/battery_status.h
-- Up-to-date: /home/jr-machine/ros2_ws_battery/install/battery_msg/include/battery_msg/battery_msg/msg/detail
-- Up-to-date: /home/jr-machine/ros2_ws_battery/install/battery_msg/include/battery_msg/battery_msg/msg/detail/battery_status__type_support.h
-- Up-to-date: /home/jr-machine/ros2_ws_battery/install/battery_msg/include/battery_msg/battery_msg/msg/detail/battery_status__functions.c
-- Up-to-date: /home/jr-machine/ros2_ws_battery/install/battery_msg/include/battery_msg/battery_msg/msg/detail/battery_status__functions.h
-- Up-to-date: /home/jr-machine/ros2_ws_battery/install/battery_msg/include/battery_msg/battery_msg/msg/detail/battery_status__struct.h
-- Up-to-date: /home/jr-machine/ros2_ws_battery/install/battery_msg/include/battery_msg/battery_msg/msg/rosidl_generator_c__visibility_control.h
-- Up-to-date: /home/jr-machine/ros2_ws_battery/install/battery_msg/share/battery_msg/environment/library_path.sh
-- Up-to-date: /home/jr-machine/ros2_ws_battery/install/battery_msg/share/battery_msg/environment/library_path.dsv
-- Up-to-date: /home/jr-machine/ros2_ws_battery/install/battery_msg/lib/libbattery_msg__rosidl_generator_c.so
-- Up-to-date: /home/jr-machine/ros2_ws_battery/install/battery_msg/include/battery_msg/battery_msg
-- Up-to-date: /home/jr-machine/ros2_ws_battery/install/battery_msg/include/battery_msg/battery_msg/msg
-- Up-to-date: /home/jr-machine/ros2_ws_battery/install/battery_msg/include/battery_msg/battery_msg/msg/rosidl_typesupport_fastrtps_c__visibility_control.h
-- Up-to-date: /home/jr-machine/ros2_ws_battery/install/battery_msg/include/battery_msg/battery_msg/msg/detail
-- Up-to-date: /home/jr-machine/ros2_ws_battery/install/battery_msg/include/battery_msg/battery_msg/msg/detail/battery_status__rosidl_typesupport_fastrtps_c.h
-- Up-to-date: /home/jr-machine/ros2_ws_battery/install/battery_msg/lib/libbattery_msg__rosidl_typesupport_fastrtps_c.so
-- Up-to-date: /home/jr-machine/ros2_ws_battery/install/battery_msg/include/battery_msg/battery_msg
-- Up-to-date: /home/jr-machine/ros2_ws_battery/install/battery_msg/include/battery_msg/battery_msg/msg
-- Up-to-date: /home/jr-machine/ros2_ws_battery/install/battery_msg/include/battery_msg/battery_msg/msg/battery_status.hpp
-- Up-to-date: /home/jr-machine/ros2_ws_battery/install/battery_msg/include/battery_msg/battery_msg/msg/rosidl_generator_cpp__visibility_control.hpp
-- Up-to-date: /home/jr-machine/ros2_ws_battery/install/battery_msg/include/battery_msg/battery_msg/msg/detail
-- Up-to-date: /home/jr-machine/ros2_ws_battery/install/battery_msg/include/battery_msg/battery_msg/msg/detail/battery_status__type_support.hpp
-- Up-to-date: /home/jr-machine/ros2_ws_battery/install/battery_msg/include/battery_msg/battery_msg/msg/detail/battery_status__struct.hpp
-- Up-to-date: /home/jr-machine/ros2_ws_battery/install/battery_msg/include/battery_msg/battery_msg/msg/detail/battery_status__traits.hpp
-- Up-to-date: /home/jr-machine/ros2_ws_battery/install/battery_msg/include/battery_msg/battery_msg/msg/detail/battery_status__builder.hpp
-- Up-to-date: /home/jr-machine/ros2_ws_battery/install/battery_msg/include/battery_msg/battery_msg
-- Up-to-date: /home/jr-machine/ros2_ws_battery/install/battery_msg/include/battery_msg/battery_msg/msg
-- Up-to-date: /home/jr-machine/ros2_ws_battery/install/battery_msg/include/battery_msg/battery_msg/msg/detail
-- Up-to-date: /home/jr-machine/ros2_ws_battery/install/battery_msg/include/battery_msg/battery_msg/msg/detail/dds_fastrtps
-- Up-to-date: /home/jr-machine/ros2_ws_battery/install/battery_msg/include/battery_msg/battery_msg/msg/detail/battery_status__rosidl_typesupport_fastrtps_cpp.hpp
-- Up-to-date: /home/jr-machine/ros2_ws_battery/install/battery_msg/include/battery_msg/battery_msg/msg/rosidl_typesupport_fastrtps_cpp__visibility_control.h
-- Up-to-date: /home/jr-machine/ros2_ws_battery/install/battery_msg/lib/libbattery_msg__rosidl_typesupport_fastrtps_cpp.so
-- Up-to-date: /home/jr-machine/ros2_ws_battery/install/battery_msg/include/battery_msg/battery_msg
-- Up-to-date: /home/jr-machine/ros2_ws_battery/install/battery_msg/include/battery_msg/battery_msg/msg
-- Up-to-date: /home/jr-machine/ros2_ws_battery/install/battery_msg/include/battery_msg/battery_msg/msg/detail
-- Up-to-date: /home/jr-machine/ros2_ws_battery/install/battery_msg/include/battery_msg/battery_msg/msg/detail/battery_status__type_support.c
-- Up-to-date: /home/jr-machine/ros2_ws_battery/install/battery_msg/include/battery_msg/battery_msg/msg/detail/battery_status__rosidl_typesupport_introspection_c.h
-- Up-to-date: /home/jr-machine/ros2_ws_battery/install/battery_msg/include/battery_msg/battery_msg/msg/rosidl_typesupport_introspection_c__visibility_control.h
-- Up-to-date: /home/jr-machine/ros2_ws_battery/install/battery_msg/lib/libbattery_msg__rosidl_typesupport_introspection_c.so
-- Up-to-date: /home/jr-machine/ros2_ws_battery/install/battery_msg/lib/libbattery_msg__rosidl_typesupport_c.so
-- Up-to-date: /home/jr-machine/ros2_ws_battery/install/battery_msg/include/battery_msg/battery_msg
-- Up-to-date: /home/jr-machine/ros2_ws_battery/install/battery_msg/include/battery_msg/battery_msg/msg
-- Up-to-date: /home/jr-machine/ros2_ws_battery/install/battery_msg/include/battery_msg/battery_msg/msg/detail
-- Up-to-date: /home/jr-machine/ros2_ws_battery/install/battery_msg/include/battery_msg/battery_msg/msg/detail/battery_status__type_support.cpp
-- Up-to-date: /home/jr-machine/ros2_ws_battery/install/battery_msg/include/battery_msg/battery_msg/msg/detail/battery_status__rosidl_typesupport_introspection_cpp.hpp
-- Up-to-date: /home/jr-machine/ros2_ws_battery/install/battery_msg/lib/libbattery_msg__rosidl_typesupport_introspection_cpp.so
-- Up-to-date: /home/jr-machine/ros2_ws_battery/install/battery_msg/lib/libbattery_msg__rosidl_typesupport_cpp.so
-- Up-to-date: /home/jr-machine/ros2_ws_battery/install/battery_msg/share/battery_msg/environment/pythonpath.sh
-- Up-to-date: /home/jr-machine/ros2_ws_battery/install/battery_msg/share/battery_msg/environment/pythonpath.dsv
-- Up-to-date: /home/jr-machine/ros2_ws_battery/install/battery_msg/local/lib/python3.10/dist-packages/battery_msg-0.0.1-py3.10.egg-info
-- Installing: /home/jr-machine/ros2_ws_battery/install/battery_msg/local/lib/python3.10/dist-packages/battery_msg-0.0.1-py3.10.egg-info/top_level.txt
-- Installing: /home/jr-machine/ros2_ws_battery/install/battery_msg/local/lib/python3.10/dist-packages/battery_msg-0.0.1-py3.10.egg-info/SOURCES.txt
-- Installing: /home/jr-machine/ros2_ws_battery/install/battery_msg/local/lib/python3.10/dist-packages/battery_msg-0.0.1-py3.10.egg-info/dependency_links.txt
-- Installing: /home/jr-machine/ros2_ws_battery/install/battery_msg/local/lib/python3.10/dist-packages/battery_msg-0.0.1-py3.10.egg-info/PKG-INFO
-- Up-to-date: /home/jr-machine/ros2_ws_battery/install/battery_msg/local/lib/python3.10/dist-packages/battery_msg
-- Up-to-date: /home/jr-machine/ros2_ws_battery/install/battery_msg/local/lib/python3.10/dist-packages/battery_msg/__init__.py
-- Up-to-date: /home/jr-machine/ros2_ws_battery/install/battery_msg/local/lib/python3.10/dist-packages/battery_msg/battery_msg_s__rosidl_typesupport_fastrtps_c.cpython-310-x86_64-linux-gnu.so
-- Up-to-date: /home/jr-machine/ros2_ws_battery/install/battery_msg/local/lib/python3.10/dist-packages/battery_msg/battery_msg_s__rosidl_typesupport_introspection_c.cpython-310-x86_64-linux-gnu.so
-- Up-to-date: /home/jr-machine/ros2_ws_battery/install/battery_msg/local/lib/python3.10/dist-packages/battery_msg/battery_msg_s__rosidl_typesupport_c.cpython-310-x86_64-linux-gnu.so
-- Up-to-date: /home/jr-machine/ros2_ws_battery/install/battery_msg/local/lib/python3.10/dist-packages/battery_msg/_battery_msg_s.ep.rosidl_typesupport_fastrtps_c.c
-- Up-to-date: /home/jr-machine/ros2_ws_battery/install/battery_msg/local/lib/python3.10/dist-packages/battery_msg/_battery_msg_s.ep.rosidl_typesupport_c.c
-- Up-to-date: /home/jr-machine/ros2_ws_battery/install/battery_msg/local/lib/python3.10/dist-packages/battery_msg/_battery_msg_s.ep.rosidl_typesupport_introspection_c.c
-- Up-to-date: /home/jr-machine/ros2_ws_battery/install/battery_msg/local/lib/python3.10/dist-packages/battery_msg/msg
-- Up-to-date: /home/jr-machine/ros2_ws_battery/install/battery_msg/local/lib/python3.10/dist-packages/battery_msg/msg/__init__.py
-- Up-to-date: /home/jr-machine/ros2_ws_battery/install/battery_msg/local/lib/python3.10/dist-packages/battery_msg/msg/_battery_status_s.c
-- Up-to-date: /home/jr-machine/ros2_ws_battery/install/battery_msg/local/lib/python3.10/dist-packages/battery_msg/msg/_battery_status.py
-- Up-to-date: /home/jr-machine/ros2_ws_battery/install/battery_msg/local/lib/python3.10/dist-packages/battery_msg/libbattery_msg__rosidl_generator_py.so
Listing '/home/jr-machine/ros2_ws_battery/install/battery_msg/local/lib/python3.10/dist-packages/battery_msg'...
Listing '/home/jr-machine/ros2_ws_battery/install/battery_msg/local/lib/python3.10/dist-packages/battery_msg/msg'...
-- Up-to-date: /home/jr-machine/ros2_ws_battery/install/battery_msg/local/lib/python3.10/dist-packages/battery_msg/battery_msg_s__rosidl_typesupport_fastrtps_c.cpython-310-x86_64-linux-gnu.so
-- Up-to-date: /home/jr-machine/ros2_ws_battery/install/battery_msg/local/lib/python3.10/dist-packages/battery_msg/battery_msg_s__rosidl_typesupport_introspection_c.cpython-310-x86_64-linux-gnu.so
-- Up-to-date: /home/jr-machine/ros2_ws_battery/install/battery_msg/local/lib/python3.10/dist-packages/battery_msg/battery_msg_s__rosidl_typesupport_c.cpython-310-x86_64-linux-gnu.so
-- Up-to-date: /home/jr-machine/ros2_ws_battery/install/battery_msg/lib/libbattery_msg__rosidl_generator_py.so
-- Up-to-date: /home/jr-machine/ros2_ws_battery/install/battery_msg/share/battery_msg/msg/BatteryStatus.idl
-- Up-to-date: /home/jr-machine/ros2_ws_battery/install/battery_msg/share/battery_msg/msg/BatteryStatus.msg
-- Up-to-date: /home/jr-machine/ros2_ws_battery/install/battery_msg/share/ament_index/resource_index/package_run_dependencies/battery_msg
-- Up-to-date: /home/jr-machine/ros2_ws_battery/install/battery_msg/share/ament_index/resource_index/parent_prefix_path/battery_msg
-- Up-to-date: /home/jr-machine/ros2_ws_battery/install/battery_msg/share/battery_msg/environment/ament_prefix_path.sh
-- Up-to-date: /home/jr-machine/ros2_ws_battery/install/battery_msg/share/battery_msg/environment/ament_prefix_path.dsv
-- Up-to-date: /home/jr-machine/ros2_ws_battery/install/battery_msg/share/battery_msg/environment/path.sh
-- Up-to-date: /home/jr-machine/ros2_ws_battery/install/battery_msg/share/battery_msg/environment/path.dsv
-- Up-to-date: /home/jr-machine/ros2_ws_battery/install/battery_msg/share/battery_msg/local_setup.bash
-- Up-to-date: /home/jr-machine/ros2_ws_battery/install/battery_msg/share/battery_msg/local_setup.sh
-- Up-to-date: /home/jr-machine/ros2_ws_battery/install/battery_msg/share/battery_msg/local_setup.zsh
-- Up-to-date: /home/jr-machine/ros2_ws_battery/install/battery_msg/share/battery_msg/local_setup.dsv
-- Installing: /home/jr-machine/ros2_ws_battery/install/battery_msg/share/battery_msg/package.dsv
-- Up-to-date: /home/jr-machine/ros2_ws_battery/install/battery_msg/share/ament_index/resource_index/packages/battery_msg
-- Up-to-date: /home/jr-machine/ros2_ws_battery/install/battery_msg/share/battery_msg/cmake/export_battery_msg__rosidl_generator_cExport.cmake
-- Up-to-date: /home/jr-machine/ros2_ws_battery/install/battery_msg/share/battery_msg/cmake/export_battery_msg__rosidl_generator_cExport-noconfig.cmake
-- Up-to-date: /home/jr-machine/ros2_ws_battery/install/battery_msg/share/battery_msg/cmake/export_battery_msg__rosidl_typesupport_fastrtps_cExport.cmake
-- Up-to-date: /home/jr-machine/ros2_ws_battery/install/battery_msg/share/battery_msg/cmake/export_battery_msg__rosidl_typesupport_fastrtps_cExport-noconfig.cmake
-- Up-to-date: /home/jr-machine/ros2_ws_battery/install/battery_msg/share/battery_msg/cmake/export_battery_msg__rosidl_generator_cppExport.cmake
-- Up-to-date: /home/jr-machine/ros2_ws_battery/install/battery_msg/share/battery_msg/cmake/export_battery_msg__rosidl_typesupport_fastrtps_cppExport.cmake
-- Up-to-date: /home/jr-machine/ros2_ws_battery/install/battery_msg/share/battery_msg/cmake/export_battery_msg__rosidl_typesupport_fastrtps_cppExport-noconfig.cmake
-- Up-to-date: /home/jr-machine/ros2_ws_battery/install/battery_msg/share/battery_msg/cmake/battery_msg__rosidl_typesupport_introspection_cExport.cmake
-- Up-to-date: /home/jr-machine/ros2_ws_battery/install/battery_msg/share/battery_msg/cmake/battery_msg__rosidl_typesupport_introspection_cExport-noconfig.cmake
-- Up-to-date: /home/jr-machine/ros2_ws_battery/install/battery_msg/share/battery_msg/cmake/battery_msg__rosidl_typesupport_cExport.cmake
-- Up-to-date: /home/jr-machine/ros2_ws_battery/install/battery_msg/share/battery_msg/cmake/battery_msg__rosidl_typesupport_cExport-noconfig.cmake
-- Up-to-date: /home/jr-machine/ros2_ws_battery/install/battery_msg/share/battery_msg/cmake/battery_msg__rosidl_typesupport_introspection_cppExport.cmake
-- Up-to-date: /home/jr-machine/ros2_ws_battery/install/battery_msg/share/battery_msg/cmake/battery_msg__rosidl_typesupport_introspection_cppExport-noconfig.cmake
-- Up-to-date: /home/jr-machine/ros2_ws_battery/install/battery_msg/share/battery_msg/cmake/battery_msg__rosidl_typesupport_cppExport.cmake
-- Up-to-date: /home/jr-machine/ros2_ws_battery/install/battery_msg/share/battery_msg/cmake/battery_msg__rosidl_typesupport_cppExport-noconfig.cmake
-- Up-to-date: /home/jr-machine/ros2_ws_battery/install/battery_msg/share/battery_msg/cmake/export_battery_msg__rosidl_generator_pyExport.cmake
-- Up-to-date: /home/jr-machine/ros2_ws_battery/install/battery_msg/share/battery_msg/cmake/export_battery_msg__rosidl_generator_pyExport-noconfig.cmake
-- Up-to-date: /home/jr-machine/ros2_ws_battery/install/battery_msg/share/battery_msg/cmake/rosidl_cmake-extras.cmake
-- Up-to-date: /home/jr-machine/ros2_ws_battery/install/battery_msg/share/battery_msg/cmake/ament_cmake_export_dependencies-extras.cmake
-- Up-to-date: /home/jr-machine/ros2_ws_battery/install/battery_msg/share/battery_msg/cmake/ament_cmake_export_include_directories-extras.cmake
-- Up-to-date: /home/jr-machine/ros2_ws_battery/install/battery_msg/share/battery_msg/cmake/ament_cmake_export_libraries-extras.cmake
-- Up-to-date: /home/jr-machine/ros2_ws_battery/install/battery_msg/share/battery_msg/cmake/ament_cmake_export_targets-extras.cmake
-- Up-to-date: /home/jr-machine/ros2_ws_battery/install/battery_msg/share/battery_msg/cmake/rosidl_cmake_export_typesupport_targets-extras.cmake
-- Up-to-date: /home/jr-machine/ros2_ws_battery/install/battery_msg/share/battery_msg/cmake/rosidl_cmake_export_typesupport_libraries-extras.cmake
-- Up-to-date: /home/jr-machine/ros2_ws_battery/install/battery_msg/share/battery_msg/cmake/battery_msgConfig.cmake
-- Up-to-date: /home/jr-machine/ros2_ws_battery/install/battery_msg/share/battery_msg/cmake/battery_msgConfig-version.cmake
-- Up-to-date: /home/jr-machine/ros2_ws_battery/install/battery_msg/share/battery_msg/package.xml
