[0.009s] Invoking command in '/home/jr-machine/ros2_ws_battery/build/battery_msg': CMAKE_PREFIX_PATH=/home/jr-machine/ros2_ws_battery/install/battery_monitor:/home/jr-machine/ros2_ws/install/my_py_pkg:/home/jr-machine/ros2_ws_nodes/install/new_py_pkg:/opt/ros/humble /usr/bin/cmake --build /home/jr-machine/ros2_ws_battery/build/battery_msg -- -j8 -l8
[0.028s] -- Found ament_cmake: 1.3.11 (/opt/ros/humble/share/ament_cmake/cmake)
[0.140s] -- Found std_msgs: 4.8.0 (/opt/ros/humble/share/std_msgs/cmake)
[0.160s] -- Found rosidl_generator_c: 3.1.6 (/opt/ros/humble/share/rosidl_generator_c/cmake)
[0.162s] -- Found rosidl_adapter: 3.1.6 (/opt/ros/humble/share/rosidl_adapter/cmake)
[0.167s] -- Found rosidl_generator_cpp: 3.1.6 (/opt/ros/humble/share/rosidl_generator_cpp/cmake)
[0.176s] -- Using all available rosidl_typesupport_c: rosidl_typesupport_fastrtps_c;rosidl_typesupport_introspection_c
[0.186s] -- Using all available rosidl_typesupport_cpp: rosidl_typesupport_fastrtps_cpp;rosidl_typesupport_introspection_cpp
[0.206s] -- Found battery_msg: 0.0.1 (/home/jr-machine/ros2_ws_battery/install/battery_msg/share/battery_msg/cmake)
[0.216s] -- Found rosidl_default_generators: 1.2.0 (/opt/ros/humble/share/rosidl_default_generators/cmake)
[0.451s] -- Found ament_cmake_ros: 0.10.0 (/opt/ros/humble/share/ament_cmake_ros/cmake)
[0.756s] -- Using all available rosidl_typesupport_c: rosidl_typesupport_fastrtps_c;rosidl_typesupport_introspection_c
[0.876s] -- Using all available rosidl_typesupport_cpp: rosidl_typesupport_fastrtps_cpp;rosidl_typesupport_introspection_cpp
[0.895s] -- Found python_cmake_module: 0.10.0 (/opt/ros/humble/share/python_cmake_module/cmake)
[0.914s] -- Using PYTHON_EXECUTABLE: /usr/bin/python3
[0.915s] -- Using PYTHON_INCLUDE_DIRS: /usr/include/python3.10
[0.915s] -- Using PYTHON_LIBRARIES: /usr/lib/x86_64-linux-gnu/libpython3.10.so
[0.938s] -- Found ament_lint_auto: 0.12.12 (/opt/ros/humble/share/ament_lint_auto/cmake)
[0.946s] -- Added test 'flake8' to check Python code syntax and style conventions
[0.946s] -- Added test 'lint_cmake' to check CMake code style
[0.946s] -- Added test 'pep257' to check Python code against some of the docstring style conventions in PEP 257
[0.948s] -- Added test 'xmllint' to check XML markup files
[0.949s] -- Configuring done
[0.975s] -- Generating done
[0.986s] -- Build files have been written to: /home/jr-machine/ros2_ws_battery/build/battery_msg
[1.006s] [35m[1mConsolidate compiler generated dependencies of target battery_msg__rosidl_generator_c[0m
[1.014s] [  3%] Built target battery_msg__cpp
[1.014s] [ 12%] Built target battery_msg__rosidl_generator_c
[1.023s] [35m[1mConsolidate compiler generated dependencies of target battery_msg__rosidl_typesupport_introspection_c[0m
[1.023s] [35m[1mConsolidate compiler generated dependencies of target battery_msg__rosidl_typesupport_fastrtps_cpp[0m
[1.023s] [ 12%] Built target ament_cmake_python_copy_battery_msg
[1.025s] [35m[1mConsolidate compiler generated dependencies of target battery_msg__rosidl_typesupport_cpp[0m
[1.025s] [35m[1mConsolidate compiler generated dependencies of target battery_msg__rosidl_typesupport_c[0m
[1.025s] [35m[1mConsolidate compiler generated dependencies of target battery_msg__rosidl_typesupport_introspection_cpp[0m
[1.036s] [ 22%] Built target battery_msg__rosidl_typesupport_introspection_c
[1.036s] [35m[1mConsolidate compiler generated dependencies of target battery_msg__rosidl_typesupport_fastrtps_c[0m
[1.036s] [ 32%] Built target battery_msg__rosidl_typesupport_fastrtps_cpp
[1.037s] [ 41%] Built target battery_msg__rosidl_typesupport_introspection_cpp
[1.037s] [ 51%] Built target battery_msg__rosidl_typesupport_cpp
[1.039s] [ 61%] Built target battery_msg__rosidl_typesupport_c
[1.045s] [ 70%] Built target battery_msg__rosidl_typesupport_fastrtps_c
[1.061s] [ 70%] Built target battery_msg
[1.077s] [ 74%] Built target battery_msg__py
[1.085s] [35m[1mConsolidate compiler generated dependencies of target battery_msg__rosidl_generator_py[0m
[1.094s] [ 80%] Built target battery_msg__rosidl_generator_py
[1.102s] [35m[1mConsolidate compiler generated dependencies of target battery_msg__rosidl_typesupport_introspection_c__pyext[0m
[1.103s] [35m[1mConsolidate compiler generated dependencies of target battery_msg__rosidl_typesupport_fastrtps_c__pyext[0m
[1.103s] [35m[1mConsolidate compiler generated dependencies of target battery_msg__rosidl_typesupport_c__pyext[0m
[1.112s] [100%] Built target battery_msg__rosidl_typesupport_introspection_c__pyext
[1.112s] [100%] Built target battery_msg__rosidl_typesupport_c__pyext
[1.112s] [100%] Built target battery_msg__rosidl_typesupport_fastrtps_c__pyext
[1.249s] running egg_info
[1.250s] writing battery_msg.egg-info/PKG-INFO
[1.250s] writing dependency_links to battery_msg.egg-info/dependency_links.txt
[1.251s] writing top-level names to battery_msg.egg-info/top_level.txt
[1.252s] reading manifest file 'battery_msg.egg-info/SOURCES.txt'
[1.253s] writing manifest file 'battery_msg.egg-info/SOURCES.txt'
[1.277s] [100%] Built target ament_cmake_python_build_battery_msg_egg
[1.287s] Invoked command in '/home/jr-machine/ros2_ws_battery/build/battery_msg' returned '0': CMAKE_PREFIX_PATH=/home/jr-machine/ros2_ws_battery/install/battery_monitor:/home/jr-machine/ros2_ws/install/my_py_pkg:/home/jr-machine/ros2_ws_nodes/install/new_py_pkg:/opt/ros/humble /usr/bin/cmake --build /home/jr-machine/ros2_ws_battery/build/battery_msg -- -j8 -l8
[1.296s] Invoking command in '/home/jr-machine/ros2_ws_battery/build/battery_msg': CMAKE_PREFIX_PATH=/home/jr-machine/ros2_ws_battery/install/battery_monitor:/home/jr-machine/ros2_ws/install/my_py_pkg:/home/jr-machine/ros2_ws_nodes/install/new_py_pkg:/opt/ros/humble /usr/bin/cmake --install /home/jr-machine/ros2_ws_battery/build/battery_msg
[1.302s] -- Install configuration: ""
[1.303s] -- Up-to-date: /home/jr-machine/ros2_ws_battery/install/battery_msg/share/ament_index/resource_index/rosidl_interfaces/battery_msg
[1.303s] -- Up-to-date: /home/jr-machine/ros2_ws_battery/install/battery_msg/include/battery_msg/battery_msg
[1.303s] -- Up-to-date: /home/jr-machine/ros2_ws_battery/install/battery_msg/include/battery_msg/battery_msg/msg
[1.303s] -- Up-to-date: /home/jr-machine/ros2_ws_battery/install/battery_msg/include/battery_msg/battery_msg/msg/battery_status.h
[1.303s] -- Up-to-date: /home/jr-machine/ros2_ws_battery/install/battery_msg/include/battery_msg/battery_msg/msg/detail
[1.303s] -- Up-to-date: /home/jr-machine/ros2_ws_battery/install/battery_msg/include/battery_msg/battery_msg/msg/detail/battery_status__type_support.h
[1.303s] -- Up-to-date: /home/jr-machine/ros2_ws_battery/install/battery_msg/include/battery_msg/battery_msg/msg/detail/battery_status__functions.c
[1.303s] -- Up-to-date: /home/jr-machine/ros2_ws_battery/install/battery_msg/include/battery_msg/battery_msg/msg/detail/battery_status__functions.h
[1.303s] -- Up-to-date: /home/jr-machine/ros2_ws_battery/install/battery_msg/include/battery_msg/battery_msg/msg/detail/battery_status__struct.h
[1.303s] -- Up-to-date: /home/jr-machine/ros2_ws_battery/install/battery_msg/include/battery_msg/battery_msg/msg/rosidl_generator_c__visibility_control.h
[1.303s] -- Up-to-date: /home/jr-machine/ros2_ws_battery/install/battery_msg/share/battery_msg/environment/library_path.sh
[1.303s] -- Installing: /home/jr-machine/ros2_ws_battery/install/battery_msg/share/battery_msg/environment/library_path.dsv
[1.304s] -- Up-to-date: /home/jr-machine/ros2_ws_battery/install/battery_msg/lib/libbattery_msg__rosidl_generator_c.so
[1.304s] -- Up-to-date: /home/jr-machine/ros2_ws_battery/install/battery_msg/include/battery_msg/battery_msg
[1.304s] -- Up-to-date: /home/jr-machine/ros2_ws_battery/install/battery_msg/include/battery_msg/battery_msg/msg
[1.304s] -- Up-to-date: /home/jr-machine/ros2_ws_battery/install/battery_msg/include/battery_msg/battery_msg/msg/rosidl_typesupport_fastrtps_c__visibility_control.h
[1.304s] -- Up-to-date: /home/jr-machine/ros2_ws_battery/install/battery_msg/include/battery_msg/battery_msg/msg/detail
[1.304s] -- Up-to-date: /home/jr-machine/ros2_ws_battery/install/battery_msg/include/battery_msg/battery_msg/msg/detail/battery_status__rosidl_typesupport_fastrtps_c.h
[1.304s] -- Up-to-date: /home/jr-machine/ros2_ws_battery/install/battery_msg/lib/libbattery_msg__rosidl_typesupport_fastrtps_c.so
[1.304s] -- Up-to-date: /home/jr-machine/ros2_ws_battery/install/battery_msg/include/battery_msg/battery_msg
[1.304s] -- Up-to-date: /home/jr-machine/ros2_ws_battery/install/battery_msg/include/battery_msg/battery_msg/msg
[1.304s] -- Up-to-date: /home/jr-machine/ros2_ws_battery/install/battery_msg/include/battery_msg/battery_msg/msg/battery_status.hpp
[1.304s] -- Up-to-date: /home/jr-machine/ros2_ws_battery/install/battery_msg/include/battery_msg/battery_msg/msg/rosidl_generator_cpp__visibility_control.hpp
[1.304s] -- Up-to-date: /home/jr-machine/ros2_ws_battery/install/battery_msg/include/battery_msg/battery_msg/msg/detail
[1.304s] -- Up-to-date: /home/jr-machine/ros2_ws_battery/install/battery_msg/include/battery_msg/battery_msg/msg/detail/battery_status__type_support.hpp
[1.304s] -- Up-to-date: /home/jr-machine/ros2_ws_battery/install/battery_msg/include/battery_msg/battery_msg/msg/detail/battery_status__struct.hpp
[1.304s] -- Up-to-date: /home/jr-machine/ros2_ws_battery/install/battery_msg/include/battery_msg/battery_msg/msg/detail/battery_status__traits.hpp
[1.305s] -- Up-to-date: /home/jr-machine/ros2_ws_battery/install/battery_msg/include/battery_msg/battery_msg/msg/detail/battery_status__builder.hpp
[1.305s] -- Up-to-date: /home/jr-machine/ros2_ws_battery/install/battery_msg/include/battery_msg/battery_msg
[1.305s] -- Up-to-date: /home/jr-machine/ros2_ws_battery/install/battery_msg/include/battery_msg/battery_msg/msg
[1.305s] -- Up-to-date: /home/jr-machine/ros2_ws_battery/install/battery_msg/include/battery_msg/battery_msg/msg/detail
[1.305s] -- Up-to-date: /home/jr-machine/ros2_ws_battery/install/battery_msg/include/battery_msg/battery_msg/msg/detail/dds_fastrtps
[1.305s] -- Up-to-date: /home/jr-machine/ros2_ws_battery/install/battery_msg/include/battery_msg/battery_msg/msg/detail/battery_status__rosidl_typesupport_fastrtps_cpp.hpp
[1.305s] -- Up-to-date: /home/jr-machine/ros2_ws_battery/install/battery_msg/include/battery_msg/battery_msg/msg/rosidl_typesupport_fastrtps_cpp__visibility_control.h
[1.305s] -- Up-to-date: /home/jr-machine/ros2_ws_battery/install/battery_msg/lib/libbattery_msg__rosidl_typesupport_fastrtps_cpp.so
[1.305s] -- Up-to-date: /home/jr-machine/ros2_ws_battery/install/battery_msg/include/battery_msg/battery_msg
[1.305s] -- Up-to-date: /home/jr-machine/ros2_ws_battery/install/battery_msg/include/battery_msg/battery_msg/msg
[1.305s] -- Up-to-date: /home/jr-machine/ros2_ws_battery/install/battery_msg/include/battery_msg/battery_msg/msg/detail
[1.305s] -- Up-to-date: /home/jr-machine/ros2_ws_battery/install/battery_msg/include/battery_msg/battery_msg/msg/detail/battery_status__type_support.c
[1.305s] -- Up-to-date: /home/jr-machine/ros2_ws_battery/install/battery_msg/include/battery_msg/battery_msg/msg/detail/battery_status__rosidl_typesupport_introspection_c.h
[1.305s] -- Up-to-date: /home/jr-machine/ros2_ws_battery/install/battery_msg/include/battery_msg/battery_msg/msg/rosidl_typesupport_introspection_c__visibility_control.h
[1.305s] -- Up-to-date: /home/jr-machine/ros2_ws_battery/install/battery_msg/lib/libbattery_msg__rosidl_typesupport_introspection_c.so
[1.305s] -- Up-to-date: /home/jr-machine/ros2_ws_battery/install/battery_msg/lib/libbattery_msg__rosidl_typesupport_c.so
[1.306s] -- Up-to-date: /home/jr-machine/ros2_ws_battery/install/battery_msg/include/battery_msg/battery_msg
[1.306s] -- Up-to-date: /home/jr-machine/ros2_ws_battery/install/battery_msg/include/battery_msg/battery_msg/msg
[1.306s] -- Up-to-date: /home/jr-machine/ros2_ws_battery/install/battery_msg/include/battery_msg/battery_msg/msg/detail
[1.306s] -- Up-to-date: /home/jr-machine/ros2_ws_battery/install/battery_msg/include/battery_msg/battery_msg/msg/detail/battery_status__type_support.cpp
[1.306s] -- Up-to-date: /home/jr-machine/ros2_ws_battery/install/battery_msg/include/battery_msg/battery_msg/msg/detail/battery_status__rosidl_typesupport_introspection_cpp.hpp
[1.306s] -- Up-to-date: /home/jr-machine/ros2_ws_battery/install/battery_msg/lib/libbattery_msg__rosidl_typesupport_introspection_cpp.so
[1.306s] -- Up-to-date: /home/jr-machine/ros2_ws_battery/install/battery_msg/lib/libbattery_msg__rosidl_typesupport_cpp.so
[1.306s] -- Up-to-date: /home/jr-machine/ros2_ws_battery/install/battery_msg/share/battery_msg/environment/pythonpath.sh
[1.306s] -- Installing: /home/jr-machine/ros2_ws_battery/install/battery_msg/share/battery_msg/environment/pythonpath.dsv
[1.306s] -- Up-to-date: /home/jr-machine/ros2_ws_battery/install/battery_msg/local/lib/python3.10/dist-packages/battery_msg-0.0.1-py3.10.egg-info
[1.306s] -- Installing: /home/jr-machine/ros2_ws_battery/install/battery_msg/local/lib/python3.10/dist-packages/battery_msg-0.0.1-py3.10.egg-info/top_level.txt
[1.306s] -- Installing: /home/jr-machine/ros2_ws_battery/install/battery_msg/local/lib/python3.10/dist-packages/battery_msg-0.0.1-py3.10.egg-info/SOURCES.txt
[1.306s] -- Installing: /home/jr-machine/ros2_ws_battery/install/battery_msg/local/lib/python3.10/dist-packages/battery_msg-0.0.1-py3.10.egg-info/dependency_links.txt
[1.306s] -- Installing: /home/jr-machine/ros2_ws_battery/install/battery_msg/local/lib/python3.10/dist-packages/battery_msg-0.0.1-py3.10.egg-info/PKG-INFO
[1.306s] -- Up-to-date: /home/jr-machine/ros2_ws_battery/install/battery_msg/local/lib/python3.10/dist-packages/battery_msg
[1.306s] -- Installing: /home/jr-machine/ros2_ws_battery/install/battery_msg/local/lib/python3.10/dist-packages/battery_msg/__init__.py
[1.306s] -- Up-to-date: /home/jr-machine/ros2_ws_battery/install/battery_msg/local/lib/python3.10/dist-packages/battery_msg/battery_msg_s__rosidl_typesupport_fastrtps_c.cpython-310-x86_64-linux-gnu.so
[1.307s] -- Up-to-date: /home/jr-machine/ros2_ws_battery/install/battery_msg/local/lib/python3.10/dist-packages/battery_msg/battery_msg_s__rosidl_typesupport_introspection_c.cpython-310-x86_64-linux-gnu.so
[1.307s] -- Up-to-date: /home/jr-machine/ros2_ws_battery/install/battery_msg/local/lib/python3.10/dist-packages/battery_msg/battery_msg_s__rosidl_typesupport_c.cpython-310-x86_64-linux-gnu.so
[1.307s] -- Up-to-date: /home/jr-machine/ros2_ws_battery/install/battery_msg/local/lib/python3.10/dist-packages/battery_msg/_battery_msg_s.ep.rosidl_typesupport_fastrtps_c.c
[1.307s] -- Up-to-date: /home/jr-machine/ros2_ws_battery/install/battery_msg/local/lib/python3.10/dist-packages/battery_msg/_battery_msg_s.ep.rosidl_typesupport_c.c
[1.307s] -- Up-to-date: /home/jr-machine/ros2_ws_battery/install/battery_msg/local/lib/python3.10/dist-packages/battery_msg/_battery_msg_s.ep.rosidl_typesupport_introspection_c.c
[1.307s] -- Up-to-date: /home/jr-machine/ros2_ws_battery/install/battery_msg/local/lib/python3.10/dist-packages/battery_msg/msg
[1.307s] -- Up-to-date: /home/jr-machine/ros2_ws_battery/install/battery_msg/local/lib/python3.10/dist-packages/battery_msg/msg/__init__.py
[1.307s] -- Up-to-date: /home/jr-machine/ros2_ws_battery/install/battery_msg/local/lib/python3.10/dist-packages/battery_msg/msg/_battery_status_s.c
[1.307s] -- Up-to-date: /home/jr-machine/ros2_ws_battery/install/battery_msg/local/lib/python3.10/dist-packages/battery_msg/msg/_battery_status.py
[1.307s] -- Up-to-date: /home/jr-machine/ros2_ws_battery/install/battery_msg/local/lib/python3.10/dist-packages/battery_msg/libbattery_msg__rosidl_generator_py.so
[1.336s] Listing '/home/jr-machine/ros2_ws_battery/install/battery_msg/local/lib/python3.10/dist-packages/battery_msg'...
[1.336s] Compiling '/home/jr-machine/ros2_ws_battery/install/battery_msg/local/lib/python3.10/dist-packages/battery_msg/__init__.py'...
[1.336s] Listing '/home/jr-machine/ros2_ws_battery/install/battery_msg/local/lib/python3.10/dist-packages/battery_msg/msg'...
[1.340s] -- Up-to-date: /home/jr-machine/ros2_ws_battery/install/battery_msg/local/lib/python3.10/dist-packages/battery_msg/battery_msg_s__rosidl_typesupport_fastrtps_c.cpython-310-x86_64-linux-gnu.so
[1.340s] -- Up-to-date: /home/jr-machine/ros2_ws_battery/install/battery_msg/local/lib/python3.10/dist-packages/battery_msg/battery_msg_s__rosidl_typesupport_introspection_c.cpython-310-x86_64-linux-gnu.so
[1.340s] -- Up-to-date: /home/jr-machine/ros2_ws_battery/install/battery_msg/local/lib/python3.10/dist-packages/battery_msg/battery_msg_s__rosidl_typesupport_c.cpython-310-x86_64-linux-gnu.so
[1.341s] -- Up-to-date: /home/jr-machine/ros2_ws_battery/install/battery_msg/lib/libbattery_msg__rosidl_generator_py.so
[1.341s] -- Up-to-date: /home/jr-machine/ros2_ws_battery/install/battery_msg/share/battery_msg/msg/BatteryStatus.idl
[1.341s] -- Up-to-date: /home/jr-machine/ros2_ws_battery/install/battery_msg/share/battery_msg/msg/BatteryStatus.msg
[1.341s] -- Up-to-date: /home/jr-machine/ros2_ws_battery/install/battery_msg/share/ament_index/resource_index/package_run_dependencies/battery_msg
[1.341s] -- Installing: /home/jr-machine/ros2_ws_battery/install/battery_msg/share/ament_index/resource_index/parent_prefix_path/battery_msg
[1.341s] -- Up-to-date: /home/jr-machine/ros2_ws_battery/install/battery_msg/share/battery_msg/environment/ament_prefix_path.sh
[1.341s] -- Installing: /home/jr-machine/ros2_ws_battery/install/battery_msg/share/battery_msg/environment/ament_prefix_path.dsv
[1.341s] -- Up-to-date: /home/jr-machine/ros2_ws_battery/install/battery_msg/share/battery_msg/environment/path.sh
[1.341s] -- Installing: /home/jr-machine/ros2_ws_battery/install/battery_msg/share/battery_msg/environment/path.dsv
[1.341s] -- Up-to-date: /home/jr-machine/ros2_ws_battery/install/battery_msg/share/battery_msg/local_setup.bash
[1.341s] -- Up-to-date: /home/jr-machine/ros2_ws_battery/install/battery_msg/share/battery_msg/local_setup.sh
[1.341s] -- Up-to-date: /home/jr-machine/ros2_ws_battery/install/battery_msg/share/battery_msg/local_setup.zsh
[1.341s] -- Installing: /home/jr-machine/ros2_ws_battery/install/battery_msg/share/battery_msg/local_setup.dsv
[1.341s] -- Installing: /home/jr-machine/ros2_ws_battery/install/battery_msg/share/battery_msg/package.dsv
[1.342s] -- Up-to-date: /home/jr-machine/ros2_ws_battery/install/battery_msg/share/ament_index/resource_index/packages/battery_msg
[1.342s] -- Up-to-date: /home/jr-machine/ros2_ws_battery/install/battery_msg/share/battery_msg/cmake/export_battery_msg__rosidl_generator_cExport.cmake
[1.342s] -- Up-to-date: /home/jr-machine/ros2_ws_battery/install/battery_msg/share/battery_msg/cmake/export_battery_msg__rosidl_generator_cExport-noconfig.cmake
[1.342s] -- Up-to-date: /home/jr-machine/ros2_ws_battery/install/battery_msg/share/battery_msg/cmake/export_battery_msg__rosidl_typesupport_fastrtps_cExport.cmake
[1.342s] -- Up-to-date: /home/jr-machine/ros2_ws_battery/install/battery_msg/share/battery_msg/cmake/export_battery_msg__rosidl_typesupport_fastrtps_cExport-noconfig.cmake
[1.342s] -- Up-to-date: /home/jr-machine/ros2_ws_battery/install/battery_msg/share/battery_msg/cmake/export_battery_msg__rosidl_generator_cppExport.cmake
[1.342s] -- Up-to-date: /home/jr-machine/ros2_ws_battery/install/battery_msg/share/battery_msg/cmake/export_battery_msg__rosidl_typesupport_fastrtps_cppExport.cmake
[1.342s] -- Up-to-date: /home/jr-machine/ros2_ws_battery/install/battery_msg/share/battery_msg/cmake/export_battery_msg__rosidl_typesupport_fastrtps_cppExport-noconfig.cmake
[1.342s] -- Up-to-date: /home/jr-machine/ros2_ws_battery/install/battery_msg/share/battery_msg/cmake/battery_msg__rosidl_typesupport_introspection_cExport.cmake
[1.342s] -- Up-to-date: /home/jr-machine/ros2_ws_battery/install/battery_msg/share/battery_msg/cmake/battery_msg__rosidl_typesupport_introspection_cExport-noconfig.cmake
[1.342s] -- Up-to-date: /home/jr-machine/ros2_ws_battery/install/battery_msg/share/battery_msg/cmake/battery_msg__rosidl_typesupport_cExport.cmake
[1.342s] -- Up-to-date: /home/jr-machine/ros2_ws_battery/install/battery_msg/share/battery_msg/cmake/battery_msg__rosidl_typesupport_cExport-noconfig.cmake
[1.342s] -- Up-to-date: /home/jr-machine/ros2_ws_battery/install/battery_msg/share/battery_msg/cmake/battery_msg__rosidl_typesupport_introspection_cppExport.cmake
[1.342s] -- Up-to-date: /home/jr-machine/ros2_ws_battery/install/battery_msg/share/battery_msg/cmake/battery_msg__rosidl_typesupport_introspection_cppExport-noconfig.cmake
[1.342s] -- Up-to-date: /home/jr-machine/ros2_ws_battery/install/battery_msg/share/battery_msg/cmake/battery_msg__rosidl_typesupport_cppExport.cmake
[1.342s] -- Up-to-date: /home/jr-machine/ros2_ws_battery/install/battery_msg/share/battery_msg/cmake/battery_msg__rosidl_typesupport_cppExport-noconfig.cmake
[1.343s] -- Up-to-date: /home/jr-machine/ros2_ws_battery/install/battery_msg/share/battery_msg/cmake/export_battery_msg__rosidl_generator_pyExport.cmake
[1.343s] -- Up-to-date: /home/jr-machine/ros2_ws_battery/install/battery_msg/share/battery_msg/cmake/export_battery_msg__rosidl_generator_pyExport-noconfig.cmake
[1.343s] -- Up-to-date: /home/jr-machine/ros2_ws_battery/install/battery_msg/share/battery_msg/cmake/rosidl_cmake-extras.cmake
[1.343s] -- Up-to-date: /home/jr-machine/ros2_ws_battery/install/battery_msg/share/battery_msg/cmake/ament_cmake_export_dependencies-extras.cmake
[1.343s] -- Up-to-date: /home/jr-machine/ros2_ws_battery/install/battery_msg/share/battery_msg/cmake/ament_cmake_export_include_directories-extras.cmake
[1.343s] -- Up-to-date: /home/jr-machine/ros2_ws_battery/install/battery_msg/share/battery_msg/cmake/ament_cmake_export_libraries-extras.cmake
[1.343s] -- Up-to-date: /home/jr-machine/ros2_ws_battery/install/battery_msg/share/battery_msg/cmake/ament_cmake_export_targets-extras.cmake
[1.343s] -- Up-to-date: /home/jr-machine/ros2_ws_battery/install/battery_msg/share/battery_msg/cmake/rosidl_cmake_export_typesupport_targets-extras.cmake
[1.343s] -- Up-to-date: /home/jr-machine/ros2_ws_battery/install/battery_msg/share/battery_msg/cmake/rosidl_cmake_export_typesupport_libraries-extras.cmake
[1.343s] -- Up-to-date: /home/jr-machine/ros2_ws_battery/install/battery_msg/share/battery_msg/cmake/battery_msgConfig.cmake
[1.343s] -- Up-to-date: /home/jr-machine/ros2_ws_battery/install/battery_msg/share/battery_msg/cmake/battery_msgConfig-version.cmake
[1.343s] -- Installing: /home/jr-machine/ros2_ws_battery/install/battery_msg/share/battery_msg/package.xml
[1.345s] Invoked command in '/home/jr-machine/ros2_ws_battery/build/battery_msg' returned '0': CMAKE_PREFIX_PATH=/home/jr-machine/ros2_ws_battery/install/battery_monitor:/home/jr-machine/ros2_ws/install/my_py_pkg:/home/jr-machine/ros2_ws_nodes/install/new_py_pkg:/opt/ros/humble /usr/bin/cmake --install /home/jr-machine/ros2_ws_battery/build/battery_msg
