-- Found ament_cmake: 1.3.11 (/opt/ros/humble/share/ament_cmake/cmake)
-- Found std_msgs: 4.8.0 (/opt/ros/humble/share/std_msgs/cmake)
-- Found rosidl_generator_c: 3.1.6 (/opt/ros/humble/share/rosidl_generator_c/cmake)
-- Found rosidl_adapter: 3.1.6 (/opt/ros/humble/share/rosidl_adapter/cmake)
-- Found rosidl_generator_cpp: 3.1.6 (/opt/ros/humble/share/rosidl_generator_cpp/cmake)
-- Using all available rosidl_typesupport_c: rosidl_typesupport_fastrtps_c;rosidl_typesupport_introspection_c
-- Using all available rosidl_typesupport_cpp: rosidl_typesupport_fastrtps_cpp;rosidl_typesupport_introspection_cpp
-- Found rosidl_default_generators: 1.2.0 (/opt/ros/humble/share/rosidl_default_generators/cmake)
-- Found ament_cmake_ros: 0.10.0 (/opt/ros/humble/share/ament_cmake_ros/cmake)
-- Using all available rosidl_typesupport_c: rosidl_typesupport_fastrtps_c;rosidl_typesupport_introspection_c
-- Using all available rosidl_typesupport_cpp: rosidl_typesupport_fastrtps_cpp;rosidl_typesupport_introspection_cpp
-- Found PythonInterp: /usr/bin/python3 (found suitable version "3.10.12", minimum required is "3.6") 
-- Found python_cmake_module: 0.10.0 (/opt/ros/humble/share/python_cmake_module/cmake)
-- Found PythonLibs: /usr/lib/x86_64-linux-gnu/libpython3.10.so (found suitable version "3.10.12", minimum required is "3.5") 
-- Using PYTHON_EXECUTABLE: /usr/bin/python3
-- Using PYTHON_INCLUDE_DIRS: /usr/include/python3.10
-- Using PYTHON_LIBRARIES: /usr/lib/x86_64-linux-gnu/libpython3.10.so
-- Found PythonExtra: .so  
-- Found ament_lint_auto: 0.12.12 (/opt/ros/humble/share/ament_lint_auto/cmake)
-- Added test 'flake8' to check Python code syntax and style conventions
-- Added test 'lint_cmake' to check CMake code style
-- Added test 'pep257' to check Python code against some of the docstring style conventions in PEP 257
-- Added test 'xmllint' to check XML markup files
-- Configuring done
-- Generating done
-- Build files have been written to: /home/jr-machine/ros2_ws_battery/build/battery_msg
[  3%] [34m[1mGenerating C code for ROS interfaces[0m
[  6%] [34m[1mGenerating C++ code for ROS interfaces[0m
[  6%] Built target ament_cmake_python_copy_battery_msg
[  6%] Built target battery_msg__cpp
[  9%] [32mBuilding C object CMakeFiles/battery_msg__rosidl_generator_c.dir/rosidl_generator_c/battery_msg/msg/detail/battery_status__functions.c.o[0m
running egg_info
creating battery_msg.egg-info
writing battery_msg.egg-info/PKG-INFO
writing dependency_links to battery_msg.egg-info/dependency_links.txt
writing top-level names to battery_msg.egg-info/top_level.txt
writing manifest file 'battery_msg.egg-info/SOURCES.txt'
reading manifest file 'battery_msg.egg-info/SOURCES.txt'
writing manifest file 'battery_msg.egg-info/SOURCES.txt'
[ 19%] [34m[1mGenerating C++ type support for eProsima Fast-RTPS[0m
[ 19%] [34m[1mGenerating C++ introspection for ROS interfaces[0m
[ 19%] [34m[1mGenerating C++ type support dispatch for ROS interfaces[0m
[ 19%] Built target ament_cmake_python_build_battery_msg_egg
[ 22%] [32m[1mLinking C shared library libbattery_msg__rosidl_generator_c.so[0m
[ 22%] Built target battery_msg__rosidl_generator_c
[ 25%] [34m[1mGenerating C type support for eProsima Fast-RTPS[0m
[ 32%] [34m[1mGenerating C introspection for ROS interfaces[0m
[ 32%] [34m[1mGenerating C type support dispatch for ROS interfaces[0m
[ 35%] [32mBuilding CXX object CMakeFiles/battery_msg__rosidl_typesupport_fastrtps_cpp.dir/rosidl_typesupport_fastrtps_cpp/battery_msg/msg/detail/dds_fastrtps/battery_status__type_support.cpp.o[0m
[ 38%] [32mBuilding CXX object CMakeFiles/battery_msg__rosidl_typesupport_introspection_cpp.dir/rosidl_typesupport_introspection_cpp/battery_msg/msg/detail/battery_status__type_support.cpp.o[0m
[ 41%] [32mBuilding CXX object CMakeFiles/battery_msg__rosidl_typesupport_cpp.dir/rosidl_typesupport_cpp/battery_msg/msg/battery_status__type_support.cpp.o[0m
[ 45%] [32mBuilding C object CMakeFiles/battery_msg__rosidl_typesupport_introspection_c.dir/rosidl_typesupport_introspection_c/battery_msg/msg/detail/battery_status__type_support.c.o[0m
[ 48%] [32mBuilding CXX object CMakeFiles/battery_msg__rosidl_typesupport_c.dir/rosidl_typesupport_c/battery_msg/msg/battery_status__type_support.cpp.o[0m
[ 51%] [32mBuilding CXX object CMakeFiles/battery_msg__rosidl_typesupport_fastrtps_c.dir/rosidl_typesupport_fastrtps_c/battery_msg/msg/detail/battery_status__type_support_c.cpp.o[0m
[ 54%] [32m[1mLinking C shared library libbattery_msg__rosidl_typesupport_introspection_c.so[0m
[ 58%] [32m[1mLinking CXX shared library libbattery_msg__rosidl_typesupport_c.so[0m
[ 58%] Built target battery_msg__rosidl_typesupport_introspection_c
[ 58%] Built target battery_msg__rosidl_typesupport_c
[ 61%] [32m[1mLinking CXX shared library libbattery_msg__rosidl_typesupport_cpp.so[0m
[ 61%] Built target battery_msg__rosidl_typesupport_cpp
[ 64%] [32m[1mLinking CXX shared library libbattery_msg__rosidl_typesupport_introspection_cpp.so[0m
[ 67%] [32m[1mLinking CXX shared library libbattery_msg__rosidl_typesupport_fastrtps_cpp.so[0m
[ 67%] Built target battery_msg__rosidl_typesupport_introspection_cpp
[ 67%] Built target battery_msg__rosidl_typesupport_fastrtps_cpp
[ 70%] [32m[1mLinking CXX shared library libbattery_msg__rosidl_typesupport_fastrtps_c.so[0m
[ 70%] Built target battery_msg__rosidl_typesupport_fastrtps_c
[ 70%] Built target battery_msg
[ 74%] [34m[1mGenerating Python code for ROS interfaces[0m
[ 74%] Built target battery_msg__py
[ 77%] [32mBuilding C object CMakeFiles/battery_msg__rosidl_generator_py.dir/rosidl_generator_py/battery_msg/msg/_battery_status_s.c.o[0m
[ 80%] [32m[1mLinking C shared library rosidl_generator_py/battery_msg/libbattery_msg__rosidl_generator_py.so[0m
[ 80%] Built target battery_msg__rosidl_generator_py
[ 90%] [32mBuilding C object CMakeFiles/battery_msg__rosidl_typesupport_fastrtps_c__pyext.dir/rosidl_generator_py/battery_msg/_battery_msg_s.ep.rosidl_typesupport_fastrtps_c.c.o[0m
[ 90%] [32mBuilding C object CMakeFiles/battery_msg__rosidl_typesupport_c__pyext.dir/rosidl_generator_py/battery_msg/_battery_msg_s.ep.rosidl_typesupport_c.c.o[0m
[ 90%] [32mBuilding C object CMakeFiles/battery_msg__rosidl_typesupport_introspection_c__pyext.dir/rosidl_generator_py/battery_msg/_battery_msg_s.ep.rosidl_typesupport_introspection_c.c.o[0m
[100%] [32m[1mLinking C shared library rosidl_generator_py/battery_msg/battery_msg_s__rosidl_typesupport_c.cpython-310-x86_64-linux-gnu.so[0m
[100%] [32m[1mLinking C shared library rosidl_generator_py/battery_msg/battery_msg_s__rosidl_typesupport_introspection_c.cpython-310-x86_64-linux-gnu.so[0m
[100%] [32m[1mLinking C shared library rosidl_generator_py/battery_msg/battery_msg_s__rosidl_typesupport_fastrtps_c.cpython-310-x86_64-linux-gnu.so[0m
[100%] Built target battery_msg__rosidl_typesupport_introspection_c__pyext
[100%] Built target battery_msg__rosidl_typesupport_c__pyext
[100%] Built target battery_msg__rosidl_typesupport_fastrtps_c__pyext
-- Install configuration: ""
-- Installing: /home/jr-machine/ros2_ws_battery/install/battery_msg/share/ament_index/resource_index/rosidl_interfaces/battery_msg
-- Installing: /home/jr-machine/ros2_ws_battery/install/battery_msg/include/battery_msg/battery_msg
-- Installing: /home/jr-machine/ros2_ws_battery/install/battery_msg/include/battery_msg/battery_msg/msg
-- Installing: /home/jr-machine/ros2_ws_battery/install/battery_msg/include/battery_msg/battery_msg/msg/battery_status.h
-- Installing: /home/jr-machine/ros2_ws_battery/install/battery_msg/include/battery_msg/battery_msg/msg/detail
-- Installing: /home/jr-machine/ros2_ws_battery/install/battery_msg/include/battery_msg/battery_msg/msg/detail/battery_status__type_support.h
-- Installing: /home/jr-machine/ros2_ws_battery/install/battery_msg/include/battery_msg/battery_msg/msg/detail/battery_status__functions.c
-- Installing: /home/jr-machine/ros2_ws_battery/install/battery_msg/include/battery_msg/battery_msg/msg/detail/battery_status__functions.h
-- Installing: /home/jr-machine/ros2_ws_battery/install/battery_msg/include/battery_msg/battery_msg/msg/detail/battery_status__struct.h
-- Installing: /home/jr-machine/ros2_ws_battery/install/battery_msg/include/battery_msg/battery_msg/msg/rosidl_generator_c__visibility_control.h
-- Installing: /home/jr-machine/ros2_ws_battery/install/battery_msg/share/battery_msg/environment/library_path.sh
-- Installing: /home/jr-machine/ros2_ws_battery/install/battery_msg/share/battery_msg/environment/library_path.dsv
-- Installing: /home/jr-machine/ros2_ws_battery/install/battery_msg/lib/libbattery_msg__rosidl_generator_c.so
-- Set runtime path of "/home/jr-machine/ros2_ws_battery/install/battery_msg/lib/libbattery_msg__rosidl_generator_c.so" to ""
-- Up-to-date: /home/jr-machine/ros2_ws_battery/install/battery_msg/include/battery_msg/battery_msg
-- Up-to-date: /home/jr-machine/ros2_ws_battery/install/battery_msg/include/battery_msg/battery_msg/msg
-- Installing: /home/jr-machine/ros2_ws_battery/install/battery_msg/include/battery_msg/battery_msg/msg/rosidl_typesupport_fastrtps_c__visibility_control.h
-- Up-to-date: /home/jr-machine/ros2_ws_battery/install/battery_msg/include/battery_msg/battery_msg/msg/detail
-- Installing: /home/jr-machine/ros2_ws_battery/install/battery_msg/include/battery_msg/battery_msg/msg/detail/battery_status__rosidl_typesupport_fastrtps_c.h
-- Installing: /home/jr-machine/ros2_ws_battery/install/battery_msg/lib/libbattery_msg__rosidl_typesupport_fastrtps_c.so
-- Set runtime path of "/home/jr-machine/ros2_ws_battery/install/battery_msg/lib/libbattery_msg__rosidl_typesupport_fastrtps_c.so" to ""
-- Up-to-date: /home/jr-machine/ros2_ws_battery/install/battery_msg/include/battery_msg/battery_msg
-- Up-to-date: /home/jr-machine/ros2_ws_battery/install/battery_msg/include/battery_msg/battery_msg/msg
-- Installing: /home/jr-machine/ros2_ws_battery/install/battery_msg/include/battery_msg/battery_msg/msg/battery_status.hpp
-- Installing: /home/jr-machine/ros2_ws_battery/install/battery_msg/include/battery_msg/battery_msg/msg/rosidl_generator_cpp__visibility_control.hpp
-- Up-to-date: /home/jr-machine/ros2_ws_battery/install/battery_msg/include/battery_msg/battery_msg/msg/detail
-- Installing: /home/jr-machine/ros2_ws_battery/install/battery_msg/include/battery_msg/battery_msg/msg/detail/battery_status__type_support.hpp
-- Installing: /home/jr-machine/ros2_ws_battery/install/battery_msg/include/battery_msg/battery_msg/msg/detail/battery_status__struct.hpp
-- Installing: /home/jr-machine/ros2_ws_battery/install/battery_msg/include/battery_msg/battery_msg/msg/detail/battery_status__traits.hpp
-- Installing: /home/jr-machine/ros2_ws_battery/install/battery_msg/include/battery_msg/battery_msg/msg/detail/battery_status__builder.hpp
-- Up-to-date: /home/jr-machine/ros2_ws_battery/install/battery_msg/include/battery_msg/battery_msg
-- Up-to-date: /home/jr-machine/ros2_ws_battery/install/battery_msg/include/battery_msg/battery_msg/msg
-- Up-to-date: /home/jr-machine/ros2_ws_battery/install/battery_msg/include/battery_msg/battery_msg/msg/detail
-- Installing: /home/jr-machine/ros2_ws_battery/install/battery_msg/include/battery_msg/battery_msg/msg/detail/dds_fastrtps
-- Installing: /home/jr-machine/ros2_ws_battery/install/battery_msg/include/battery_msg/battery_msg/msg/detail/battery_status__rosidl_typesupport_fastrtps_cpp.hpp
-- Installing: /home/jr-machine/ros2_ws_battery/install/battery_msg/include/battery_msg/battery_msg/msg/rosidl_typesupport_fastrtps_cpp__visibility_control.h
-- Installing: /home/jr-machine/ros2_ws_battery/install/battery_msg/lib/libbattery_msg__rosidl_typesupport_fastrtps_cpp.so
-- Set runtime path of "/home/jr-machine/ros2_ws_battery/install/battery_msg/lib/libbattery_msg__rosidl_typesupport_fastrtps_cpp.so" to ""
-- Up-to-date: /home/jr-machine/ros2_ws_battery/install/battery_msg/include/battery_msg/battery_msg
-- Up-to-date: /home/jr-machine/ros2_ws_battery/install/battery_msg/include/battery_msg/battery_msg/msg
-- Up-to-date: /home/jr-machine/ros2_ws_battery/install/battery_msg/include/battery_msg/battery_msg/msg/detail
-- Installing: /home/jr-machine/ros2_ws_battery/install/battery_msg/include/battery_msg/battery_msg/msg/detail/battery_status__type_support.c
-- Installing: /home/jr-machine/ros2_ws_battery/install/battery_msg/include/battery_msg/battery_msg/msg/detail/battery_status__rosidl_typesupport_introspection_c.h
-- Installing: /home/jr-machine/ros2_ws_battery/install/battery_msg/include/battery_msg/battery_msg/msg/rosidl_typesupport_introspection_c__visibility_control.h
-- Installing: /home/jr-machine/ros2_ws_battery/install/battery_msg/lib/libbattery_msg__rosidl_typesupport_introspection_c.so
-- Set runtime path of "/home/jr-machine/ros2_ws_battery/install/battery_msg/lib/libbattery_msg__rosidl_typesupport_introspection_c.so" to ""
-- Installing: /home/jr-machine/ros2_ws_battery/install/battery_msg/lib/libbattery_msg__rosidl_typesupport_c.so
-- Set runtime path of "/home/jr-machine/ros2_ws_battery/install/battery_msg/lib/libbattery_msg__rosidl_typesupport_c.so" to ""
-- Up-to-date: /home/jr-machine/ros2_ws_battery/install/battery_msg/include/battery_msg/battery_msg
-- Up-to-date: /home/jr-machine/ros2_ws_battery/install/battery_msg/include/battery_msg/battery_msg/msg
-- Up-to-date: /home/jr-machine/ros2_ws_battery/install/battery_msg/include/battery_msg/battery_msg/msg/detail
-- Installing: /home/jr-machine/ros2_ws_battery/install/battery_msg/include/battery_msg/battery_msg/msg/detail/battery_status__type_support.cpp
-- Installing: /home/jr-machine/ros2_ws_battery/install/battery_msg/include/battery_msg/battery_msg/msg/detail/battery_status__rosidl_typesupport_introspection_cpp.hpp
-- Installing: /home/jr-machine/ros2_ws_battery/install/battery_msg/lib/libbattery_msg__rosidl_typesupport_introspection_cpp.so
-- Set runtime path of "/home/jr-machine/ros2_ws_battery/install/battery_msg/lib/libbattery_msg__rosidl_typesupport_introspection_cpp.so" to ""
-- Installing: /home/jr-machine/ros2_ws_battery/install/battery_msg/lib/libbattery_msg__rosidl_typesupport_cpp.so
-- Set runtime path of "/home/jr-machine/ros2_ws_battery/install/battery_msg/lib/libbattery_msg__rosidl_typesupport_cpp.so" to ""
-- Installing: /home/jr-machine/ros2_ws_battery/install/battery_msg/share/battery_msg/environment/pythonpath.sh
-- Installing: /home/jr-machine/ros2_ws_battery/install/battery_msg/share/battery_msg/environment/pythonpath.dsv
-- Installing: /home/jr-machine/ros2_ws_battery/install/battery_msg/local/lib/python3.10/dist-packages/battery_msg-0.0.1-py3.10.egg-info
-- Installing: /home/jr-machine/ros2_ws_battery/install/battery_msg/local/lib/python3.10/dist-packages/battery_msg-0.0.1-py3.10.egg-info/top_level.txt
-- Installing: /home/jr-machine/ros2_ws_battery/install/battery_msg/local/lib/python3.10/dist-packages/battery_msg-0.0.1-py3.10.egg-info/SOURCES.txt
-- Installing: /home/jr-machine/ros2_ws_battery/install/battery_msg/local/lib/python3.10/dist-packages/battery_msg-0.0.1-py3.10.egg-info/dependency_links.txt
-- Installing: /home/jr-machine/ros2_ws_battery/install/battery_msg/local/lib/python3.10/dist-packages/battery_msg-0.0.1-py3.10.egg-info/PKG-INFO
-- Installing: /home/jr-machine/ros2_ws_battery/install/battery_msg/local/lib/python3.10/dist-packages/battery_msg
-- Installing: /home/jr-machine/ros2_ws_battery/install/battery_msg/local/lib/python3.10/dist-packages/battery_msg/__init__.py
-- Installing: /home/jr-machine/ros2_ws_battery/install/battery_msg/local/lib/python3.10/dist-packages/battery_msg/battery_msg_s__rosidl_typesupport_fastrtps_c.cpython-310-x86_64-linux-gnu.so
-- Installing: /home/jr-machine/ros2_ws_battery/install/battery_msg/local/lib/python3.10/dist-packages/battery_msg/battery_msg_s__rosidl_typesupport_introspection_c.cpython-310-x86_64-linux-gnu.so
-- Installing: /home/jr-machine/ros2_ws_battery/install/battery_msg/local/lib/python3.10/dist-packages/battery_msg/battery_msg_s__rosidl_typesupport_c.cpython-310-x86_64-linux-gnu.so
-- Installing: /home/jr-machine/ros2_ws_battery/install/battery_msg/local/lib/python3.10/dist-packages/battery_msg/_battery_msg_s.ep.rosidl_typesupport_fastrtps_c.c
-- Installing: /home/jr-machine/ros2_ws_battery/install/battery_msg/local/lib/python3.10/dist-packages/battery_msg/_battery_msg_s.ep.rosidl_typesupport_c.c
-- Installing: /home/jr-machine/ros2_ws_battery/install/battery_msg/local/lib/python3.10/dist-packages/battery_msg/_battery_msg_s.ep.rosidl_typesupport_introspection_c.c
-- Installing: /home/jr-machine/ros2_ws_battery/install/battery_msg/local/lib/python3.10/dist-packages/battery_msg/msg
-- Installing: /home/jr-machine/ros2_ws_battery/install/battery_msg/local/lib/python3.10/dist-packages/battery_msg/msg/__init__.py
-- Installing: /home/jr-machine/ros2_ws_battery/install/battery_msg/local/lib/python3.10/dist-packages/battery_msg/msg/_battery_status_s.c
-- Installing: /home/jr-machine/ros2_ws_battery/install/battery_msg/local/lib/python3.10/dist-packages/battery_msg/msg/_battery_status.py
-- Installing: /home/jr-machine/ros2_ws_battery/install/battery_msg/local/lib/python3.10/dist-packages/battery_msg/libbattery_msg__rosidl_generator_py.so
Listing '/home/jr-machine/ros2_ws_battery/install/battery_msg/local/lib/python3.10/dist-packages/battery_msg'...
Compiling '/home/jr-machine/ros2_ws_battery/install/battery_msg/local/lib/python3.10/dist-packages/battery_msg/__init__.py'...
Listing '/home/jr-machine/ros2_ws_battery/install/battery_msg/local/lib/python3.10/dist-packages/battery_msg/msg'...
Compiling '/home/jr-machine/ros2_ws_battery/install/battery_msg/local/lib/python3.10/dist-packages/battery_msg/msg/__init__.py'...
Compiling '/home/jr-machine/ros2_ws_battery/install/battery_msg/local/lib/python3.10/dist-packages/battery_msg/msg/_battery_status.py'...
-- Installing: /home/jr-machine/ros2_ws_battery/install/battery_msg/local/lib/python3.10/dist-packages/battery_msg/battery_msg_s__rosidl_typesupport_fastrtps_c.cpython-310-x86_64-linux-gnu.so
-- Set runtime path of "/home/jr-machine/ros2_ws_battery/install/battery_msg/local/lib/python3.10/dist-packages/battery_msg/battery_msg_s__rosidl_typesupport_fastrtps_c.cpython-310-x86_64-linux-gnu.so" to ""
-- Installing: /home/jr-machine/ros2_ws_battery/install/battery_msg/local/lib/python3.10/dist-packages/battery_msg/battery_msg_s__rosidl_typesupport_introspection_c.cpython-310-x86_64-linux-gnu.so
-- Set runtime path of "/home/jr-machine/ros2_ws_battery/install/battery_msg/local/lib/python3.10/dist-packages/battery_msg/battery_msg_s__rosidl_typesupport_introspection_c.cpython-310-x86_64-linux-gnu.so" to ""
-- Installing: /home/jr-machine/ros2_ws_battery/install/battery_msg/local/lib/python3.10/dist-packages/battery_msg/battery_msg_s__rosidl_typesupport_c.cpython-310-x86_64-linux-gnu.so
-- Set runtime path of "/home/jr-machine/ros2_ws_battery/install/battery_msg/local/lib/python3.10/dist-packages/battery_msg/battery_msg_s__rosidl_typesupport_c.cpython-310-x86_64-linux-gnu.so" to ""
-- Installing: /home/jr-machine/ros2_ws_battery/install/battery_msg/lib/libbattery_msg__rosidl_generator_py.so
-- Set runtime path of "/home/jr-machine/ros2_ws_battery/install/battery_msg/lib/libbattery_msg__rosidl_generator_py.so" to ""
-- Installing: /home/jr-machine/ros2_ws_battery/install/battery_msg/share/battery_msg/msg/BatteryStatus.idl
-- Installing: /home/jr-machine/ros2_ws_battery/install/battery_msg/share/battery_msg/msg/BatteryStatus.msg
-- Installing: /home/jr-machine/ros2_ws_battery/install/battery_msg/share/ament_index/resource_index/package_run_dependencies/battery_msg
-- Installing: /home/jr-machine/ros2_ws_battery/install/battery_msg/share/ament_index/resource_index/parent_prefix_path/battery_msg
-- Installing: /home/jr-machine/ros2_ws_battery/install/battery_msg/share/battery_msg/environment/ament_prefix_path.sh
-- Installing: /home/jr-machine/ros2_ws_battery/install/battery_msg/share/battery_msg/environment/ament_prefix_path.dsv
-- Installing: /home/jr-machine/ros2_ws_battery/install/battery_msg/share/battery_msg/environment/path.sh
-- Installing: /home/jr-machine/ros2_ws_battery/install/battery_msg/share/battery_msg/environment/path.dsv
-- Installing: /home/jr-machine/ros2_ws_battery/install/battery_msg/share/battery_msg/local_setup.bash
-- Installing: /home/jr-machine/ros2_ws_battery/install/battery_msg/share/battery_msg/local_setup.sh
-- Installing: /home/jr-machine/ros2_ws_battery/install/battery_msg/share/battery_msg/local_setup.zsh
-- Installing: /home/jr-machine/ros2_ws_battery/install/battery_msg/share/battery_msg/local_setup.dsv
-- Installing: /home/jr-machine/ros2_ws_battery/install/battery_msg/share/battery_msg/package.dsv
-- Installing: /home/jr-machine/ros2_ws_battery/install/battery_msg/share/ament_index/resource_index/packages/battery_msg
-- Installing: /home/jr-machine/ros2_ws_battery/install/battery_msg/share/battery_msg/cmake/export_battery_msg__rosidl_generator_cExport.cmake
-- Installing: /home/jr-machine/ros2_ws_battery/install/battery_msg/share/battery_msg/cmake/export_battery_msg__rosidl_generator_cExport-noconfig.cmake
-- Installing: /home/jr-machine/ros2_ws_battery/install/battery_msg/share/battery_msg/cmake/export_battery_msg__rosidl_typesupport_fastrtps_cExport.cmake
-- Installing: /home/jr-machine/ros2_ws_battery/install/battery_msg/share/battery_msg/cmake/export_battery_msg__rosidl_typesupport_fastrtps_cExport-noconfig.cmake
-- Installing: /home/jr-machine/ros2_ws_battery/install/battery_msg/share/battery_msg/cmake/export_battery_msg__rosidl_generator_cppExport.cmake
-- Installing: /home/jr-machine/ros2_ws_battery/install/battery_msg/share/battery_msg/cmake/export_battery_msg__rosidl_typesupport_fastrtps_cppExport.cmake
-- Installing: /home/jr-machine/ros2_ws_battery/install/battery_msg/share/battery_msg/cmake/export_battery_msg__rosidl_typesupport_fastrtps_cppExport-noconfig.cmake
-- Installing: /home/jr-machine/ros2_ws_battery/install/battery_msg/share/battery_msg/cmake/battery_msg__rosidl_typesupport_introspection_cExport.cmake
-- Installing: /home/jr-machine/ros2_ws_battery/install/battery_msg/share/battery_msg/cmake/battery_msg__rosidl_typesupport_introspection_cExport-noconfig.cmake
-- Installing: /home/jr-machine/ros2_ws_battery/install/battery_msg/share/battery_msg/cmake/battery_msg__rosidl_typesupport_cExport.cmake
-- Installing: /home/jr-machine/ros2_ws_battery/install/battery_msg/share/battery_msg/cmake/battery_msg__rosidl_typesupport_cExport-noconfig.cmake
-- Installing: /home/jr-machine/ros2_ws_battery/install/battery_msg/share/battery_msg/cmake/battery_msg__rosidl_typesupport_introspection_cppExport.cmake
-- Installing: /home/jr-machine/ros2_ws_battery/install/battery_msg/share/battery_msg/cmake/battery_msg__rosidl_typesupport_introspection_cppExport-noconfig.cmake
-- Installing: /home/jr-machine/ros2_ws_battery/install/battery_msg/share/battery_msg/cmake/battery_msg__rosidl_typesupport_cppExport.cmake
-- Installing: /home/jr-machine/ros2_ws_battery/install/battery_msg/share/battery_msg/cmake/battery_msg__rosidl_typesupport_cppExport-noconfig.cmake
-- Installing: /home/jr-machine/ros2_ws_battery/install/battery_msg/share/battery_msg/cmake/export_battery_msg__rosidl_generator_pyExport.cmake
-- Installing: /home/jr-machine/ros2_ws_battery/install/battery_msg/share/battery_msg/cmake/export_battery_msg__rosidl_generator_pyExport-noconfig.cmake
-- Installing: /home/jr-machine/ros2_ws_battery/install/battery_msg/share/battery_msg/cmake/rosidl_cmake-extras.cmake
-- Installing: /home/jr-machine/ros2_ws_battery/install/battery_msg/share/battery_msg/cmake/ament_cmake_export_dependencies-extras.cmake
-- Installing: /home/jr-machine/ros2_ws_battery/install/battery_msg/share/battery_msg/cmake/ament_cmake_export_include_directories-extras.cmake
-- Installing: /home/jr-machine/ros2_ws_battery/install/battery_msg/share/battery_msg/cmake/ament_cmake_export_libraries-extras.cmake
-- Installing: /home/jr-machine/ros2_ws_battery/install/battery_msg/share/battery_msg/cmake/ament_cmake_export_targets-extras.cmake
-- Installing: /home/jr-machine/ros2_ws_battery/install/battery_msg/share/battery_msg/cmake/rosidl_cmake_export_typesupport_targets-extras.cmake
-- Installing: /home/jr-machine/ros2_ws_battery/install/battery_msg/share/battery_msg/cmake/rosidl_cmake_export_typesupport_libraries-extras.cmake
-- Installing: /home/jr-machine/ros2_ws_battery/install/battery_msg/share/battery_msg/cmake/battery_msgConfig.cmake
-- Installing: /home/jr-machine/ros2_ws_battery/install/battery_msg/share/battery_msg/cmake/battery_msgConfig-version.cmake
-- Installing: /home/jr-machine/ros2_ws_battery/install/battery_msg/share/battery_msg/package.xml
