[0.239s] Invoking command in '/home/jr-machine/ros2_ws_battery/build/battery_msg': CMAKE_PREFIX_PATH=/home/jr-machine/ros2_ws/install/my_py_pkg:/home/jr-machine/ros2_ws_nodes/install/new_py_pkg:/opt/ros/humble /usr/bin/cmake /home/jr-machine/ros2_ws_battery/src/battery_msg -DCMAKE_INSTALL_PREFIX=/home/jr-machine/ros2_ws_battery/install/battery_msg
[0.248s] -- Found ament_cmake: 1.3.11 (/opt/ros/humble/share/ament_cmake/cmake)
[0.361s] -- Found std_msgs: 4.8.0 (/opt/ros/humble/share/std_msgs/cmake)
[0.381s] -- Found rosidl_generator_c: 3.1.6 (/opt/ros/humble/share/rosidl_generator_c/cmake)
[0.383s] -- Found rosidl_adapter: 3.1.6 (/opt/ros/humble/share/rosidl_adapter/cmake)
[0.388s] -- Found rosidl_generator_cpp: 3.1.6 (/opt/ros/humble/share/rosidl_generator_cpp/cmake)
[0.397s] -- Using all available rosidl_typesupport_c: rosidl_typesupport_fastrtps_c;rosidl_typesupport_introspection_c
[0.408s] -- Using all available rosidl_typesupport_cpp: rosidl_typesupport_fastrtps_cpp;rosidl_typesupport_introspection_cpp
[0.429s] -- Found rosidl_default_generators: 1.2.0 (/opt/ros/humble/share/rosidl_default_generators/cmake)
[0.677s] -- Found ament_cmake_ros: 0.10.0 (/opt/ros/humble/share/ament_cmake_ros/cmake)
[1.009s] -- Using all available rosidl_typesupport_c: rosidl_typesupport_fastrtps_c;rosidl_typesupport_introspection_c
[1.131s] -- Using all available rosidl_typesupport_cpp: rosidl_typesupport_fastrtps_cpp;rosidl_typesupport_introspection_cpp
[1.151s] -- Found PythonInterp: /usr/bin/python3 (found suitable version "3.10.12", minimum required is "3.6") 
[1.153s] -- Found python_cmake_module: 0.10.0 (/opt/ros/humble/share/python_cmake_module/cmake)
[1.177s] -- Found PythonLibs: /usr/lib/x86_64-linux-gnu/libpython3.10.so (found suitable version "3.10.12", minimum required is "3.5") 
[1.177s] -- Using PYTHON_EXECUTABLE: /usr/bin/python3
[1.177s] -- Using PYTHON_INCLUDE_DIRS: /usr/include/python3.10
[1.178s] -- Using PYTHON_LIBRARIES: /usr/lib/x86_64-linux-gnu/libpython3.10.so
[1.196s] -- Found PythonExtra: .so  
[1.239s] -- Found ament_lint_auto: 0.12.12 (/opt/ros/humble/share/ament_lint_auto/cmake)
[1.266s] -- Added test 'flake8' to check Python code syntax and style conventions
[1.267s] -- Added test 'lint_cmake' to check CMake code style
[1.268s] -- Added test 'pep257' to check Python code against some of the docstring style conventions in PEP 257
[1.270s] -- Added test 'xmllint' to check XML markup files
[1.272s] -- Configuring done
[1.297s] -- Generating done
[1.307s] -- Build files have been written to: /home/jr-machine/ros2_ws_battery/build/battery_msg
[1.313s] Invoked command in '/home/jr-machine/ros2_ws_battery/build/battery_msg' returned '0': CMAKE_PREFIX_PATH=/home/jr-machine/ros2_ws/install/my_py_pkg:/home/jr-machine/ros2_ws_nodes/install/new_py_pkg:/opt/ros/humble /usr/bin/cmake /home/jr-machine/ros2_ws_battery/src/battery_msg -DCMAKE_INSTALL_PREFIX=/home/jr-machine/ros2_ws_battery/install/battery_msg
[1.315s] Invoking command in '/home/jr-machine/ros2_ws_battery/build/battery_msg': CMAKE_PREFIX_PATH=/home/jr-machine/ros2_ws/install/my_py_pkg:/home/jr-machine/ros2_ws_nodes/install/new_py_pkg:/opt/ros/humble /usr/bin/cmake --build /home/jr-machine/ros2_ws_battery/build/battery_msg -- -j8 -l8
[1.344s] [  3%] [34m[1mGenerating C code for ROS interfaces[0m
[1.351s] [  6%] [34m[1mGenerating C++ code for ROS interfaces[0m
[1.358s] [  6%] Built target ament_cmake_python_copy_battery_msg
[1.588s] [  6%] Built target battery_msg__cpp
[1.589s] [  9%] [32mBuilding C object CMakeFiles/battery_msg__rosidl_generator_c.dir/rosidl_generator_c/battery_msg/msg/detail/battery_status__functions.c.o[0m
[1.590s] running egg_info
[1.591s] creating battery_msg.egg-info
[1.591s] writing battery_msg.egg-info/PKG-INFO
[1.591s] writing dependency_links to battery_msg.egg-info/dependency_links.txt
[1.592s] writing top-level names to battery_msg.egg-info/top_level.txt
[1.592s] writing manifest file 'battery_msg.egg-info/SOURCES.txt'
[1.594s] reading manifest file 'battery_msg.egg-info/SOURCES.txt'
[1.595s] writing manifest file 'battery_msg.egg-info/SOURCES.txt'
[1.596s] [ 19%] [34m[1mGenerating C++ type support for eProsima Fast-RTPS[0m
[1.597s] [ 19%] [34m[1mGenerating C++ introspection for ROS interfaces[0m
[1.597s] [ 19%] [34m[1mGenerating C++ type support dispatch for ROS interfaces[0m
[1.628s] [ 19%] Built target ament_cmake_python_build_battery_msg_egg
[1.678s] [ 22%] [32m[1mLinking C shared library libbattery_msg__rosidl_generator_c.so[0m
[1.707s] [ 22%] Built target battery_msg__rosidl_generator_c
[1.715s] [ 25%] [34m[1mGenerating C type support for eProsima Fast-RTPS[0m
[1.718s] [ 32%] [34m[1mGenerating C introspection for ROS interfaces[0m
[1.718s] [ 32%] [34m[1mGenerating C type support dispatch for ROS interfaces[0m
[1.847s] [ 35%] [32mBuilding CXX object CMakeFiles/battery_msg__rosidl_typesupport_fastrtps_cpp.dir/rosidl_typesupport_fastrtps_cpp/battery_msg/msg/detail/dds_fastrtps/battery_status__type_support.cpp.o[0m
[1.858s] [ 38%] [32mBuilding CXX object CMakeFiles/battery_msg__rosidl_typesupport_introspection_cpp.dir/rosidl_typesupport_introspection_cpp/battery_msg/msg/detail/battery_status__type_support.cpp.o[0m
[1.879s] [ 41%] [32mBuilding CXX object CMakeFiles/battery_msg__rosidl_typesupport_cpp.dir/rosidl_typesupport_cpp/battery_msg/msg/battery_status__type_support.cpp.o[0m
[2.068s] [ 45%] [32mBuilding C object CMakeFiles/battery_msg__rosidl_typesupport_introspection_c.dir/rosidl_typesupport_introspection_c/battery_msg/msg/detail/battery_status__type_support.c.o[0m
[2.078s] [ 48%] [32mBuilding CXX object CMakeFiles/battery_msg__rosidl_typesupport_c.dir/rosidl_typesupport_c/battery_msg/msg/battery_status__type_support.cpp.o[0m
[2.106s] [ 51%] [32mBuilding CXX object CMakeFiles/battery_msg__rosidl_typesupport_fastrtps_c.dir/rosidl_typesupport_fastrtps_c/battery_msg/msg/detail/battery_status__type_support_c.cpp.o[0m
[2.115s] [ 54%] [32m[1mLinking C shared library libbattery_msg__rosidl_typesupport_introspection_c.so[0m
[2.117s] [ 58%] [32m[1mLinking CXX shared library libbattery_msg__rosidl_typesupport_c.so[0m
[2.154s] [ 58%] Built target battery_msg__rosidl_typesupport_introspection_c
[2.173s] [ 58%] Built target battery_msg__rosidl_typesupport_c
[2.212s] [ 61%] [32m[1mLinking CXX shared library libbattery_msg__rosidl_typesupport_cpp.so[0m
[2.249s] [ 61%] Built target battery_msg__rosidl_typesupport_cpp
[2.304s] [ 64%] [32m[1mLinking CXX shared library libbattery_msg__rosidl_typesupport_introspection_cpp.so[0m
[2.329s] [ 67%] [32m[1mLinking CXX shared library libbattery_msg__rosidl_typesupport_fastrtps_cpp.so[0m
[2.341s] [ 67%] Built target battery_msg__rosidl_typesupport_introspection_cpp
[2.404s] [ 67%] Built target battery_msg__rosidl_typesupport_fastrtps_cpp
[2.434s] [ 70%] [32m[1mLinking CXX shared library libbattery_msg__rosidl_typesupport_fastrtps_c.so[0m
[2.505s] [ 70%] Built target battery_msg__rosidl_typesupport_fastrtps_c
[2.524s] [ 70%] Built target battery_msg
[2.543s] [ 74%] [34m[1mGenerating Python code for ROS interfaces[0m
[2.809s] [ 74%] Built target battery_msg__py
[2.827s] [ 77%] [32mBuilding C object CMakeFiles/battery_msg__rosidl_generator_py.dir/rosidl_generator_py/battery_msg/msg/_battery_status_s.c.o[0m
[2.972s] [ 80%] [32m[1mLinking C shared library rosidl_generator_py/battery_msg/libbattery_msg__rosidl_generator_py.so[0m
[3.004s] [ 80%] Built target battery_msg__rosidl_generator_py
[3.019s] [ 90%] [32mBuilding C object CMakeFiles/battery_msg__rosidl_typesupport_fastrtps_c__pyext.dir/rosidl_generator_py/battery_msg/_battery_msg_s.ep.rosidl_typesupport_fastrtps_c.c.o[0m
[3.019s] [ 90%] [32mBuilding C object CMakeFiles/battery_msg__rosidl_typesupport_c__pyext.dir/rosidl_generator_py/battery_msg/_battery_msg_s.ep.rosidl_typesupport_c.c.o[0m
[3.019s] [ 90%] [32mBuilding C object CMakeFiles/battery_msg__rosidl_typesupport_introspection_c__pyext.dir/rosidl_generator_py/battery_msg/_battery_msg_s.ep.rosidl_typesupport_introspection_c.c.o[0m
[3.102s] [100%] [32m[1mLinking C shared library rosidl_generator_py/battery_msg/battery_msg_s__rosidl_typesupport_c.cpython-310-x86_64-linux-gnu.so[0m
[3.102s] [100%] [32m[1mLinking C shared library rosidl_generator_py/battery_msg/battery_msg_s__rosidl_typesupport_introspection_c.cpython-310-x86_64-linux-gnu.so[0m
[3.102s] [100%] [32m[1mLinking C shared library rosidl_generator_py/battery_msg/battery_msg_s__rosidl_typesupport_fastrtps_c.cpython-310-x86_64-linux-gnu.so[0m
[3.134s] [100%] Built target battery_msg__rosidl_typesupport_introspection_c__pyext
[3.134s] [100%] Built target battery_msg__rosidl_typesupport_c__pyext
[3.134s] [100%] Built target battery_msg__rosidl_typesupport_fastrtps_c__pyext
[3.142s] Invoked command in '/home/jr-machine/ros2_ws_battery/build/battery_msg' returned '0': CMAKE_PREFIX_PATH=/home/jr-machine/ros2_ws/install/my_py_pkg:/home/jr-machine/ros2_ws_nodes/install/new_py_pkg:/opt/ros/humble /usr/bin/cmake --build /home/jr-machine/ros2_ws_battery/build/battery_msg -- -j8 -l8
[3.150s] Invoking command in '/home/jr-machine/ros2_ws_battery/build/battery_msg': CMAKE_PREFIX_PATH=/home/jr-machine/ros2_ws/install/my_py_pkg:/home/jr-machine/ros2_ws_nodes/install/new_py_pkg:/opt/ros/humble /usr/bin/cmake --install /home/jr-machine/ros2_ws_battery/build/battery_msg
[3.156s] -- Install configuration: ""
[3.156s] -- Installing: /home/jr-machine/ros2_ws_battery/install/battery_msg/share/ament_index/resource_index/rosidl_interfaces/battery_msg
[3.156s] -- Installing: /home/jr-machine/ros2_ws_battery/install/battery_msg/include/battery_msg/battery_msg
[3.156s] -- Installing: /home/jr-machine/ros2_ws_battery/install/battery_msg/include/battery_msg/battery_msg/msg
[3.156s] -- Installing: /home/jr-machine/ros2_ws_battery/install/battery_msg/include/battery_msg/battery_msg/msg/battery_status.h
[3.157s] -- Installing: /home/jr-machine/ros2_ws_battery/install/battery_msg/include/battery_msg/battery_msg/msg/detail
[3.157s] -- Installing: /home/jr-machine/ros2_ws_battery/install/battery_msg/include/battery_msg/battery_msg/msg/detail/battery_status__type_support.h
[3.157s] -- Installing: /home/jr-machine/ros2_ws_battery/install/battery_msg/include/battery_msg/battery_msg/msg/detail/battery_status__functions.c
[3.157s] -- Installing: /home/jr-machine/ros2_ws_battery/install/battery_msg/include/battery_msg/battery_msg/msg/detail/battery_status__functions.h
[3.157s] -- Installing: /home/jr-machine/ros2_ws_battery/install/battery_msg/include/battery_msg/battery_msg/msg/detail/battery_status__struct.h
[3.157s] -- Installing: /home/jr-machine/ros2_ws_battery/install/battery_msg/include/battery_msg/battery_msg/msg/rosidl_generator_c__visibility_control.h
[3.157s] -- Installing: /home/jr-machine/ros2_ws_battery/install/battery_msg/share/battery_msg/environment/library_path.sh
[3.157s] -- Installing: /home/jr-machine/ros2_ws_battery/install/battery_msg/share/battery_msg/environment/library_path.dsv
[3.157s] -- Installing: /home/jr-machine/ros2_ws_battery/install/battery_msg/lib/libbattery_msg__rosidl_generator_c.so
[3.157s] -- Set runtime path of "/home/jr-machine/ros2_ws_battery/install/battery_msg/lib/libbattery_msg__rosidl_generator_c.so" to ""
[3.157s] -- Up-to-date: /home/jr-machine/ros2_ws_battery/install/battery_msg/include/battery_msg/battery_msg
[3.157s] -- Up-to-date: /home/jr-machine/ros2_ws_battery/install/battery_msg/include/battery_msg/battery_msg/msg
[3.157s] -- Installing: /home/jr-machine/ros2_ws_battery/install/battery_msg/include/battery_msg/battery_msg/msg/rosidl_typesupport_fastrtps_c__visibility_control.h
[3.158s] -- Up-to-date: /home/jr-machine/ros2_ws_battery/install/battery_msg/include/battery_msg/battery_msg/msg/detail
[3.158s] -- Installing: /home/jr-machine/ros2_ws_battery/install/battery_msg/include/battery_msg/battery_msg/msg/detail/battery_status__rosidl_typesupport_fastrtps_c.h
[3.158s] -- Installing: /home/jr-machine/ros2_ws_battery/install/battery_msg/lib/libbattery_msg__rosidl_typesupport_fastrtps_c.so
[3.158s] -- Set runtime path of "/home/jr-machine/ros2_ws_battery/install/battery_msg/lib/libbattery_msg__rosidl_typesupport_fastrtps_c.so" to ""
[3.158s] -- Up-to-date: /home/jr-machine/ros2_ws_battery/install/battery_msg/include/battery_msg/battery_msg
[3.158s] -- Up-to-date: /home/jr-machine/ros2_ws_battery/install/battery_msg/include/battery_msg/battery_msg/msg
[3.158s] -- Installing: /home/jr-machine/ros2_ws_battery/install/battery_msg/include/battery_msg/battery_msg/msg/battery_status.hpp
[3.158s] -- Installing: /home/jr-machine/ros2_ws_battery/install/battery_msg/include/battery_msg/battery_msg/msg/rosidl_generator_cpp__visibility_control.hpp
[3.158s] -- Up-to-date: /home/jr-machine/ros2_ws_battery/install/battery_msg/include/battery_msg/battery_msg/msg/detail
[3.158s] -- Installing: /home/jr-machine/ros2_ws_battery/install/battery_msg/include/battery_msg/battery_msg/msg/detail/battery_status__type_support.hpp
[3.158s] -- Installing: /home/jr-machine/ros2_ws_battery/install/battery_msg/include/battery_msg/battery_msg/msg/detail/battery_status__struct.hpp
[3.158s] -- Installing: /home/jr-machine/ros2_ws_battery/install/battery_msg/include/battery_msg/battery_msg/msg/detail/battery_status__traits.hpp
[3.158s] -- Installing: /home/jr-machine/ros2_ws_battery/install/battery_msg/include/battery_msg/battery_msg/msg/detail/battery_status__builder.hpp
[3.158s] -- Up-to-date: /home/jr-machine/ros2_ws_battery/install/battery_msg/include/battery_msg/battery_msg
[3.158s] -- Up-to-date: /home/jr-machine/ros2_ws_battery/install/battery_msg/include/battery_msg/battery_msg/msg
[3.159s] -- Up-to-date: /home/jr-machine/ros2_ws_battery/install/battery_msg/include/battery_msg/battery_msg/msg/detail
[3.159s] -- Installing: /home/jr-machine/ros2_ws_battery/install/battery_msg/include/battery_msg/battery_msg/msg/detail/dds_fastrtps
[3.159s] -- Installing: /home/jr-machine/ros2_ws_battery/install/battery_msg/include/battery_msg/battery_msg/msg/detail/battery_status__rosidl_typesupport_fastrtps_cpp.hpp
[3.159s] -- Installing: /home/jr-machine/ros2_ws_battery/install/battery_msg/include/battery_msg/battery_msg/msg/rosidl_typesupport_fastrtps_cpp__visibility_control.h
[3.159s] -- Installing: /home/jr-machine/ros2_ws_battery/install/battery_msg/lib/libbattery_msg__rosidl_typesupport_fastrtps_cpp.so
[3.159s] -- Set runtime path of "/home/jr-machine/ros2_ws_battery/install/battery_msg/lib/libbattery_msg__rosidl_typesupport_fastrtps_cpp.so" to ""
[3.159s] -- Up-to-date: /home/jr-machine/ros2_ws_battery/install/battery_msg/include/battery_msg/battery_msg
[3.159s] -- Up-to-date: /home/jr-machine/ros2_ws_battery/install/battery_msg/include/battery_msg/battery_msg/msg
[3.159s] -- Up-to-date: /home/jr-machine/ros2_ws_battery/install/battery_msg/include/battery_msg/battery_msg/msg/detail
[3.159s] -- Installing: /home/jr-machine/ros2_ws_battery/install/battery_msg/include/battery_msg/battery_msg/msg/detail/battery_status__type_support.c
[3.159s] -- Installing: /home/jr-machine/ros2_ws_battery/install/battery_msg/include/battery_msg/battery_msg/msg/detail/battery_status__rosidl_typesupport_introspection_c.h
[3.159s] -- Installing: /home/jr-machine/ros2_ws_battery/install/battery_msg/include/battery_msg/battery_msg/msg/rosidl_typesupport_introspection_c__visibility_control.h
[3.159s] -- Installing: /home/jr-machine/ros2_ws_battery/install/battery_msg/lib/libbattery_msg__rosidl_typesupport_introspection_c.so
[3.159s] -- Set runtime path of "/home/jr-machine/ros2_ws_battery/install/battery_msg/lib/libbattery_msg__rosidl_typesupport_introspection_c.so" to ""
[3.159s] -- Installing: /home/jr-machine/ros2_ws_battery/install/battery_msg/lib/libbattery_msg__rosidl_typesupport_c.so
[3.160s] -- Set runtime path of "/home/jr-machine/ros2_ws_battery/install/battery_msg/lib/libbattery_msg__rosidl_typesupport_c.so" to ""
[3.160s] -- Up-to-date: /home/jr-machine/ros2_ws_battery/install/battery_msg/include/battery_msg/battery_msg
[3.160s] -- Up-to-date: /home/jr-machine/ros2_ws_battery/install/battery_msg/include/battery_msg/battery_msg/msg
[3.160s] -- Up-to-date: /home/jr-machine/ros2_ws_battery/install/battery_msg/include/battery_msg/battery_msg/msg/detail
[3.160s] -- Installing: /home/jr-machine/ros2_ws_battery/install/battery_msg/include/battery_msg/battery_msg/msg/detail/battery_status__type_support.cpp
[3.160s] -- Installing: /home/jr-machine/ros2_ws_battery/install/battery_msg/include/battery_msg/battery_msg/msg/detail/battery_status__rosidl_typesupport_introspection_cpp.hpp
[3.160s] -- Installing: /home/jr-machine/ros2_ws_battery/install/battery_msg/lib/libbattery_msg__rosidl_typesupport_introspection_cpp.so
[3.160s] -- Set runtime path of "/home/jr-machine/ros2_ws_battery/install/battery_msg/lib/libbattery_msg__rosidl_typesupport_introspection_cpp.so" to ""
[3.160s] -- Installing: /home/jr-machine/ros2_ws_battery/install/battery_msg/lib/libbattery_msg__rosidl_typesupport_cpp.so
[3.160s] -- Set runtime path of "/home/jr-machine/ros2_ws_battery/install/battery_msg/lib/libbattery_msg__rosidl_typesupport_cpp.so" to ""
[3.160s] -- Installing: /home/jr-machine/ros2_ws_battery/install/battery_msg/share/battery_msg/environment/pythonpath.sh
[3.160s] -- Installing: /home/jr-machine/ros2_ws_battery/install/battery_msg/share/battery_msg/environment/pythonpath.dsv
[3.161s] -- Installing: /home/jr-machine/ros2_ws_battery/install/battery_msg/local/lib/python3.10/dist-packages/battery_msg-0.0.1-py3.10.egg-info
[3.161s] -- Installing: /home/jr-machine/ros2_ws_battery/install/battery_msg/local/lib/python3.10/dist-packages/battery_msg-0.0.1-py3.10.egg-info/top_level.txt
[3.161s] -- Installing: /home/jr-machine/ros2_ws_battery/install/battery_msg/local/lib/python3.10/dist-packages/battery_msg-0.0.1-py3.10.egg-info/SOURCES.txt
[3.161s] -- Installing: /home/jr-machine/ros2_ws_battery/install/battery_msg/local/lib/python3.10/dist-packages/battery_msg-0.0.1-py3.10.egg-info/dependency_links.txt
[3.161s] -- Installing: /home/jr-machine/ros2_ws_battery/install/battery_msg/local/lib/python3.10/dist-packages/battery_msg-0.0.1-py3.10.egg-info/PKG-INFO
[3.161s] -- Installing: /home/jr-machine/ros2_ws_battery/install/battery_msg/local/lib/python3.10/dist-packages/battery_msg
[3.161s] -- Installing: /home/jr-machine/ros2_ws_battery/install/battery_msg/local/lib/python3.10/dist-packages/battery_msg/__init__.py
[3.161s] -- Installing: /home/jr-machine/ros2_ws_battery/install/battery_msg/local/lib/python3.10/dist-packages/battery_msg/battery_msg_s__rosidl_typesupport_fastrtps_c.cpython-310-x86_64-linux-gnu.so
[3.161s] -- Installing: /home/jr-machine/ros2_ws_battery/install/battery_msg/local/lib/python3.10/dist-packages/battery_msg/battery_msg_s__rosidl_typesupport_introspection_c.cpython-310-x86_64-linux-gnu.so
[3.161s] -- Installing: /home/jr-machine/ros2_ws_battery/install/battery_msg/local/lib/python3.10/dist-packages/battery_msg/battery_msg_s__rosidl_typesupport_c.cpython-310-x86_64-linux-gnu.so
[3.161s] -- Installing: /home/jr-machine/ros2_ws_battery/install/battery_msg/local/lib/python3.10/dist-packages/battery_msg/_battery_msg_s.ep.rosidl_typesupport_fastrtps_c.c
[3.162s] -- Installing: /home/jr-machine/ros2_ws_battery/install/battery_msg/local/lib/python3.10/dist-packages/battery_msg/_battery_msg_s.ep.rosidl_typesupport_c.c
[3.162s] -- Installing: /home/jr-machine/ros2_ws_battery/install/battery_msg/local/lib/python3.10/dist-packages/battery_msg/_battery_msg_s.ep.rosidl_typesupport_introspection_c.c
[3.162s] -- Installing: /home/jr-machine/ros2_ws_battery/install/battery_msg/local/lib/python3.10/dist-packages/battery_msg/msg
[3.162s] -- Installing: /home/jr-machine/ros2_ws_battery/install/battery_msg/local/lib/python3.10/dist-packages/battery_msg/msg/__init__.py
[3.162s] -- Installing: /home/jr-machine/ros2_ws_battery/install/battery_msg/local/lib/python3.10/dist-packages/battery_msg/msg/_battery_status_s.c
[3.162s] -- Installing: /home/jr-machine/ros2_ws_battery/install/battery_msg/local/lib/python3.10/dist-packages/battery_msg/msg/_battery_status.py
[3.162s] -- Installing: /home/jr-machine/ros2_ws_battery/install/battery_msg/local/lib/python3.10/dist-packages/battery_msg/libbattery_msg__rosidl_generator_py.so
[3.193s] Listing '/home/jr-machine/ros2_ws_battery/install/battery_msg/local/lib/python3.10/dist-packages/battery_msg'...
[3.193s] Compiling '/home/jr-machine/ros2_ws_battery/install/battery_msg/local/lib/python3.10/dist-packages/battery_msg/__init__.py'...
[3.194s] Listing '/home/jr-machine/ros2_ws_battery/install/battery_msg/local/lib/python3.10/dist-packages/battery_msg/msg'...
[3.194s] Compiling '/home/jr-machine/ros2_ws_battery/install/battery_msg/local/lib/python3.10/dist-packages/battery_msg/msg/__init__.py'...
[3.194s] Compiling '/home/jr-machine/ros2_ws_battery/install/battery_msg/local/lib/python3.10/dist-packages/battery_msg/msg/_battery_status.py'...
[3.198s] -- Installing: /home/jr-machine/ros2_ws_battery/install/battery_msg/local/lib/python3.10/dist-packages/battery_msg/battery_msg_s__rosidl_typesupport_fastrtps_c.cpython-310-x86_64-linux-gnu.so
[3.198s] -- Set runtime path of "/home/jr-machine/ros2_ws_battery/install/battery_msg/local/lib/python3.10/dist-packages/battery_msg/battery_msg_s__rosidl_typesupport_fastrtps_c.cpython-310-x86_64-linux-gnu.so" to ""
[3.198s] -- Installing: /home/jr-machine/ros2_ws_battery/install/battery_msg/local/lib/python3.10/dist-packages/battery_msg/battery_msg_s__rosidl_typesupport_introspection_c.cpython-310-x86_64-linux-gnu.so
[3.199s] -- Set runtime path of "/home/jr-machine/ros2_ws_battery/install/battery_msg/local/lib/python3.10/dist-packages/battery_msg/battery_msg_s__rosidl_typesupport_introspection_c.cpython-310-x86_64-linux-gnu.so" to ""
[3.199s] -- Installing: /home/jr-machine/ros2_ws_battery/install/battery_msg/local/lib/python3.10/dist-packages/battery_msg/battery_msg_s__rosidl_typesupport_c.cpython-310-x86_64-linux-gnu.so
[3.199s] -- Set runtime path of "/home/jr-machine/ros2_ws_battery/install/battery_msg/local/lib/python3.10/dist-packages/battery_msg/battery_msg_s__rosidl_typesupport_c.cpython-310-x86_64-linux-gnu.so" to ""
[3.199s] -- Installing: /home/jr-machine/ros2_ws_battery/install/battery_msg/lib/libbattery_msg__rosidl_generator_py.so
[3.199s] -- Set runtime path of "/home/jr-machine/ros2_ws_battery/install/battery_msg/lib/libbattery_msg__rosidl_generator_py.so" to ""
[3.199s] -- Installing: /home/jr-machine/ros2_ws_battery/install/battery_msg/share/battery_msg/msg/BatteryStatus.idl
[3.199s] -- Installing: /home/jr-machine/ros2_ws_battery/install/battery_msg/share/battery_msg/msg/BatteryStatus.msg
[3.199s] -- Installing: /home/jr-machine/ros2_ws_battery/install/battery_msg/share/ament_index/resource_index/package_run_dependencies/battery_msg
[3.200s] -- Installing: /home/jr-machine/ros2_ws_battery/install/battery_msg/share/ament_index/resource_index/parent_prefix_path/battery_msg
[3.200s] -- Installing: /home/jr-machine/ros2_ws_battery/install/battery_msg/share/battery_msg/environment/ament_prefix_path.sh
[3.200s] -- Installing: /home/jr-machine/ros2_ws_battery/install/battery_msg/share/battery_msg/environment/ament_prefix_path.dsv
[3.200s] -- Installing: /home/jr-machine/ros2_ws_battery/install/battery_msg/share/battery_msg/environment/path.sh
[3.200s] -- Installing: /home/jr-machine/ros2_ws_battery/install/battery_msg/share/battery_msg/environment/path.dsv
[3.200s] -- Installing: /home/jr-machine/ros2_ws_battery/install/battery_msg/share/battery_msg/local_setup.bash
[3.200s] -- Installing: /home/jr-machine/ros2_ws_battery/install/battery_msg/share/battery_msg/local_setup.sh
[3.200s] -- Installing: /home/jr-machine/ros2_ws_battery/install/battery_msg/share/battery_msg/local_setup.zsh
[3.200s] -- Installing: /home/jr-machine/ros2_ws_battery/install/battery_msg/share/battery_msg/local_setup.dsv
[3.200s] -- Installing: /home/jr-machine/ros2_ws_battery/install/battery_msg/share/battery_msg/package.dsv
[3.201s] -- Installing: /home/jr-machine/ros2_ws_battery/install/battery_msg/share/ament_index/resource_index/packages/battery_msg
[3.201s] -- Installing: /home/jr-machine/ros2_ws_battery/install/battery_msg/share/battery_msg/cmake/export_battery_msg__rosidl_generator_cExport.cmake
[3.201s] -- Installing: /home/jr-machine/ros2_ws_battery/install/battery_msg/share/battery_msg/cmake/export_battery_msg__rosidl_generator_cExport-noconfig.cmake
[3.201s] -- Installing: /home/jr-machine/ros2_ws_battery/install/battery_msg/share/battery_msg/cmake/export_battery_msg__rosidl_typesupport_fastrtps_cExport.cmake
[3.201s] -- Installing: /home/jr-machine/ros2_ws_battery/install/battery_msg/share/battery_msg/cmake/export_battery_msg__rosidl_typesupport_fastrtps_cExport-noconfig.cmake
[3.201s] -- Installing: /home/jr-machine/ros2_ws_battery/install/battery_msg/share/battery_msg/cmake/export_battery_msg__rosidl_generator_cppExport.cmake
[3.201s] -- Installing: /home/jr-machine/ros2_ws_battery/install/battery_msg/share/battery_msg/cmake/export_battery_msg__rosidl_typesupport_fastrtps_cppExport.cmake
[3.201s] -- Installing: /home/jr-machine/ros2_ws_battery/install/battery_msg/share/battery_msg/cmake/export_battery_msg__rosidl_typesupport_fastrtps_cppExport-noconfig.cmake
[3.201s] -- Installing: /home/jr-machine/ros2_ws_battery/install/battery_msg/share/battery_msg/cmake/battery_msg__rosidl_typesupport_introspection_cExport.cmake
[3.202s] -- Installing: /home/jr-machine/ros2_ws_battery/install/battery_msg/share/battery_msg/cmake/battery_msg__rosidl_typesupport_introspection_cExport-noconfig.cmake
[3.202s] -- Installing: /home/jr-machine/ros2_ws_battery/install/battery_msg/share/battery_msg/cmake/battery_msg__rosidl_typesupport_cExport.cmake
[3.202s] -- Installing: /home/jr-machine/ros2_ws_battery/install/battery_msg/share/battery_msg/cmake/battery_msg__rosidl_typesupport_cExport-noconfig.cmake
[3.202s] -- Installing: /home/jr-machine/ros2_ws_battery/install/battery_msg/share/battery_msg/cmake/battery_msg__rosidl_typesupport_introspection_cppExport.cmake
[3.202s] -- Installing: /home/jr-machine/ros2_ws_battery/install/battery_msg/share/battery_msg/cmake/battery_msg__rosidl_typesupport_introspection_cppExport-noconfig.cmake
[3.202s] -- Installing: /home/jr-machine/ros2_ws_battery/install/battery_msg/share/battery_msg/cmake/battery_msg__rosidl_typesupport_cppExport.cmake
[3.202s] -- Installing: /home/jr-machine/ros2_ws_battery/install/battery_msg/share/battery_msg/cmake/battery_msg__rosidl_typesupport_cppExport-noconfig.cmake
[3.202s] -- Installing: /home/jr-machine/ros2_ws_battery/install/battery_msg/share/battery_msg/cmake/export_battery_msg__rosidl_generator_pyExport.cmake
[3.202s] -- Installing: /home/jr-machine/ros2_ws_battery/install/battery_msg/share/battery_msg/cmake/export_battery_msg__rosidl_generator_pyExport-noconfig.cmake
[3.202s] -- Installing: /home/jr-machine/ros2_ws_battery/install/battery_msg/share/battery_msg/cmake/rosidl_cmake-extras.cmake
[3.203s] -- Installing: /home/jr-machine/ros2_ws_battery/install/battery_msg/share/battery_msg/cmake/ament_cmake_export_dependencies-extras.cmake
[3.203s] -- Installing: /home/jr-machine/ros2_ws_battery/install/battery_msg/share/battery_msg/cmake/ament_cmake_export_include_directories-extras.cmake
[3.203s] -- Installing: /home/jr-machine/ros2_ws_battery/install/battery_msg/share/battery_msg/cmake/ament_cmake_export_libraries-extras.cmake
[3.203s] -- Installing: /home/jr-machine/ros2_ws_battery/install/battery_msg/share/battery_msg/cmake/ament_cmake_export_targets-extras.cmake
[3.203s] -- Installing: /home/jr-machine/ros2_ws_battery/install/battery_msg/share/battery_msg/cmake/rosidl_cmake_export_typesupport_targets-extras.cmake
[3.203s] -- Installing: /home/jr-machine/ros2_ws_battery/install/battery_msg/share/battery_msg/cmake/rosidl_cmake_export_typesupport_libraries-extras.cmake
[3.203s] -- Installing: /home/jr-machine/ros2_ws_battery/install/battery_msg/share/battery_msg/cmake/battery_msgConfig.cmake
[3.203s] -- Installing: /home/jr-machine/ros2_ws_battery/install/battery_msg/share/battery_msg/cmake/battery_msgConfig-version.cmake
[3.203s] -- Installing: /home/jr-machine/ros2_ws_battery/install/battery_msg/share/battery_msg/package.xml
[3.206s] Invoked command in '/home/jr-machine/ros2_ws_battery/build/battery_msg' returned '0': CMAKE_PREFIX_PATH=/home/jr-machine/ros2_ws/install/my_py_pkg:/home/jr-machine/ros2_ws_nodes/install/new_py_pkg:/opt/ros/humble /usr/bin/cmake --install /home/jr-machine/ros2_ws_battery/build/battery_msg
