[0.511s] Invoking command in '/home/jr-machine/ros2_ws_battery/src/battery_monitor': PYTHONPATH=/home/jr-machine/ros2_ws_battery/build/battery_monitor/prefix_override:/usr/lib/python3/dist-packages/colcon_core/task/python/colcon_distutils_commands:/home/jr-machine/ros2_ws_battery/install/battery_monitor/lib/python3.10/site-packages:${PYTHONPATH} /usr/bin/python3 -W ignore:setup.py install is deprecated -W ignore:easy_install command is deprecated setup.py egg_info --egg-base ../../build/battery_monitor build --build-base /home/jr-machine/ros2_ws_battery/build/battery_monitor/build install --record /home/jr-machine/ros2_ws_battery/build/battery_monitor/install.log --single-version-externally-managed install_data
[0.717s] running egg_info
[0.717s] writing ../../build/battery_monitor/battery_monitor.egg-info/PKG-INFO
[0.718s] writing dependency_links to ../../build/battery_monitor/battery_monitor.egg-info/dependency_links.txt
[0.718s] writing entry points to ../../build/battery_monitor/battery_monitor.egg-info/entry_points.txt
[0.718s] writing requirements to ../../build/battery_monitor/battery_monitor.egg-info/requires.txt
[0.718s] writing top-level names to ../../build/battery_monitor/battery_monitor.egg-info/top_level.txt
[0.719s] reading manifest file '../../build/battery_monitor/battery_monitor.egg-info/SOURCES.txt'
[0.720s] writing manifest file '../../build/battery_monitor/battery_monitor.egg-info/SOURCES.txt'
[0.720s] running build
[0.721s] running build_py
[0.721s] copying battery_monitor/battery_subscriber.py -> /home/jr-machine/ros2_ws_battery/build/battery_monitor/build/lib/battery_monitor
[0.721s] running install
[0.721s] running install_lib
[0.722s] copying /home/jr-machine/ros2_ws_battery/build/battery_monitor/build/lib/battery_monitor/battery_subscriber.py -> /home/jr-machine/ros2_ws_battery/install/battery_monitor/lib/python3.10/site-packages/battery_monitor
[0.722s] byte-compiling /home/jr-machine/ros2_ws_battery/install/battery_monitor/lib/python3.10/site-packages/battery_monitor/battery_subscriber.py to battery_subscriber.cpython-310.pyc
[0.722s] Sorry: TabError: inconsistent use of tabs and spaces in indentation (battery_subscriber.py, line 21)
[0.722s] running install_data
[0.723s] running install_egg_info
[0.725s] removing '/home/jr-machine/ros2_ws_battery/install/battery_monitor/lib/python3.10/site-packages/battery_monitor-0.0.0-py3.10.egg-info' (and everything under it)
[0.725s] Copying ../../build/battery_monitor/battery_monitor.egg-info to /home/jr-machine/ros2_ws_battery/install/battery_monitor/lib/python3.10/site-packages/battery_monitor-0.0.0-py3.10.egg-info
[0.726s] running install_scripts
[0.742s] Installing battery_publisher script to /home/jr-machine/ros2_ws_battery/install/battery_monitor/lib/battery_monitor
[0.743s] Installing battery_subscriber script to /home/jr-machine/ros2_ws_battery/install/battery_monitor/lib/battery_monitor
[0.743s] writing list of installed files to '/home/jr-machine/ros2_ws_battery/build/battery_monitor/install.log'
[0.767s] Invoked command in '/home/jr-machine/ros2_ws_battery/src/battery_monitor' returned '0': PYTHONPATH=/home/jr-machine/ros2_ws_battery/build/battery_monitor/prefix_override:/usr/lib/python3/dist-packages/colcon_core/task/python/colcon_distutils_commands:/home/jr-machine/ros2_ws_battery/install/battery_monitor/lib/python3.10/site-packages:${PYTHONPATH} /usr/bin/python3 -W ignore:setup.py install is deprecated -W ignore:easy_install command is deprecated setup.py egg_info --egg-base ../../build/battery_monitor build --build-base /home/jr-machine/ros2_ws_battery/build/battery_monitor/build install --record /home/jr-machine/ros2_ws_battery/build/battery_monitor/install.log --single-version-externally-managed install_data
