[0.572s] Invoking command in '/home/jr-machine/ros2_ws_battery/src/battery_monitor': PYTHONPATH=/home/jr-machine/ros2_ws_battery/build/battery_monitor/prefix_override:/usr/lib/python3/dist-packages/colcon_core/task/python/colcon_distutils_commands:/home/jr-machine/ros2_ws_battery/install/battery_monitor/lib/python3.10/site-packages:${PYTHONPATH} /usr/bin/python3 -W ignore:setup.py install is deprecated -W ignore:easy_install command is deprecated setup.py egg_info --egg-base ../../build/battery_monitor build --build-base /home/jr-machine/ros2_ws_battery/build/battery_monitor/build install --record /home/jr-machine/ros2_ws_battery/build/battery_monitor/install.log --single-version-externally-managed install_data
[0.803s] running egg_info
[0.804s] writing ../../build/battery_monitor/battery_monitor.egg-info/PKG-INFO
[0.804s] writing dependency_links to ../../build/battery_monitor/battery_monitor.egg-info/dependency_links.txt
[0.804s] writing entry points to ../../build/battery_monitor/battery_monitor.egg-info/entry_points.txt
[0.805s] writing requirements to ../../build/battery_monitor/battery_monitor.egg-info/requires.txt
[0.805s] writing top-level names to ../../build/battery_monitor/battery_monitor.egg-info/top_level.txt
[0.806s] reading manifest file '../../build/battery_monitor/battery_monitor.egg-info/SOURCES.txt'
[0.807s] writing manifest file '../../build/battery_monitor/battery_monitor.egg-info/SOURCES.txt'
[0.807s] running build
[0.807s] running build_py
[0.807s] copying battery_monitor/battery_publisher.py -> /home/jr-machine/ros2_ws_battery/build/battery_monitor/build/lib/battery_monitor
[0.808s] running install
[0.808s] running install_lib
[0.809s] copying /home/jr-machine/ros2_ws_battery/build/battery_monitor/build/lib/battery_monitor/battery_publisher.py -> /home/jr-machine/ros2_ws_battery/install/battery_monitor/lib/python3.10/site-packages/battery_monitor
[0.809s] byte-compiling /home/jr-machine/ros2_ws_battery/install/battery_monitor/lib/python3.10/site-packages/battery_monitor/battery_publisher.py to battery_publisher.cpython-310.pyc
[0.810s] running install_data
[0.810s] running install_egg_info
[0.812s] removing '/home/jr-machine/ros2_ws_battery/install/battery_monitor/lib/python3.10/site-packages/battery_monitor-0.0.0-py3.10.egg-info' (and everything under it)
[0.812s] Copying ../../build/battery_monitor/battery_monitor.egg-info to /home/jr-machine/ros2_ws_battery/install/battery_monitor/lib/python3.10/site-packages/battery_monitor-0.0.0-py3.10.egg-info
[0.813s] running install_scripts
[0.832s] Installing battery_publisher script to /home/jr-machine/ros2_ws_battery/install/battery_monitor/lib/battery_monitor
[0.832s] Installing battery_subscriber script to /home/jr-machine/ros2_ws_battery/install/battery_monitor/lib/battery_monitor
[0.832s] writing list of installed files to '/home/jr-machine/ros2_ws_battery/build/battery_monitor/install.log'
[0.858s] Invoked command in '/home/jr-machine/ros2_ws_battery/src/battery_monitor' returned '0': PYTHONPATH=/home/jr-machine/ros2_ws_battery/build/battery_monitor/prefix_override:/usr/lib/python3/dist-packages/colcon_core/task/python/colcon_distutils_commands:/home/jr-machine/ros2_ws_battery/install/battery_monitor/lib/python3.10/site-packages:${PYTHONPATH} /usr/bin/python3 -W ignore:setup.py install is deprecated -W ignore:easy_install command is deprecated setup.py egg_info --egg-base ../../build/battery_monitor build --build-base /home/jr-machine/ros2_ws_battery/build/battery_monitor/build install --record /home/jr-machine/ros2_ws_battery/build/battery_monitor/install.log --single-version-externally-managed install_data
